{"type":"operationStart","subtype":"profile","data":{"_id":"e1rPItry459r1ml4","timestamp":"2024-01-15T19:39:37.346Z","state":"queued","mode":"standard","creationDate":"2024-01-15T19:39:37.347Z","modificationDate":"2024-01-15T19:39:37.347Z","shortid":"FSHznRK","$entitySet":"profiles"},"doDiffs":false,"timestamp":1705347577346,"id":"mbeh1ghxyvbm505","previousOperationId":null,"operationId":"nu1828dv6w6yyh2"}
{"type":"log","level":"info","message":"Render request 6 queued for execution and waiting for available worker","previousOperationId":"nu1828dv6w6yyh2","timestamp":1705347577346,"id":"y1xx1x4sn8c3nw2"}
{"type":"operationStart","subtype":"render","name":"mitca","previousOperationId":"nu1828dv6w6yyh2","timestamp":1705347577352,"id":"dzgi1em3m8avvgc","previousEventId":"mbeh1ghxyvbm505","operationId":"ke0ssjo3qum39bx"}
{"type":"log","timestamp":1705347577352,"level":"info","message":"Starting rendering request 6","meta":{"rootId":"038ctpe31ojuqmq","id":"038ctpe31ojuqmq"},"id":"0iw2sv0gp851w0s","previousOperationId":"ke0ssjo3qum39bx"}
{"type":"log","timestamp":1705347577352,"level":"info","message":"Rendering template { name: mitca, recipe: chrome-pdf, engine: handlebars, preview: true }","meta":{"rootId":"038ctpe31ojuqmq","id":"038ctpe31ojuqmq"},"id":"d182f9830fkwt4k","previousOperationId":"ke0ssjo3qum39bx"}
{"type":"log","timestamp":1705347577353,"level":"debug","message":"Data item not defined for this template.","meta":{"rootId":"038ctpe31ojuqmq","id":"038ctpe31ojuqmq"},"id":"taeuolz0ax5okq9","previousOperationId":"ke0ssjo3qum39bx"}
{"type":"log","timestamp":1705347577354,"level":"debug","message":"Base url not specified, skipping its injection.","meta":{"rootId":"038ctpe31ojuqmq","id":"038ctpe31ojuqmq"},"id":"iwas4jlozuiil3d","previousOperationId":"ke0ssjo3qum39bx"}
{"type":"operationStart","subtype":"engine","name":"handlebars","timestamp":1705347577354,"id":"knben47c9ov2phs","previousEventId":"dzgi1em3m8avvgc","operationId":"jyzkw3cczkyo940","previousOperationId":"ke0ssjo3qum39bx"}
{"type":"log","timestamp":1705347577354,"level":"debug","message":"Rendering engine handlebars","meta":{"rootId":"038ctpe31ojuqmq","id":"038ctpe31ojuqmq"},"id":"x6j7xjhpimw8l55","previousOperationId":"jyzkw3cczkyo940"}
{"type":"operationEnd","operationId":"jyzkw3cczkyo940","timestamp":1705347577369,"id":"c88ax3n2cg09jii","previousEventId":"knben47c9ov2phs","previousOperationId":"jyzkw3cczkyo940"}
{"type":"operationStart","subtype":"recipe","name":"chrome-pdf","timestamp":1705347577369,"id":"dkfn6ukcg5m4s6f","previousEventId":"c88ax3n2cg09jii","operationId":"mpdr4nkb9mw86fj","previousOperationId":"jyzkw3cczkyo940"}
{"type":"log","timestamp":1705347577369,"level":"debug","message":"Executing recipe chrome-pdf","meta":{"rootId":"038ctpe31ojuqmq","id":"038ctpe31ojuqmq"},"id":"0cf0inojwmhei5y","previousOperationId":"mpdr4nkb9mw86fj"}
{"type":"log","timestamp":1705347577370,"level":"debug","message":"Converting with chrome HeadlessChrome/117.0.5938.149 using chrome-pool strategy","meta":{"rootId":"038ctpe31ojuqmq","id":"038ctpe31ojuqmq"},"id":"qsaogofybj5zd5p","previousOperationId":"mpdr4nkb9mw86fj"}
{"type":"log","timestamp":1705347577428,"level":"debug","message":"Page request: GET (document) file:///var/folders/tp/6hccbwhd41s4hkmxw_2wkz640000gn/T/jsreport/autocleanup/f9a3a30a-5b3a-45e0-8222-e9fac84cea1c-chrome-pdf.html","meta":{"rootId":"038ctpe31ojuqmq","id":"038ctpe31ojuqmq"},"id":"kz94jh3e7petu22","previousOperationId":"mpdr4nkb9mw86fj"}
{"type":"log","timestamp":1705347577433,"level":"debug","message":"Page request: GET (stylesheet) https://cdnjs.cloudflare.com/ajax/libs/metro/4.1.5/css/metro.min.css","meta":{"rootId":"038ctpe31ojuqmq","id":"038ctpe31ojuqmq"},"id":"nlra19u2t7dl995","previousOperationId":"mpdr4nkb9mw86fj"}
{"type":"log","timestamp":1705347577433,"level":"debug","message":"Page request: GET (script) https://cdnjs.cloudflare.com/ajax/libs/Chart.js/2.7.2/Chart.min.js","meta":{"rootId":"038ctpe31ojuqmq","id":"038ctpe31ojuqmq"},"id":"0o82156ly0g5sdt","previousOperationId":"mpdr4nkb9mw86fj"}
{"type":"log","timestamp":1705347577433,"level":"debug","message":"Page request finished: GET (document) 200 file:///var/folders/tp/6hccbwhd41s4hkmxw_2wkz640000gn/T/jsreport/autocleanup/f9a3a30a-5b3a-45e0-8222-e9fac84cea1c-chrome-pdf.html","meta":{"rootId":"038ctpe31ojuqmq","id":"038ctpe31ojuqmq"},"id":"apyl3esmher1xv4","previousOperationId":"mpdr4nkb9mw86fj"}
{"type":"log","timestamp":1705347577436,"level":"debug","message":"Page request finished: GET (script) 200 https://cdnjs.cloudflare.com/ajax/libs/Chart.js/2.7.2/Chart.min.js","meta":{"rootId":"038ctpe31ojuqmq","id":"038ctpe31ojuqmq"},"id":"80hinlgror1lix3","previousOperationId":"mpdr4nkb9mw86fj"}
{"type":"log","timestamp":1705347577442,"level":"debug","message":"Page request finished: GET (stylesheet) 200 https://cdnjs.cloudflare.com/ajax/libs/metro/4.1.5/css/metro.min.css","meta":{"rootId":"038ctpe31ojuqmq","id":"038ctpe31ojuqmq"},"id":"17l6lngkwmaluje","previousOperationId":"mpdr4nkb9mw86fj"}
{"type":"log","timestamp":1705347577446,"level":"debug","message":"Running chrome with params {\"printBackground\":true,\"timeout\":59977,\"margin\":{}}","meta":{"rootId":"038ctpe31ojuqmq","id":"038ctpe31ojuqmq"},"id":"m01nfic054j2nkz","previousOperationId":"mpdr4nkb9mw86fj"}
{"type":"operationEnd","operationId":"mpdr4nkb9mw86fj","timestamp":1705347577454,"id":"dqipbh3nxog6i90","previousEventId":"dkfn6ukcg5m4s6f","previousOperationId":"mpdr4nkb9mw86fj"}
{"type":"log","timestamp":1705347577454,"level":"debug","message":"Skipping storing report.","meta":{"rootId":"038ctpe31ojuqmq","id":"038ctpe31ojuqmq"},"id":"g14gmw6ziiqsmsa","previousOperationId":"mpdr4nkb9mw86fj"}
{"type":"log","timestamp":1705347577454,"level":"info","message":"Rendering request 6 finished in 108 ms","meta":{"rootId":"038ctpe31ojuqmq","id":"038ctpe31ojuqmq"},"id":"xfgkd3sqtoauhm6","previousOperationId":"mpdr4nkb9mw86fj"}
{"type":"operationEnd","subtype":"render","operationId":"ke0ssjo3qum39bx","timestamp":1705347577454,"id":"pdsw0yoph2icsbj","previousEventId":"dqipbh3nxog6i90","previousOperationId":"mpdr4nkb9mw86fj"}
{"type":"operationEnd","doDiffs":false,"previousEventId":"mbeh1ghxyvbm505","previousOperationId":"nu1828dv6w6yyh2","operationId":"nu1828dv6w6yyh2","timestamp":1705347577456,"id":"9piju2t4z1wl0tw"}
