{"type":"operationStart","subtype":"profile","data":{"_id":"nM4h7YTDOKLYZGMj","timestamp":"2024-01-15T20:01:03.404Z","state":"queued","mode":"standard","creationDate":"2024-01-15T20:01:03.406Z","modificationDate":"2024-01-15T20:01:03.406Z","shortid":"1Vud7a1","$entitySet":"profiles"},"doDiffs":false,"timestamp":1705348863404,"id":"3vybc7d8gom9734","previousOperationId":null,"operationId":"7q15iktqli447pz"}
{"type":"log","level":"info","message":"Render request 29 queued for execution and waiting for available worker","previousOperationId":"7q15iktqli447pz","timestamp":1705348863404,"id":"kps92x8uitlvrh5"}
{"type":"operationStart","subtype":"render","name":"mitca","previousOperationId":"7q15iktqli447pz","timestamp":1705348863412,"id":"2d22nynyft68x8g","previousEventId":"3vybc7d8gom9734","operationId":"4xthg793woy6wsp"}
{"type":"log","timestamp":1705348863412,"level":"info","message":"Starting rendering request 29","meta":{"rootId":"0tntyerri6i2cjl","id":"0tntyerri6i2cjl"},"id":"2f5dcl5t8fpvau7","previousOperationId":"4xthg793woy6wsp"}
{"type":"log","timestamp":1705348863412,"level":"info","message":"Rendering template { name: mitca, recipe: chrome-pdf, engine: handlebars, preview: true }","meta":{"rootId":"0tntyerri6i2cjl","id":"0tntyerri6i2cjl"},"id":"yp6cvg3ganjzhy0","previousOperationId":"4xthg793woy6wsp"}
{"type":"log","timestamp":1705348863413,"level":"debug","message":"Data item not defined for this template.","meta":{"rootId":"0tntyerri6i2cjl","id":"0tntyerri6i2cjl"},"id":"6hol1hcchf83sn9","previousOperationId":"4xthg793woy6wsp"}
{"type":"log","timestamp":1705348863414,"level":"debug","message":"Base url not specified, skipping its injection.","meta":{"rootId":"0tntyerri6i2cjl","id":"0tntyerri6i2cjl"},"id":"uipl76a7ps9tnyl","previousOperationId":"4xthg793woy6wsp"}
{"type":"operationStart","subtype":"engine","name":"handlebars","timestamp":1705348863414,"id":"4jkkonqn4aq1ygg","previousEventId":"2d22nynyft68x8g","operationId":"m7kvba86z0eex12","previousOperationId":"4xthg793woy6wsp"}
{"type":"log","timestamp":1705348863414,"level":"debug","message":"Rendering engine handlebars","meta":{"rootId":"0tntyerri6i2cjl","id":"0tntyerri6i2cjl"},"id":"mp8f6aj2xp2b7xo","previousOperationId":"m7kvba86z0eex12"}
{"type":"operationEnd","operationId":"m7kvba86z0eex12","timestamp":1705348863427,"id":"ind6jjyj5pn84ck","previousEventId":"4jkkonqn4aq1ygg","previousOperationId":"m7kvba86z0eex12"}
{"type":"operationStart","subtype":"recipe","name":"chrome-pdf","timestamp":1705348863427,"id":"hinql4o52y7jygz","previousEventId":"ind6jjyj5pn84ck","operationId":"7n0c36j83p8w630","previousOperationId":"m7kvba86z0eex12"}
{"type":"log","timestamp":1705348863427,"level":"debug","message":"Executing recipe chrome-pdf","meta":{"rootId":"0tntyerri6i2cjl","id":"0tntyerri6i2cjl"},"id":"dmuieqparku2ofv","previousOperationId":"7n0c36j83p8w630"}
{"type":"log","timestamp":1705348863429,"level":"debug","message":"Converting with chrome HeadlessChrome/117.0.5938.149 using chrome-pool strategy","meta":{"rootId":"0tntyerri6i2cjl","id":"0tntyerri6i2cjl"},"id":"1m3kz3dvbuwpo7q","previousOperationId":"7n0c36j83p8w630"}
{"type":"log","timestamp":1705348863490,"level":"debug","message":"Page request: GET (document) file:///var/folders/tp/6hccbwhd41s4hkmxw_2wkz640000gn/T/jsreport/autocleanup/a0a10f1e-ec9d-4db4-b862-267eea34b2a6-chrome-pdf.html","meta":{"rootId":"0tntyerri6i2cjl","id":"0tntyerri6i2cjl"},"id":"17xvtld4zomw4bg","previousOperationId":"7n0c36j83p8w630"}
{"type":"log","timestamp":1705348863496,"level":"debug","message":"Page request: GET (stylesheet) https://cdnjs.cloudflare.com/ajax/libs/metro/4.1.5/css/metro.min.css","meta":{"rootId":"0tntyerri6i2cjl","id":"0tntyerri6i2cjl"},"id":"xciiynt1rvghmd4","previousOperationId":"7n0c36j83p8w630"}
{"type":"log","timestamp":1705348863496,"level":"debug","message":"Page request: GET (script) https://cdnjs.cloudflare.com/ajax/libs/Chart.js/2.7.2/Chart.min.js","meta":{"rootId":"0tntyerri6i2cjl","id":"0tntyerri6i2cjl"},"id":"x1hvq0gxwilnhq6","previousOperationId":"7n0c36j83p8w630"}
{"type":"log","timestamp":1705348863496,"level":"debug","message":"Page request finished: GET (document) 200 file:///var/folders/tp/6hccbwhd41s4hkmxw_2wkz640000gn/T/jsreport/autocleanup/a0a10f1e-ec9d-4db4-b862-267eea34b2a6-chrome-pdf.html","meta":{"rootId":"0tntyerri6i2cjl","id":"0tntyerri6i2cjl"},"id":"5brjquk01ahpi0c","previousOperationId":"7n0c36j83p8w630"}
{"type":"log","timestamp":1705348863499,"level":"debug","message":"Page request finished: GET (script) 200 https://cdnjs.cloudflare.com/ajax/libs/Chart.js/2.7.2/Chart.min.js","meta":{"rootId":"0tntyerri6i2cjl","id":"0tntyerri6i2cjl"},"id":"oevlmypksmnn33v","previousOperationId":"7n0c36j83p8w630"}
{"type":"log","timestamp":1705348863504,"level":"debug","message":"Page request finished: GET (stylesheet) 200 https://cdnjs.cloudflare.com/ajax/libs/metro/4.1.5/css/metro.min.css","meta":{"rootId":"0tntyerri6i2cjl","id":"0tntyerri6i2cjl"},"id":"6wbe1lofxofhbqa","previousOperationId":"7n0c36j83p8w630"}
{"type":"log","timestamp":1705348863509,"level":"debug","message":"Running chrome with params {\"printBackground\":true,\"timeout\":59975,\"margin\":{}}","meta":{"rootId":"0tntyerri6i2cjl","id":"0tntyerri6i2cjl"},"id":"ok9avbjcfxfgx9v","previousOperationId":"7n0c36j83p8w630"}
{"type":"operationEnd","operationId":"7n0c36j83p8w630","timestamp":1705348863517,"id":"j7ni32n5gwdo7t3","previousEventId":"hinql4o52y7jygz","previousOperationId":"7n0c36j83p8w630"}
{"type":"log","timestamp":1705348863517,"level":"debug","message":"Skipping storing report.","meta":{"rootId":"0tntyerri6i2cjl","id":"0tntyerri6i2cjl"},"id":"l2w13dhnr7c0kfe","previousOperationId":"7n0c36j83p8w630"}
{"type":"log","timestamp":1705348863517,"level":"info","message":"Rendering request 29 finished in 114 ms","meta":{"rootId":"0tntyerri6i2cjl","id":"0tntyerri6i2cjl"},"id":"h3x3n794zc7t5ik","previousOperationId":"7n0c36j83p8w630"}
{"type":"operationEnd","subtype":"render","operationId":"4xthg793woy6wsp","timestamp":1705348863517,"id":"zhv9v3c04dbs3pw","previousEventId":"j7ni32n5gwdo7t3","previousOperationId":"7n0c36j83p8w630"}
{"type":"operationEnd","doDiffs":false,"previousEventId":"3vybc7d8gom9734","previousOperationId":"7q15iktqli447pz","operationId":"7q15iktqli447pz","timestamp":1705348863519,"id":"wupfet99uiaqqv5"}
