{"type":"operationStart","subtype":"profile","data":{"_id":"j1n2srR5OwB3RkN2","timestamp":"2024-01-15T19:34:35.971Z","state":"queued","mode":"standard","creationDate":"2024-01-15T19:34:35.976Z","modificationDate":"2024-01-15T19:34:35.976Z","shortid":"wmioZk_","$entitySet":"profiles"},"doDiffs":false,"timestamp":1705347275973,"id":"lfo8dcp1wldtuyj","previousOperationId":null,"operationId":"r2k5jenhztxexou"}
{"type":"log","level":"info","message":"Render request 1 queued for execution and waiting for available worker","previousOperationId":"r2k5jenhztxexou","timestamp":1705347275974,"id":"rg0vdqtrd5wc7ja"}
{"type":"operationStart","subtype":"render","name":"mitca","previousOperationId":"r2k5jenhztxexou","timestamp":1705347275992,"id":"tohz3qvwc1a473z","previousEventId":"lfo8dcp1wldtuyj","operationId":"pfgat80own9wj1z"}
{"type":"log","timestamp":1705347275993,"level":"info","message":"Starting rendering request 1","meta":{"rootId":"1768t1fmyvhlkur","id":"1768t1fmyvhlkur"},"id":"fzbh03ppao7ncra","previousOperationId":"pfgat80own9wj1z"}
{"type":"log","timestamp":1705347275994,"level":"info","message":"Rendering template { name: mitca, recipe: chrome-pdf, engine: handlebars, preview: true }","meta":{"rootId":"1768t1fmyvhlkur","id":"1768t1fmyvhlkur"},"id":"kg1vzh0zr3id43o","previousOperationId":"pfgat80own9wj1z"}
{"type":"log","timestamp":1705347275995,"level":"debug","message":"Data item not defined for this template.","meta":{"rootId":"1768t1fmyvhlkur","id":"1768t1fmyvhlkur"},"id":"q5llzx1aj1dy9cs","previousOperationId":"pfgat80own9wj1z"}
{"type":"log","timestamp":1705347275997,"level":"debug","message":"Base url not specified, skipping its injection.","meta":{"rootId":"1768t1fmyvhlkur","id":"1768t1fmyvhlkur"},"id":"eosqax4d4kzs0af","previousOperationId":"pfgat80own9wj1z"}
{"type":"operationStart","subtype":"engine","name":"handlebars","timestamp":1705347275998,"id":"kreah2x3l5y8tc8","previousEventId":"tohz3qvwc1a473z","operationId":"frsjarzxu1mi0ao","previousOperationId":"pfgat80own9wj1z"}
{"type":"log","timestamp":1705347275998,"level":"debug","message":"Rendering engine handlebars","meta":{"rootId":"1768t1fmyvhlkur","id":"1768t1fmyvhlkur"},"id":"7hu3bb04sm44pze","previousOperationId":"frsjarzxu1mi0ao"}
{"type":"operationEnd","operationId":"frsjarzxu1mi0ao","timestamp":1705347276286,"id":"mn7vk7l8c330bao","previousEventId":"kreah2x3l5y8tc8","previousOperationId":"frsjarzxu1mi0ao"}
{"type":"operationStart","subtype":"recipe","name":"chrome-pdf","timestamp":1705347276286,"id":"j02vz6lzuiux72q","previousEventId":"mn7vk7l8c330bao","operationId":"gws48amib62xf6i","previousOperationId":"frsjarzxu1mi0ao"}
{"type":"log","timestamp":1705347276286,"level":"debug","message":"Executing recipe chrome-pdf","meta":{"rootId":"1768t1fmyvhlkur","id":"1768t1fmyvhlkur"},"id":"cp34dgzq0rln4hs","previousOperationId":"gws48amib62xf6i"}
{"type":"log","timestamp":1705347277280,"level":"debug","message":"Converting with chrome HeadlessChrome/117.0.5938.149 using chrome-pool strategy","meta":{"rootId":"1768t1fmyvhlkur","id":"1768t1fmyvhlkur"},"id":"clfwpqnvhyx37dk","previousOperationId":"gws48amib62xf6i"}
{"type":"log","timestamp":1705347277354,"level":"debug","message":"Page request: GET (document) file:///var/folders/tp/6hccbwhd41s4hkmxw_2wkz640000gn/T/jsreport/autocleanup/5aa66b84-1c1f-4fa3-9130-06056f85bc92-chrome-pdf.html","meta":{"rootId":"1768t1fmyvhlkur","id":"1768t1fmyvhlkur"},"id":"oa46btec336p74g","previousOperationId":"gws48amib62xf6i"}
{"type":"log","timestamp":1705347277369,"level":"debug","message":"Page request: GET (stylesheet) https://cdnjs.cloudflare.com/ajax/libs/metro/4.1.5/css/metro.min.css","meta":{"rootId":"1768t1fmyvhlkur","id":"1768t1fmyvhlkur"},"id":"bbketjjc0korw35","previousOperationId":"gws48amib62xf6i"}
{"type":"log","timestamp":1705347277369,"level":"debug","message":"Page request: GET (script) https://cdnjs.cloudflare.com/ajax/libs/Chart.js/2.7.2/Chart.min.js","meta":{"rootId":"1768t1fmyvhlkur","id":"1768t1fmyvhlkur"},"id":"bb5k4jof6mexovx","previousOperationId":"gws48amib62xf6i"}
{"type":"log","timestamp":1705347277370,"level":"debug","message":"Page request finished: GET (document) 200 file:///var/folders/tp/6hccbwhd41s4hkmxw_2wkz640000gn/T/jsreport/autocleanup/5aa66b84-1c1f-4fa3-9130-06056f85bc92-chrome-pdf.html","meta":{"rootId":"1768t1fmyvhlkur","id":"1768t1fmyvhlkur"},"id":"869wspoe28ibiqf","previousOperationId":"gws48amib62xf6i"}
{"type":"log","timestamp":1705347277714,"level":"debug","message":"Page request finished: GET (stylesheet) 200 https://cdnjs.cloudflare.com/ajax/libs/metro/4.1.5/css/metro.min.css","meta":{"rootId":"1768t1fmyvhlkur","id":"1768t1fmyvhlkur"},"id":"39xcrchryr63t1s","previousOperationId":"gws48amib62xf6i"}
{"type":"log","timestamp":1705347277720,"level":"debug","message":"Page request finished: GET (script) 200 https://cdnjs.cloudflare.com/ajax/libs/Chart.js/2.7.2/Chart.min.js","meta":{"rootId":"1768t1fmyvhlkur","id":"1768t1fmyvhlkur"},"id":"ik1ddrvi95hmsm4","previousOperationId":"gws48amib62xf6i"}
{"type":"log","timestamp":1705347277740,"level":"debug","message":"Running chrome with params {\"printBackground\":true,\"timeout\":59494,\"margin\":{}}","meta":{"rootId":"1768t1fmyvhlkur","id":"1768t1fmyvhlkur"},"id":"ytedqw77io3j18q","previousOperationId":"gws48amib62xf6i"}
{"type":"operationEnd","operationId":"gws48amib62xf6i","timestamp":1705347277769,"id":"bd9lyg64zjc00r9","previousEventId":"j02vz6lzuiux72q","previousOperationId":"gws48amib62xf6i"}
{"type":"log","timestamp":1705347277769,"level":"debug","message":"Skipping storing report.","meta":{"rootId":"1768t1fmyvhlkur","id":"1768t1fmyvhlkur"},"id":"s33j3pp2zj2ohoj","previousOperationId":"gws48amib62xf6i"}
{"type":"log","timestamp":1705347277769,"level":"info","message":"Rendering request 1 finished in 1799 ms","meta":{"rootId":"1768t1fmyvhlkur","id":"1768t1fmyvhlkur"},"id":"rea5tq6tsqjal2z","previousOperationId":"gws48amib62xf6i"}
{"type":"operationEnd","subtype":"render","operationId":"pfgat80own9wj1z","timestamp":1705347277769,"id":"0ty5cuxgptcp0sz","previousEventId":"bd9lyg64zjc00r9","previousOperationId":"gws48amib62xf6i"}
{"type":"operationEnd","doDiffs":false,"previousEventId":"lfo8dcp1wldtuyj","previousOperationId":"r2k5jenhztxexou","operationId":"r2k5jenhztxexou","timestamp":1705347277772,"id":"do844lrepn9wysm"}
