{"type":"operationStart","subtype":"profile","data":{"_id":"xjm2oVuU06pj0Mun","timestamp":"2024-01-15T19:58:17.191Z","state":"queued","mode":"standard","creationDate":"2024-01-15T19:58:17.192Z","modificationDate":"2024-01-15T19:58:17.192Z","shortid":"SgwDwuy","$entitySet":"profiles"},"doDiffs":false,"timestamp":1705348697192,"id":"i4b5z35xiqr0bwl","previousOperationId":null,"operationId":"kzj90eg8ab4rx21"}
{"type":"log","level":"info","message":"Render request 25 queued for execution and waiting for available worker","previousOperationId":"kzj90eg8ab4rx21","timestamp":1705348697192,"id":"ixahzp47ydp2wqc"}
{"type":"operationStart","subtype":"render","name":"mitca","previousOperationId":"kzj90eg8ab4rx21","timestamp":1705348697200,"id":"7dfrptax9a1njuy","previousEventId":"i4b5z35xiqr0bwl","operationId":"6xhx8d155kcb608"}
{"type":"log","timestamp":1705348697200,"level":"info","message":"Starting rendering request 25","meta":{"rootId":"1hx0emumn74d91g","id":"1hx0emumn74d91g"},"id":"5k77w34y9akuo4t","previousOperationId":"6xhx8d155kcb608"}
{"type":"log","timestamp":1705348697200,"level":"info","message":"Rendering template { name: mitca, recipe: chrome-pdf, engine: handlebars, preview: true }","meta":{"rootId":"1hx0emumn74d91g","id":"1hx0emumn74d91g"},"id":"putjy1uco95r6be","previousOperationId":"6xhx8d155kcb608"}
{"type":"log","timestamp":1705348697201,"level":"debug","message":"Data item not defined for this template.","meta":{"rootId":"1hx0emumn74d91g","id":"1hx0emumn74d91g"},"id":"s5jn6mtawaf2urh","previousOperationId":"6xhx8d155kcb608"}
{"type":"log","timestamp":1705348697204,"level":"debug","message":"Base url not specified, skipping its injection.","meta":{"rootId":"1hx0emumn74d91g","id":"1hx0emumn74d91g"},"id":"mrsj9cjidsk1rof","previousOperationId":"6xhx8d155kcb608"}
{"type":"operationStart","subtype":"engine","name":"handlebars","timestamp":1705348697205,"id":"qp5e4bvjlvjhp1v","previousEventId":"7dfrptax9a1njuy","operationId":"wspg12y5g2hu0co","previousOperationId":"6xhx8d155kcb608"}
{"type":"log","timestamp":1705348697205,"level":"debug","message":"Rendering engine handlebars","meta":{"rootId":"1hx0emumn74d91g","id":"1hx0emumn74d91g"},"id":"t8szhck2zp85r9s","previousOperationId":"wspg12y5g2hu0co"}
{"type":"operationEnd","operationId":"wspg12y5g2hu0co","timestamp":1705348697214,"id":"nahqbpq2eipfs6v","previousEventId":"qp5e4bvjlvjhp1v","previousOperationId":"wspg12y5g2hu0co"}
{"type":"operationStart","subtype":"recipe","name":"chrome-pdf","timestamp":1705348697214,"id":"p8232kxjp2ap2xu","previousEventId":"nahqbpq2eipfs6v","operationId":"hzaqiwdubqv2ips","previousOperationId":"wspg12y5g2hu0co"}
{"type":"log","timestamp":1705348697214,"level":"debug","message":"Executing recipe chrome-pdf","meta":{"rootId":"1hx0emumn74d91g","id":"1hx0emumn74d91g"},"id":"nkt0ryqxg7tpo65","previousOperationId":"hzaqiwdubqv2ips"}
{"type":"log","timestamp":1705348697216,"level":"debug","message":"Converting with chrome HeadlessChrome/117.0.5938.149 using chrome-pool strategy","meta":{"rootId":"1hx0emumn74d91g","id":"1hx0emumn74d91g"},"id":"i4iouchqnx079cy","previousOperationId":"hzaqiwdubqv2ips"}
{"type":"log","timestamp":1705348697273,"level":"debug","message":"Page request: GET (document) file:///var/folders/tp/6hccbwhd41s4hkmxw_2wkz640000gn/T/jsreport/autocleanup/0fbe59a8-679d-4b62-8610-651886874a7b-chrome-pdf.html","meta":{"rootId":"1hx0emumn74d91g","id":"1hx0emumn74d91g"},"id":"codlk542h2mqkm6","previousOperationId":"hzaqiwdubqv2ips"}
{"type":"log","timestamp":1705348697278,"level":"debug","message":"Page request finished: GET (document) 200 file:///var/folders/tp/6hccbwhd41s4hkmxw_2wkz640000gn/T/jsreport/autocleanup/0fbe59a8-679d-4b62-8610-651886874a7b-chrome-pdf.html","meta":{"rootId":"1hx0emumn74d91g","id":"1hx0emumn74d91g"},"id":"pqyi82vu663hmpq","previousOperationId":"hzaqiwdubqv2ips"}
{"type":"log","timestamp":1705348697288,"level":"debug","message":"Running chrome with params {\"printBackground\":true,\"timeout\":59976,\"margin\":{}}","meta":{"rootId":"1hx0emumn74d91g","id":"1hx0emumn74d91g"},"id":"zi9hgmg2g7cso8y","previousOperationId":"hzaqiwdubqv2ips"}
{"type":"operationEnd","operationId":"hzaqiwdubqv2ips","timestamp":1705348697293,"id":"t7xle80cj5ue0de","previousEventId":"p8232kxjp2ap2xu","previousOperationId":"hzaqiwdubqv2ips"}
{"type":"log","timestamp":1705348697293,"level":"debug","message":"Skipping storing report.","meta":{"rootId":"1hx0emumn74d91g","id":"1hx0emumn74d91g"},"id":"m5ulzwagqf98f6n","previousOperationId":"hzaqiwdubqv2ips"}
{"type":"log","timestamp":1705348697294,"level":"info","message":"Rendering request 25 finished in 103 ms","meta":{"rootId":"1hx0emumn74d91g","id":"1hx0emumn74d91g"},"id":"joat6wvx2jzciuu","previousOperationId":"hzaqiwdubqv2ips"}
{"type":"operationEnd","subtype":"render","operationId":"6xhx8d155kcb608","timestamp":1705348697294,"id":"b9oa73es0bx3ydg","previousEventId":"t7xle80cj5ue0de","previousOperationId":"hzaqiwdubqv2ips"}
{"type":"operationEnd","doDiffs":false,"previousEventId":"i4b5z35xiqr0bwl","previousOperationId":"kzj90eg8ab4rx21","operationId":"kzj90eg8ab4rx21","timestamp":1705348697295,"id":"34zy3fl6pcx9y1y"}
