{"type":"operationStart","subtype":"profile","data":{"_id":"Q8dZVfx04rwBNoed","timestamp":"2024-01-15T19:45:21.149Z","state":"queued","mode":"standard","creationDate":"2024-01-15T19:45:21.151Z","modificationDate":"2024-01-15T19:45:21.151Z","shortid":"JhSFssM","$entitySet":"profiles"},"doDiffs":false,"timestamp":1705347921150,"id":"q36kyua919pk1oh","previousOperationId":null,"operationId":"jg0w8yimsb11s4y"}
{"type":"log","level":"info","message":"Render request 12 queued for execution and waiting for available worker","previousOperationId":"jg0w8yimsb11s4y","timestamp":1705347921150,"id":"g88gqs40dkab42t"}
{"type":"operationStart","subtype":"render","name":"mitca","previousOperationId":"jg0w8yimsb11s4y","timestamp":1705347921159,"id":"52189xulreo2y5g","previousEventId":"q36kyua919pk1oh","operationId":"tqbbky75sqpuadz"}
{"type":"log","timestamp":1705347921159,"level":"info","message":"Starting rendering request 12","meta":{"rootId":"1x59j2c4u7ald0c","id":"1x59j2c4u7ald0c"},"id":"mus3vwhtz4f0e7a","previousOperationId":"tqbbky75sqpuadz"}
{"type":"log","timestamp":1705347921160,"level":"info","message":"Rendering template { name: mitca, recipe: chrome-pdf, engine: handlebars, preview: true }","meta":{"rootId":"1x59j2c4u7ald0c","id":"1x59j2c4u7ald0c"},"id":"hr5qu3wd9p33gqv","previousOperationId":"tqbbky75sqpuadz"}
{"type":"log","timestamp":1705347921160,"level":"debug","message":"Data item not defined for this template.","meta":{"rootId":"1x59j2c4u7ald0c","id":"1x59j2c4u7ald0c"},"id":"douvpjjwo65zsrh","previousOperationId":"tqbbky75sqpuadz"}
{"type":"log","timestamp":1705347921162,"level":"debug","message":"Base url not specified, skipping its injection.","meta":{"rootId":"1x59j2c4u7ald0c","id":"1x59j2c4u7ald0c"},"id":"8x4j6vm221wlrz5","previousOperationId":"tqbbky75sqpuadz"}
{"type":"operationStart","subtype":"engine","name":"handlebars","timestamp":1705347921163,"id":"i2f07ae0q0v39t6","previousEventId":"52189xulreo2y5g","operationId":"3oi9wik20l3ii45","previousOperationId":"tqbbky75sqpuadz"}
{"type":"log","timestamp":1705347921163,"level":"debug","message":"Rendering engine handlebars","meta":{"rootId":"1x59j2c4u7ald0c","id":"1x59j2c4u7ald0c"},"id":"519f5lfp04tfrrn","previousOperationId":"3oi9wik20l3ii45"}
{"type":"operationEnd","operationId":"3oi9wik20l3ii45","timestamp":1705347921174,"id":"kgdnxhwweftwxt3","previousEventId":"i2f07ae0q0v39t6","previousOperationId":"3oi9wik20l3ii45"}
{"type":"operationStart","subtype":"recipe","name":"chrome-pdf","timestamp":1705347921174,"id":"lagdf8q1v5msyx9","previousEventId":"kgdnxhwweftwxt3","operationId":"b9xw4h4ja30edv6","previousOperationId":"3oi9wik20l3ii45"}
{"type":"log","timestamp":1705347921174,"level":"debug","message":"Executing recipe chrome-pdf","meta":{"rootId":"1x59j2c4u7ald0c","id":"1x59j2c4u7ald0c"},"id":"7set7rkpbrbg3b8","previousOperationId":"b9xw4h4ja30edv6"}
{"type":"log","timestamp":1705347921177,"level":"debug","message":"Converting with chrome HeadlessChrome/117.0.5938.149 using chrome-pool strategy","meta":{"rootId":"1x59j2c4u7ald0c","id":"1x59j2c4u7ald0c"},"id":"zkg3m5rt9t3avgw","previousOperationId":"b9xw4h4ja30edv6"}
{"type":"log","timestamp":1705347921241,"level":"debug","message":"Page request: GET (document) file:///var/folders/tp/6hccbwhd41s4hkmxw_2wkz640000gn/T/jsreport/autocleanup/f4554554-cf74-42d1-bcb2-499d894cadfd-chrome-pdf.html","meta":{"rootId":"1x59j2c4u7ald0c","id":"1x59j2c4u7ald0c"},"id":"w4xzpemlfo56wox","previousOperationId":"b9xw4h4ja30edv6"}
{"type":"log","timestamp":1705347921246,"level":"debug","message":"Page request: GET (stylesheet) https://cdnjs.cloudflare.com/ajax/libs/metro/4.1.5/css/metro.min.css","meta":{"rootId":"1x59j2c4u7ald0c","id":"1x59j2c4u7ald0c"},"id":"ndzdj0o1xsnxyqk","previousOperationId":"b9xw4h4ja30edv6"}
{"type":"log","timestamp":1705347921246,"level":"debug","message":"Page request: GET (script) https://cdnjs.cloudflare.com/ajax/libs/Chart.js/2.7.2/Chart.min.js","meta":{"rootId":"1x59j2c4u7ald0c","id":"1x59j2c4u7ald0c"},"id":"vuca4jomper53ri","previousOperationId":"b9xw4h4ja30edv6"}
{"type":"log","timestamp":1705347921246,"level":"debug","message":"Page request finished: GET (document) 200 file:///var/folders/tp/6hccbwhd41s4hkmxw_2wkz640000gn/T/jsreport/autocleanup/f4554554-cf74-42d1-bcb2-499d894cadfd-chrome-pdf.html","meta":{"rootId":"1x59j2c4u7ald0c","id":"1x59j2c4u7ald0c"},"id":"qju3xqbc6sg0lw4","previousOperationId":"b9xw4h4ja30edv6"}
{"type":"log","timestamp":1705347921254,"level":"debug","message":"Page request finished: GET (stylesheet) 200 https://cdnjs.cloudflare.com/ajax/libs/metro/4.1.5/css/metro.min.css","meta":{"rootId":"1x59j2c4u7ald0c","id":"1x59j2c4u7ald0c"},"id":"oi28vxc2g3hm5wb","previousOperationId":"b9xw4h4ja30edv6"}
{"type":"log","timestamp":1705347921254,"level":"debug","message":"Page request finished: GET (script) 200 https://cdnjs.cloudflare.com/ajax/libs/Chart.js/2.7.2/Chart.min.js","meta":{"rootId":"1x59j2c4u7ald0c","id":"1x59j2c4u7ald0c"},"id":"hhritil4u8y4yed","previousOperationId":"b9xw4h4ja30edv6"}
{"type":"log","timestamp":1705347921258,"level":"debug","message":"Running chrome with params {\"printBackground\":true,\"timeout\":59974,\"margin\":{}}","meta":{"rootId":"1x59j2c4u7ald0c","id":"1x59j2c4u7ald0c"},"id":"n4zve2rrpvz6zhr","previousOperationId":"b9xw4h4ja30edv6"}
{"type":"operationEnd","operationId":"b9xw4h4ja30edv6","timestamp":1705347921267,"id":"m49c54igt8e3ru9","previousEventId":"lagdf8q1v5msyx9","previousOperationId":"b9xw4h4ja30edv6"}
{"type":"log","timestamp":1705347921267,"level":"debug","message":"Skipping storing report.","meta":{"rootId":"1x59j2c4u7ald0c","id":"1x59j2c4u7ald0c"},"id":"lirkvl97nrz9mct","previousOperationId":"b9xw4h4ja30edv6"}
{"type":"log","timestamp":1705347921267,"level":"info","message":"Rendering request 12 finished in 118 ms","meta":{"rootId":"1x59j2c4u7ald0c","id":"1x59j2c4u7ald0c"},"id":"jq2prvhsd1eri0n","previousOperationId":"b9xw4h4ja30edv6"}
{"type":"operationEnd","subtype":"render","operationId":"tqbbky75sqpuadz","timestamp":1705347921267,"id":"kzfx702jxsxo59b","previousEventId":"m49c54igt8e3ru9","previousOperationId":"b9xw4h4ja30edv6"}
{"type":"operationEnd","doDiffs":false,"previousEventId":"q36kyua919pk1oh","previousOperationId":"jg0w8yimsb11s4y","operationId":"jg0w8yimsb11s4y","timestamp":1705347921269,"id":"81vg1o0ypugo8rx"}
