{"type":"operationStart","subtype":"profile","data":{"_id":"9XQ8ZS58zNC9JNjT","timestamp":"2024-01-15T19:38:12.380Z","state":"queued","mode":"standard","creationDate":"2024-01-15T19:38:12.381Z","modificationDate":"2024-01-15T19:38:12.381Z","shortid":"ToEb1dm","$entitySet":"profiles"},"doDiffs":false,"timestamp":1705347492380,"id":"zqlxf8f00y938i9","previousOperationId":null,"operationId":"7i5lm9j0jqh5beu"}
{"type":"log","level":"info","message":"Render request 4 queued for execution and waiting for available worker","previousOperationId":"7i5lm9j0jqh5beu","timestamp":1705347492380,"id":"txbxju1b0lsnndu"}
{"type":"operationStart","subtype":"render","name":"mitca","previousOperationId":"7i5lm9j0jqh5beu","timestamp":1705347492390,"id":"xnfx72xkg86wtpr","previousEventId":"zqlxf8f00y938i9","operationId":"0dzh1cfkqt3bsub"}
{"type":"log","timestamp":1705347492390,"level":"info","message":"Starting rendering request 4","meta":{"rootId":"2hl4h0idstdjo0n","id":"2hl4h0idstdjo0n"},"id":"gds8te60ovj883h","previousOperationId":"0dzh1cfkqt3bsub"}
{"type":"log","timestamp":1705347492391,"level":"info","message":"Rendering template { name: mitca, recipe: chrome-pdf, engine: handlebars, preview: true }","meta":{"rootId":"2hl4h0idstdjo0n","id":"2hl4h0idstdjo0n"},"id":"poxfxpvoom6jmk4","previousOperationId":"0dzh1cfkqt3bsub"}
{"type":"log","timestamp":1705347492392,"level":"debug","message":"Data item not defined for this template.","meta":{"rootId":"2hl4h0idstdjo0n","id":"2hl4h0idstdjo0n"},"id":"njc375yq8hi1y79","previousOperationId":"0dzh1cfkqt3bsub"}
{"type":"log","timestamp":1705347492395,"level":"debug","message":"Base url not specified, skipping its injection.","meta":{"rootId":"2hl4h0idstdjo0n","id":"2hl4h0idstdjo0n"},"id":"9iedwuxhduui26u","previousOperationId":"0dzh1cfkqt3bsub"}
{"type":"operationStart","subtype":"engine","name":"handlebars","timestamp":1705347492396,"id":"imv8dndw92zk9bz","previousEventId":"xnfx72xkg86wtpr","operationId":"8hcixeoaadkyf3b","previousOperationId":"0dzh1cfkqt3bsub"}
{"type":"log","timestamp":1705347492396,"level":"debug","message":"Rendering engine handlebars","meta":{"rootId":"2hl4h0idstdjo0n","id":"2hl4h0idstdjo0n"},"id":"wncc2atcry8wijw","previousOperationId":"8hcixeoaadkyf3b"}
{"type":"operationEnd","operationId":"8hcixeoaadkyf3b","timestamp":1705347492409,"id":"1q3n4mr74b1nyi9","previousEventId":"imv8dndw92zk9bz","previousOperationId":"8hcixeoaadkyf3b"}
{"type":"operationStart","subtype":"recipe","name":"chrome-pdf","timestamp":1705347492410,"id":"wi9uogscdf1vmok","previousEventId":"1q3n4mr74b1nyi9","operationId":"a3duzbpujyxq11m","previousOperationId":"8hcixeoaadkyf3b"}
{"type":"log","timestamp":1705347492410,"level":"debug","message":"Executing recipe chrome-pdf","meta":{"rootId":"2hl4h0idstdjo0n","id":"2hl4h0idstdjo0n"},"id":"helv06r01c7vdn1","previousOperationId":"a3duzbpujyxq11m"}
{"type":"log","timestamp":1705347492411,"level":"debug","message":"Converting with chrome HeadlessChrome/117.0.5938.149 using chrome-pool strategy","meta":{"rootId":"2hl4h0idstdjo0n","id":"2hl4h0idstdjo0n"},"id":"3jp6hxhi0ma9ppu","previousOperationId":"a3duzbpujyxq11m"}
{"type":"log","timestamp":1705347492467,"level":"debug","message":"Page request: GET (document) file:///var/folders/tp/6hccbwhd41s4hkmxw_2wkz640000gn/T/jsreport/autocleanup/7b9ca900-fb08-498f-a288-927f74591887-chrome-pdf.html","meta":{"rootId":"2hl4h0idstdjo0n","id":"2hl4h0idstdjo0n"},"id":"vo1p3ziu066zetj","previousOperationId":"a3duzbpujyxq11m"}
{"type":"log","timestamp":1705347492472,"level":"debug","message":"Page request: GET (stylesheet) https://cdnjs.cloudflare.com/ajax/libs/metro/4.1.5/css/metro.min.css","meta":{"rootId":"2hl4h0idstdjo0n","id":"2hl4h0idstdjo0n"},"id":"dgf9e0jpmcljvmo","previousOperationId":"a3duzbpujyxq11m"}
{"type":"log","timestamp":1705347492472,"level":"debug","message":"Page request: GET (script) https://cdnjs.cloudflare.com/ajax/libs/Chart.js/2.7.2/Chart.min.js","meta":{"rootId":"2hl4h0idstdjo0n","id":"2hl4h0idstdjo0n"},"id":"akjjcgq7ojkcjkq","previousOperationId":"a3duzbpujyxq11m"}
{"type":"log","timestamp":1705347492472,"level":"debug","message":"Page request finished: GET (document) 200 file:///var/folders/tp/6hccbwhd41s4hkmxw_2wkz640000gn/T/jsreport/autocleanup/7b9ca900-fb08-498f-a288-927f74591887-chrome-pdf.html","meta":{"rootId":"2hl4h0idstdjo0n","id":"2hl4h0idstdjo0n"},"id":"bpx1scdl3167dln","previousOperationId":"a3duzbpujyxq11m"}
{"type":"log","timestamp":1705347492480,"level":"debug","message":"Page request finished: GET (stylesheet) 200 https://cdnjs.cloudflare.com/ajax/libs/metro/4.1.5/css/metro.min.css","meta":{"rootId":"2hl4h0idstdjo0n","id":"2hl4h0idstdjo0n"},"id":"7r42vcslz8uq9wm","previousOperationId":"a3duzbpujyxq11m"}
{"type":"log","timestamp":1705347492480,"level":"debug","message":"Page request finished: GET (script) 200 https://cdnjs.cloudflare.com/ajax/libs/Chart.js/2.7.2/Chart.min.js","meta":{"rootId":"2hl4h0idstdjo0n","id":"2hl4h0idstdjo0n"},"id":"gaeyniddpzfh007","previousOperationId":"a3duzbpujyxq11m"}
{"type":"log","timestamp":1705347492487,"level":"debug","message":"Running chrome with params {\"printBackground\":true,\"timeout\":59969,\"margin\":{}}","meta":{"rootId":"2hl4h0idstdjo0n","id":"2hl4h0idstdjo0n"},"id":"vxmtfj1jnv9kzlh","previousOperationId":"a3duzbpujyxq11m"}
{"type":"operationEnd","operationId":"a3duzbpujyxq11m","timestamp":1705347492495,"id":"wc04zxhoqucnn16","previousEventId":"wi9uogscdf1vmok","previousOperationId":"a3duzbpujyxq11m"}
{"type":"log","timestamp":1705347492495,"level":"debug","message":"Skipping storing report.","meta":{"rootId":"2hl4h0idstdjo0n","id":"2hl4h0idstdjo0n"},"id":"cbuh7ml8tv4jlre","previousOperationId":"a3duzbpujyxq11m"}
{"type":"log","timestamp":1705347492496,"level":"info","message":"Rendering request 4 finished in 116 ms","meta":{"rootId":"2hl4h0idstdjo0n","id":"2hl4h0idstdjo0n"},"id":"tonsb377c6r7col","previousOperationId":"a3duzbpujyxq11m"}
{"type":"operationEnd","subtype":"render","operationId":"0dzh1cfkqt3bsub","timestamp":1705347492496,"id":"jxukolk6xkksu48","previousEventId":"wc04zxhoqucnn16","previousOperationId":"a3duzbpujyxq11m"}
{"type":"operationEnd","doDiffs":false,"previousEventId":"zqlxf8f00y938i9","previousOperationId":"7i5lm9j0jqh5beu","operationId":"7i5lm9j0jqh5beu","timestamp":1705347492498,"id":"4iobg9v10ck6pm0"}
