{"type":"operationStart","subtype":"profile","data":{"_id":"AH1IYj6ADnrnFqju","timestamp":"2024-01-15T19:57:33.879Z","state":"queued","mode":"standard","creationDate":"2024-01-15T19:57:33.880Z","modificationDate":"2024-01-15T19:57:33.880Z","shortid":"pGI_toT","$entitySet":"profiles"},"doDiffs":false,"timestamp":1705348653879,"id":"z7e7mzh9pqayzod","previousOperationId":null,"operationId":"b7v32i16uid3r6q"}
{"type":"log","level":"info","message":"Render request 24 queued for execution and waiting for available worker","previousOperationId":"b7v32i16uid3r6q","timestamp":1705348653879,"id":"ptk8m6b23n6rj1j"}
{"type":"operationStart","subtype":"render","name":"mitca","previousOperationId":"b7v32i16uid3r6q","timestamp":1705348653888,"id":"re3fhvms6mn6muu","previousEventId":"z7e7mzh9pqayzod","operationId":"4jdxek948fm6gly"}
{"type":"log","timestamp":1705348653888,"level":"info","message":"Starting rendering request 24","meta":{"rootId":"783e1i0txscqvdt","id":"783e1i0txscqvdt"},"id":"jqnknbnbzb1s95v","previousOperationId":"4jdxek948fm6gly"}
{"type":"log","timestamp":1705348653888,"level":"info","message":"Rendering template { name: mitca, recipe: chrome-pdf, engine: handlebars, preview: true }","meta":{"rootId":"783e1i0txscqvdt","id":"783e1i0txscqvdt"},"id":"dvta9w55qwitnz1","previousOperationId":"4jdxek948fm6gly"}
{"type":"log","timestamp":1705348653889,"level":"debug","message":"Data item not defined for this template.","meta":{"rootId":"783e1i0txscqvdt","id":"783e1i0txscqvdt"},"id":"wnonvvgyxrjnfpn","previousOperationId":"4jdxek948fm6gly"}
{"type":"log","timestamp":1705348653890,"level":"debug","message":"Base url not specified, skipping its injection.","meta":{"rootId":"783e1i0txscqvdt","id":"783e1i0txscqvdt"},"id":"uv1bq02dul81nqi","previousOperationId":"4jdxek948fm6gly"}
{"type":"operationStart","subtype":"engine","name":"handlebars","timestamp":1705348653890,"id":"a3862dwc78z00r8","previousEventId":"re3fhvms6mn6muu","operationId":"hf6l7yt636l1rch","previousOperationId":"4jdxek948fm6gly"}
{"type":"log","timestamp":1705348653890,"level":"debug","message":"Rendering engine handlebars","meta":{"rootId":"783e1i0txscqvdt","id":"783e1i0txscqvdt"},"id":"l3a276xqbmv277a","previousOperationId":"hf6l7yt636l1rch"}
{"type":"operationEnd","operationId":"hf6l7yt636l1rch","timestamp":1705348653897,"id":"jxognzdcznc47jo","previousEventId":"a3862dwc78z00r8","previousOperationId":"hf6l7yt636l1rch"}
{"type":"operationStart","subtype":"recipe","name":"chrome-pdf","timestamp":1705348653898,"id":"dj6o7ilvfmffuem","previousEventId":"jxognzdcznc47jo","operationId":"8tftpd02xxmbahm","previousOperationId":"hf6l7yt636l1rch"}
{"type":"log","timestamp":1705348653898,"level":"debug","message":"Executing recipe chrome-pdf","meta":{"rootId":"783e1i0txscqvdt","id":"783e1i0txscqvdt"},"id":"gcg3jl74ndbslab","previousOperationId":"8tftpd02xxmbahm"}
{"type":"log","timestamp":1705348653900,"level":"debug","message":"Converting with chrome HeadlessChrome/117.0.5938.149 using chrome-pool strategy","meta":{"rootId":"783e1i0txscqvdt","id":"783e1i0txscqvdt"},"id":"adhbad28syknb14","previousOperationId":"8tftpd02xxmbahm"}
{"type":"log","timestamp":1705348653963,"level":"debug","message":"Page request: GET (document) file:///var/folders/tp/6hccbwhd41s4hkmxw_2wkz640000gn/T/jsreport/autocleanup/a3e0bc1a-cc43-4c2b-929f-3452322cae26-chrome-pdf.html","meta":{"rootId":"783e1i0txscqvdt","id":"783e1i0txscqvdt"},"id":"zyjsp2hb0hwb6tx","previousOperationId":"8tftpd02xxmbahm"}
{"type":"log","timestamp":1705348653968,"level":"debug","message":"Page request finished: GET (document) 200 file:///var/folders/tp/6hccbwhd41s4hkmxw_2wkz640000gn/T/jsreport/autocleanup/a3e0bc1a-cc43-4c2b-929f-3452322cae26-chrome-pdf.html","meta":{"rootId":"783e1i0txscqvdt","id":"783e1i0txscqvdt"},"id":"9356ltw26wjuiia","previousOperationId":"8tftpd02xxmbahm"}
{"type":"log","timestamp":1705348653976,"level":"debug","message":"Running chrome with params {\"printBackground\":true,\"timeout\":59979,\"margin\":{}}","meta":{"rootId":"783e1i0txscqvdt","id":"783e1i0txscqvdt"},"id":"5v4g03tbw0mciqn","previousOperationId":"8tftpd02xxmbahm"}
{"type":"operationEnd","operationId":"8tftpd02xxmbahm","timestamp":1705348653981,"id":"iwqv0tctubpafxj","previousEventId":"dj6o7ilvfmffuem","previousOperationId":"8tftpd02xxmbahm"}
{"type":"log","timestamp":1705348653981,"level":"debug","message":"Skipping storing report.","meta":{"rootId":"783e1i0txscqvdt","id":"783e1i0txscqvdt"},"id":"1x2zm5f2ha245iq","previousOperationId":"8tftpd02xxmbahm"}
{"type":"log","timestamp":1705348653981,"level":"info","message":"Rendering request 24 finished in 103 ms","meta":{"rootId":"783e1i0txscqvdt","id":"783e1i0txscqvdt"},"id":"i5u4h9kzp0gq9b5","previousOperationId":"8tftpd02xxmbahm"}
{"type":"operationEnd","subtype":"render","operationId":"4jdxek948fm6gly","timestamp":1705348653981,"id":"joc7yqswi8vlee8","previousEventId":"iwqv0tctubpafxj","previousOperationId":"8tftpd02xxmbahm"}
{"type":"operationEnd","doDiffs":false,"previousEventId":"z7e7mzh9pqayzod","previousOperationId":"b7v32i16uid3r6q","operationId":"b7v32i16uid3r6q","timestamp":1705348653982,"id":"os1s0scirr6q0p0"}
