{"type":"operationStart","subtype":"profile","data":{"_id":"KGKBmdM7XmAEX3wS","timestamp":"2024-01-15T19:40:15.843Z","state":"queued","mode":"standard","creationDate":"2024-01-15T19:40:15.845Z","modificationDate":"2024-01-15T19:40:15.845Z","shortid":"BYjz_ti","$entitySet":"profiles"},"doDiffs":false,"timestamp":1705347615844,"id":"hk7gp1y7afk9vdr","previousOperationId":null,"operationId":"kxuhz92ka7anxfw"}
{"type":"log","level":"info","message":"Render request 8 queued for execution and waiting for available worker","previousOperationId":"kxuhz92ka7anxfw","timestamp":1705347615844,"id":"sfx58ex72qjt0zm"}
{"type":"operationStart","subtype":"render","name":"mitca","previousOperationId":"kxuhz92ka7anxfw","timestamp":1705347615852,"id":"i6h26k5vpp6u3rt","previousEventId":"hk7gp1y7afk9vdr","operationId":"t0ikm6twoew12wn"}
{"type":"log","timestamp":1705347615853,"level":"info","message":"Starting rendering request 8","meta":{"rootId":"7o60jjb61mmzyz0","id":"7o60jjb61mmzyz0"},"id":"8ithgz120nm24xj","previousOperationId":"t0ikm6twoew12wn"}
{"type":"log","timestamp":1705347615854,"level":"info","message":"Rendering template { name: mitca, recipe: chrome-pdf, engine: handlebars, preview: true }","meta":{"rootId":"7o60jjb61mmzyz0","id":"7o60jjb61mmzyz0"},"id":"85kt5wp83h47p1y","previousOperationId":"t0ikm6twoew12wn"}
{"type":"log","timestamp":1705347615855,"level":"debug","message":"Data item not defined for this template.","meta":{"rootId":"7o60jjb61mmzyz0","id":"7o60jjb61mmzyz0"},"id":"iue56xnyiqbf69l","previousOperationId":"t0ikm6twoew12wn"}
{"type":"log","timestamp":1705347615856,"level":"debug","message":"Base url not specified, skipping its injection.","meta":{"rootId":"7o60jjb61mmzyz0","id":"7o60jjb61mmzyz0"},"id":"elnwya9mj168h9f","previousOperationId":"t0ikm6twoew12wn"}
{"type":"operationStart","subtype":"engine","name":"handlebars","timestamp":1705347615857,"id":"0z977u6bc2bmk9f","previousEventId":"i6h26k5vpp6u3rt","operationId":"se5w8m6z7b8q5bx","previousOperationId":"t0ikm6twoew12wn"}
{"type":"log","timestamp":1705347615857,"level":"debug","message":"Rendering engine handlebars","meta":{"rootId":"7o60jjb61mmzyz0","id":"7o60jjb61mmzyz0"},"id":"bmewzthczt97iw3","previousOperationId":"se5w8m6z7b8q5bx"}
{"type":"operationEnd","operationId":"se5w8m6z7b8q5bx","timestamp":1705347615869,"id":"r1gqrs5c1lux3yw","previousEventId":"0z977u6bc2bmk9f","previousOperationId":"se5w8m6z7b8q5bx"}
{"type":"operationStart","subtype":"recipe","name":"chrome-pdf","timestamp":1705347615869,"id":"l8ykx0sxdn5qe48","previousEventId":"r1gqrs5c1lux3yw","operationId":"17kc6d4vethfe9m","previousOperationId":"se5w8m6z7b8q5bx"}
{"type":"log","timestamp":1705347615869,"level":"debug","message":"Executing recipe chrome-pdf","meta":{"rootId":"7o60jjb61mmzyz0","id":"7o60jjb61mmzyz0"},"id":"ae3sle17uqhwjrf","previousOperationId":"17kc6d4vethfe9m"}
{"type":"log","timestamp":1705347615872,"level":"debug","message":"Converting with chrome HeadlessChrome/117.0.5938.149 using chrome-pool strategy","meta":{"rootId":"7o60jjb61mmzyz0","id":"7o60jjb61mmzyz0"},"id":"znnfn3i0s150fqd","previousOperationId":"17kc6d4vethfe9m"}
{"type":"log","timestamp":1705347615924,"level":"debug","message":"Page request: GET (document) file:///var/folders/tp/6hccbwhd41s4hkmxw_2wkz640000gn/T/jsreport/autocleanup/3d2b74e2-a8f7-4f00-8190-5ccbda726324-chrome-pdf.html","meta":{"rootId":"7o60jjb61mmzyz0","id":"7o60jjb61mmzyz0"},"id":"4cbgejcre1g1xfz","previousOperationId":"17kc6d4vethfe9m"}
{"type":"log","timestamp":1705347615930,"level":"debug","message":"Page request: GET (stylesheet) https://cdnjs.cloudflare.com/ajax/libs/metro/4.1.5/css/metro.min.css","meta":{"rootId":"7o60jjb61mmzyz0","id":"7o60jjb61mmzyz0"},"id":"xfcwj158x6c2ci1","previousOperationId":"17kc6d4vethfe9m"}
{"type":"log","timestamp":1705347615930,"level":"debug","message":"Page request: GET (script) https://cdnjs.cloudflare.com/ajax/libs/Chart.js/2.7.2/Chart.min.js","meta":{"rootId":"7o60jjb61mmzyz0","id":"7o60jjb61mmzyz0"},"id":"4a8x9do5v8u27u1","previousOperationId":"17kc6d4vethfe9m"}
{"type":"log","timestamp":1705347615930,"level":"debug","message":"Page request finished: GET (document) 200 file:///var/folders/tp/6hccbwhd41s4hkmxw_2wkz640000gn/T/jsreport/autocleanup/3d2b74e2-a8f7-4f00-8190-5ccbda726324-chrome-pdf.html","meta":{"rootId":"7o60jjb61mmzyz0","id":"7o60jjb61mmzyz0"},"id":"d2xflx34zz2093u","previousOperationId":"17kc6d4vethfe9m"}
{"type":"log","timestamp":1705347615933,"level":"debug","message":"Page request finished: GET (script) 200 https://cdnjs.cloudflare.com/ajax/libs/Chart.js/2.7.2/Chart.min.js","meta":{"rootId":"7o60jjb61mmzyz0","id":"7o60jjb61mmzyz0"},"id":"s88mhz8xqp9koeo","previousOperationId":"17kc6d4vethfe9m"}
{"type":"log","timestamp":1705347615938,"level":"debug","message":"Page request finished: GET (stylesheet) 200 https://cdnjs.cloudflare.com/ajax/libs/metro/4.1.5/css/metro.min.css","meta":{"rootId":"7o60jjb61mmzyz0","id":"7o60jjb61mmzyz0"},"id":"rhhowkwdab5wotj","previousOperationId":"17kc6d4vethfe9m"}
{"type":"log","timestamp":1705347615943,"level":"debug","message":"Running chrome with params {\"printBackground\":true,\"timeout\":59973,\"margin\":{}}","meta":{"rootId":"7o60jjb61mmzyz0","id":"7o60jjb61mmzyz0"},"id":"cfpwrmrjbrsptu4","previousOperationId":"17kc6d4vethfe9m"}
{"type":"operationEnd","operationId":"17kc6d4vethfe9m","timestamp":1705347615953,"id":"oxz74zthws9ue18","previousEventId":"l8ykx0sxdn5qe48","previousOperationId":"17kc6d4vethfe9m"}
{"type":"log","timestamp":1705347615953,"level":"debug","message":"Skipping storing report.","meta":{"rootId":"7o60jjb61mmzyz0","id":"7o60jjb61mmzyz0"},"id":"hvjiwa5g6qw5r35","previousOperationId":"17kc6d4vethfe9m"}
{"type":"log","timestamp":1705347615953,"level":"info","message":"Rendering request 8 finished in 110 ms","meta":{"rootId":"7o60jjb61mmzyz0","id":"7o60jjb61mmzyz0"},"id":"7uc2iqye47eh3br","previousOperationId":"17kc6d4vethfe9m"}
{"type":"operationEnd","subtype":"render","operationId":"t0ikm6twoew12wn","timestamp":1705347615953,"id":"ja8q0osexxwtcyd","previousEventId":"oxz74zthws9ue18","previousOperationId":"17kc6d4vethfe9m"}
{"type":"operationEnd","doDiffs":false,"previousEventId":"hk7gp1y7afk9vdr","previousOperationId":"kxuhz92ka7anxfw","operationId":"kxuhz92ka7anxfw","timestamp":1705347615956,"id":"vrkdozq0ow58le4"}
