{"type":"operationStart","subtype":"profile","data":{"_id":"nKeI2LjMAZ7FHgGW","timestamp":"2024-01-15T19:52:22.511Z","state":"queued","mode":"standard","creationDate":"2024-01-15T19:52:22.512Z","modificationDate":"2024-01-15T19:52:22.512Z","shortid":"apM8Xl8","$entitySet":"profiles"},"doDiffs":false,"timestamp":1705348342512,"id":"r5l9hy080ene7ti","previousOperationId":null,"operationId":"jv0syqtyn3lpcab"}
{"type":"log","level":"info","message":"Render request 19 queued for execution and waiting for available worker","previousOperationId":"jv0syqtyn3lpcab","timestamp":1705348342512,"id":"uo6isydobklyjez"}
{"type":"operationStart","subtype":"render","name":"mitca","previousOperationId":"jv0syqtyn3lpcab","timestamp":1705348342519,"id":"0hodk3vvv1kpklg","previousEventId":"r5l9hy080ene7ti","operationId":"w30cyhmluzxkxmn"}
{"type":"log","timestamp":1705348342519,"level":"info","message":"Starting rendering request 19","meta":{"rootId":"bye4atc0myogbmq","id":"bye4atc0myogbmq"},"id":"mf9xjqfie3do6fm","previousOperationId":"w30cyhmluzxkxmn"}
{"type":"log","timestamp":1705348342519,"level":"info","message":"Rendering template { name: mitca, recipe: chrome-pdf, engine: handlebars, preview: true }","meta":{"rootId":"bye4atc0myogbmq","id":"bye4atc0myogbmq"},"id":"s3wyijkrba5r7vq","previousOperationId":"w30cyhmluzxkxmn"}
{"type":"log","timestamp":1705348342520,"level":"debug","message":"Data item not defined for this template.","meta":{"rootId":"bye4atc0myogbmq","id":"bye4atc0myogbmq"},"id":"lxs1y7hd3xq6vwy","previousOperationId":"w30cyhmluzxkxmn"}
{"type":"log","timestamp":1705348342522,"level":"debug","message":"Base url not specified, skipping its injection.","meta":{"rootId":"bye4atc0myogbmq","id":"bye4atc0myogbmq"},"id":"xlim5akebl5x17s","previousOperationId":"w30cyhmluzxkxmn"}
{"type":"operationStart","subtype":"engine","name":"handlebars","timestamp":1705348342522,"id":"eh0r58lmi5b7itc","previousEventId":"0hodk3vvv1kpklg","operationId":"gdnwud0q4u6x65z","previousOperationId":"w30cyhmluzxkxmn"}
{"type":"log","timestamp":1705348342522,"level":"debug","message":"Rendering engine handlebars","meta":{"rootId":"bye4atc0myogbmq","id":"bye4atc0myogbmq"},"id":"c0t1plgzgrz92g6","previousOperationId":"gdnwud0q4u6x65z"}
{"type":"operationEnd","operationId":"gdnwud0q4u6x65z","timestamp":1705348342536,"id":"thzl4p2anukjo1w","previousEventId":"eh0r58lmi5b7itc","previousOperationId":"gdnwud0q4u6x65z"}
{"type":"operationStart","subtype":"recipe","name":"chrome-pdf","timestamp":1705348342536,"id":"kavqem8ovtwwgvl","previousEventId":"thzl4p2anukjo1w","operationId":"4jfwro9m54tjjhp","previousOperationId":"gdnwud0q4u6x65z"}
{"type":"log","timestamp":1705348342536,"level":"debug","message":"Executing recipe chrome-pdf","meta":{"rootId":"bye4atc0myogbmq","id":"bye4atc0myogbmq"},"id":"g916fee7vqs76qn","previousOperationId":"4jfwro9m54tjjhp"}
{"type":"log","timestamp":1705348342539,"level":"debug","message":"Converting with chrome HeadlessChrome/117.0.5938.149 using chrome-pool strategy","meta":{"rootId":"bye4atc0myogbmq","id":"bye4atc0myogbmq"},"id":"znz53ioe1c1a7r5","previousOperationId":"4jfwro9m54tjjhp"}
{"type":"log","timestamp":1705348342603,"level":"debug","message":"Page request: GET (document) file:///var/folders/tp/6hccbwhd41s4hkmxw_2wkz640000gn/T/jsreport/autocleanup/fa4afad4-3999-4bf2-8337-005984303ebf-chrome-pdf.html","meta":{"rootId":"bye4atc0myogbmq","id":"bye4atc0myogbmq"},"id":"28v0kazbt71kro1","previousOperationId":"4jfwro9m54tjjhp"}
{"type":"log","timestamp":1705348342609,"level":"debug","message":"Page request: GET (stylesheet) https://cdnjs.cloudflare.com/ajax/libs/metro/4.1.5/css/metro.min.css","meta":{"rootId":"bye4atc0myogbmq","id":"bye4atc0myogbmq"},"id":"m7m6rql8dqx8gji","previousOperationId":"4jfwro9m54tjjhp"}
{"type":"log","timestamp":1705348342609,"level":"debug","message":"Page request: GET (script) https://cdnjs.cloudflare.com/ajax/libs/Chart.js/2.7.2/Chart.min.js","meta":{"rootId":"bye4atc0myogbmq","id":"bye4atc0myogbmq"},"id":"rrubj8dnj5kf29c","previousOperationId":"4jfwro9m54tjjhp"}
{"type":"log","timestamp":1705348342609,"level":"debug","message":"Page request finished: GET (document) 200 file:///var/folders/tp/6hccbwhd41s4hkmxw_2wkz640000gn/T/jsreport/autocleanup/fa4afad4-3999-4bf2-8337-005984303ebf-chrome-pdf.html","meta":{"rootId":"bye4atc0myogbmq","id":"bye4atc0myogbmq"},"id":"30unvsmce01z7z9","previousOperationId":"4jfwro9m54tjjhp"}
{"type":"log","timestamp":1705348342612,"level":"debug","message":"Page request finished: GET (script) 200 https://cdnjs.cloudflare.com/ajax/libs/Chart.js/2.7.2/Chart.min.js","meta":{"rootId":"bye4atc0myogbmq","id":"bye4atc0myogbmq"},"id":"frn2lzogr7k2xhb","previousOperationId":"4jfwro9m54tjjhp"}
{"type":"log","timestamp":1705348342617,"level":"debug","message":"Page request finished: GET (stylesheet) 200 https://cdnjs.cloudflare.com/ajax/libs/metro/4.1.5/css/metro.min.css","meta":{"rootId":"bye4atc0myogbmq","id":"bye4atc0myogbmq"},"id":"4540n7wcf0ln9aq","previousOperationId":"4jfwro9m54tjjhp"}
{"type":"log","timestamp":1705348342622,"level":"debug","message":"Running chrome with params {\"printBackground\":true,\"timeout\":59974,\"margin\":{}}","meta":{"rootId":"bye4atc0myogbmq","id":"bye4atc0myogbmq"},"id":"tqi5e53j8n4wys1","previousOperationId":"4jfwro9m54tjjhp"}
{"type":"operationEnd","operationId":"4jfwro9m54tjjhp","timestamp":1705348342629,"id":"znek3og0briswou","previousEventId":"kavqem8ovtwwgvl","previousOperationId":"4jfwro9m54tjjhp"}
{"type":"log","timestamp":1705348342630,"level":"debug","message":"Skipping storing report.","meta":{"rootId":"bye4atc0myogbmq","id":"bye4atc0myogbmq"},"id":"4cx2lylsiz434zz","previousOperationId":"4jfwro9m54tjjhp"}
{"type":"log","timestamp":1705348342630,"level":"info","message":"Rendering request 19 finished in 119 ms","meta":{"rootId":"bye4atc0myogbmq","id":"bye4atc0myogbmq"},"id":"9rdz3se212yl09n","previousOperationId":"4jfwro9m54tjjhp"}
{"type":"operationEnd","subtype":"render","operationId":"w30cyhmluzxkxmn","timestamp":1705348342630,"id":"gnqz6hx3bt432hk","previousEventId":"znek3og0briswou","previousOperationId":"4jfwro9m54tjjhp"}
{"type":"operationEnd","doDiffs":false,"previousEventId":"r5l9hy080ene7ti","previousOperationId":"jv0syqtyn3lpcab","operationId":"jv0syqtyn3lpcab","timestamp":1705348342632,"id":"pdtepqz01pdzq88"}
