{"type":"operationStart","subtype":"profile","data":{"_id":"XViPEbbWHO1qH1jM","timestamp":"2024-01-15T19:44:22.713Z","state":"queued","mode":"standard","creationDate":"2024-01-15T19:44:22.715Z","modificationDate":"2024-01-15T19:44:22.715Z","shortid":"raCzKgI","$entitySet":"profiles"},"doDiffs":false,"timestamp":1705347862715,"id":"3dh7ybwyyay0p2r","previousOperationId":null,"operationId":"kab3cotxnkhdjil"}
{"type":"log","level":"info","message":"Render request 11 queued for execution and waiting for available worker","previousOperationId":"kab3cotxnkhdjil","timestamp":1705347862715,"id":"fgy162h5z65un5q"}
{"type":"operationStart","subtype":"render","name":"mitca","previousOperationId":"kab3cotxnkhdjil","timestamp":1705347862724,"id":"nu218w69dyuwe9d","previousEventId":"3dh7ybwyyay0p2r","operationId":"1qqv3kky8vkts20"}
{"type":"log","timestamp":1705347862724,"level":"info","message":"Starting rendering request 11","meta":{"rootId":"fzh8a34qllb5eq8","id":"fzh8a34qllb5eq8"},"id":"l87vf0gepq2v2f7","previousOperationId":"1qqv3kky8vkts20"}
{"type":"log","timestamp":1705347862724,"level":"info","message":"Rendering template { name: mitca, recipe: chrome-pdf, engine: handlebars, preview: true }","meta":{"rootId":"fzh8a34qllb5eq8","id":"fzh8a34qllb5eq8"},"id":"gaka88gx4gn6pnw","previousOperationId":"1qqv3kky8vkts20"}
{"type":"log","timestamp":1705347862725,"level":"debug","message":"Data item not defined for this template.","meta":{"rootId":"fzh8a34qllb5eq8","id":"fzh8a34qllb5eq8"},"id":"q2rjgl7jbziuoij","previousOperationId":"1qqv3kky8vkts20"}
{"type":"log","timestamp":1705347862726,"level":"debug","message":"Base url not specified, skipping its injection.","meta":{"rootId":"fzh8a34qllb5eq8","id":"fzh8a34qllb5eq8"},"id":"hoigm1r6tz4axdb","previousOperationId":"1qqv3kky8vkts20"}
{"type":"operationStart","subtype":"engine","name":"handlebars","timestamp":1705347862727,"id":"46lykdhx3bhhmer","previousEventId":"nu218w69dyuwe9d","operationId":"emjdsdif1ta5vsx","previousOperationId":"1qqv3kky8vkts20"}
{"type":"log","timestamp":1705347862727,"level":"debug","message":"Rendering engine handlebars","meta":{"rootId":"fzh8a34qllb5eq8","id":"fzh8a34qllb5eq8"},"id":"zpmy3o4kij409yi","previousOperationId":"emjdsdif1ta5vsx"}
{"type":"operationEnd","operationId":"emjdsdif1ta5vsx","timestamp":1705347862740,"id":"mj0cal1r3lr8vss","previousEventId":"46lykdhx3bhhmer","previousOperationId":"emjdsdif1ta5vsx"}
{"type":"operationStart","subtype":"recipe","name":"chrome-pdf","timestamp":1705347862740,"id":"xo7radxocexbbtj","previousEventId":"mj0cal1r3lr8vss","operationId":"bc3am0t7p6j8zuy","previousOperationId":"emjdsdif1ta5vsx"}
{"type":"log","timestamp":1705347862740,"level":"debug","message":"Executing recipe chrome-pdf","meta":{"rootId":"fzh8a34qllb5eq8","id":"fzh8a34qllb5eq8"},"id":"q4zauvfu7wglrkn","previousOperationId":"bc3am0t7p6j8zuy"}
{"type":"log","timestamp":1705347862742,"level":"debug","message":"Converting with chrome HeadlessChrome/117.0.5938.149 using chrome-pool strategy","meta":{"rootId":"fzh8a34qllb5eq8","id":"fzh8a34qllb5eq8"},"id":"86wtmdqachs2ord","previousOperationId":"bc3am0t7p6j8zuy"}
{"type":"log","timestamp":1705347862812,"level":"debug","message":"Page request: GET (document) file:///var/folders/tp/6hccbwhd41s4hkmxw_2wkz640000gn/T/jsreport/autocleanup/69e43a2d-7757-46ca-b170-757fd3d1565d-chrome-pdf.html","meta":{"rootId":"fzh8a34qllb5eq8","id":"fzh8a34qllb5eq8"},"id":"wzdapx7nutrwygw","previousOperationId":"bc3am0t7p6j8zuy"}
{"type":"log","timestamp":1705347862816,"level":"debug","message":"Page request: GET (stylesheet) https://cdnjs.cloudflare.com/ajax/libs/metro/4.1.5/css/metro.min.css","meta":{"rootId":"fzh8a34qllb5eq8","id":"fzh8a34qllb5eq8"},"id":"cexkuvyvlsp3uzi","previousOperationId":"bc3am0t7p6j8zuy"}
{"type":"log","timestamp":1705347862817,"level":"debug","message":"Page request: GET (script) https://cdnjs.cloudflare.com/ajax/libs/Chart.js/2.7.2/Chart.min.js","meta":{"rootId":"fzh8a34qllb5eq8","id":"fzh8a34qllb5eq8"},"id":"iemhrxas5vvi10t","previousOperationId":"bc3am0t7p6j8zuy"}
{"type":"log","timestamp":1705347862817,"level":"debug","message":"Page request finished: GET (document) 200 file:///var/folders/tp/6hccbwhd41s4hkmxw_2wkz640000gn/T/jsreport/autocleanup/69e43a2d-7757-46ca-b170-757fd3d1565d-chrome-pdf.html","meta":{"rootId":"fzh8a34qllb5eq8","id":"fzh8a34qllb5eq8"},"id":"tjzs8reh3u8wqw2","previousOperationId":"bc3am0t7p6j8zuy"}
{"type":"log","timestamp":1705347862819,"level":"debug","message":"Page request finished: GET (script) 200 https://cdnjs.cloudflare.com/ajax/libs/Chart.js/2.7.2/Chart.min.js","meta":{"rootId":"fzh8a34qllb5eq8","id":"fzh8a34qllb5eq8"},"id":"hl5a8d48fost4io","previousOperationId":"bc3am0t7p6j8zuy"}
{"type":"log","timestamp":1705347862825,"level":"debug","message":"Page request finished: GET (stylesheet) 200 https://cdnjs.cloudflare.com/ajax/libs/metro/4.1.5/css/metro.min.css","meta":{"rootId":"fzh8a34qllb5eq8","id":"fzh8a34qllb5eq8"},"id":"zehffl9asfopju3","previousOperationId":"bc3am0t7p6j8zuy"}
{"type":"log","timestamp":1705347862829,"level":"debug","message":"Running chrome with params {\"printBackground\":true,\"timeout\":59972,\"margin\":{}}","meta":{"rootId":"fzh8a34qllb5eq8","id":"fzh8a34qllb5eq8"},"id":"xk5cmdqyvj3t5b1","previousOperationId":"bc3am0t7p6j8zuy"}
{"type":"operationEnd","operationId":"bc3am0t7p6j8zuy","timestamp":1705347862837,"id":"qtmmyyr3eidi4c5","previousEventId":"xo7radxocexbbtj","previousOperationId":"bc3am0t7p6j8zuy"}
{"type":"log","timestamp":1705347862837,"level":"debug","message":"Skipping storing report.","meta":{"rootId":"fzh8a34qllb5eq8","id":"fzh8a34qllb5eq8"},"id":"1b8d0caurhebekj","previousOperationId":"bc3am0t7p6j8zuy"}
{"type":"log","timestamp":1705347862837,"level":"info","message":"Rendering request 11 finished in 124 ms","meta":{"rootId":"fzh8a34qllb5eq8","id":"fzh8a34qllb5eq8"},"id":"9k2fccov6mjay2j","previousOperationId":"bc3am0t7p6j8zuy"}
{"type":"operationEnd","subtype":"render","operationId":"1qqv3kky8vkts20","timestamp":1705347862837,"id":"fhbem9uf09fo51q","previousEventId":"qtmmyyr3eidi4c5","previousOperationId":"bc3am0t7p6j8zuy"}
{"type":"operationEnd","doDiffs":false,"previousEventId":"3dh7ybwyyay0p2r","previousOperationId":"kab3cotxnkhdjil","operationId":"kab3cotxnkhdjil","timestamp":1705347862841,"id":"u2vqvcd1twb78wq"}
