{"type":"operationStart","subtype":"profile","data":{"_id":"WiSJFgnx2sw7Ccvb","timestamp":"2024-01-15T19:59:18.761Z","state":"queued","mode":"standard","creationDate":"2024-01-15T19:59:18.763Z","modificationDate":"2024-01-15T19:59:18.763Z","shortid":"JSBoB14","$entitySet":"profiles"},"doDiffs":false,"timestamp":1705348758762,"id":"40cf2sllxp2m1j0","previousOperationId":null,"operationId":"0y3psos6vgnkpnd"}
{"type":"log","level":"info","message":"Render request 27 queued for execution and waiting for available worker","previousOperationId":"0y3psos6vgnkpnd","timestamp":1705348758762,"id":"fs0yghrkw2j44c1"}
{"type":"operationStart","subtype":"render","name":"mitca","previousOperationId":"0y3psos6vgnkpnd","timestamp":1705348758768,"id":"9rk5w1epgjq7piz","previousEventId":"40cf2sllxp2m1j0","operationId":"x8f099omom427ek"}
{"type":"log","timestamp":1705348758768,"level":"info","message":"Starting rendering request 27","meta":{"rootId":"g9epkr4qdljfezh","id":"g9epkr4qdljfezh"},"id":"nog7lr0287m5je1","previousOperationId":"x8f099omom427ek"}
{"type":"log","timestamp":1705348758768,"level":"info","message":"Rendering template { name: mitca, recipe: chrome-pdf, engine: handlebars, preview: true }","meta":{"rootId":"g9epkr4qdljfezh","id":"g9epkr4qdljfezh"},"id":"ojksyv3j9ptrox3","previousOperationId":"x8f099omom427ek"}
{"type":"log","timestamp":1705348758769,"level":"debug","message":"Data item not defined for this template.","meta":{"rootId":"g9epkr4qdljfezh","id":"g9epkr4qdljfezh"},"id":"5al7fu7z2pgq8e1","previousOperationId":"x8f099omom427ek"}
{"type":"log","timestamp":1705348758771,"level":"debug","message":"Base url not specified, skipping its injection.","meta":{"rootId":"g9epkr4qdljfezh","id":"g9epkr4qdljfezh"},"id":"ahq0l8rz66lbmvp","previousOperationId":"x8f099omom427ek"}
{"type":"operationStart","subtype":"engine","name":"handlebars","timestamp":1705348758771,"id":"gizw87p15lw8tup","previousEventId":"9rk5w1epgjq7piz","operationId":"vwfju1wlmsua570","previousOperationId":"x8f099omom427ek"}
{"type":"log","timestamp":1705348758771,"level":"debug","message":"Rendering engine handlebars","meta":{"rootId":"g9epkr4qdljfezh","id":"g9epkr4qdljfezh"},"id":"ab5yxrevzomzdrv","previousOperationId":"vwfju1wlmsua570"}
{"type":"operationEnd","operationId":"vwfju1wlmsua570","timestamp":1705348758779,"id":"bhepr56vfwsk8pj","previousEventId":"gizw87p15lw8tup","previousOperationId":"vwfju1wlmsua570"}
{"type":"operationStart","subtype":"recipe","name":"chrome-pdf","timestamp":1705348758779,"id":"fhmc4w1hxu9w1l8","previousEventId":"bhepr56vfwsk8pj","operationId":"do1xmtyukl3dcxo","previousOperationId":"vwfju1wlmsua570"}
{"type":"log","timestamp":1705348758779,"level":"debug","message":"Executing recipe chrome-pdf","meta":{"rootId":"g9epkr4qdljfezh","id":"g9epkr4qdljfezh"},"id":"tiwtooxsqspqwat","previousOperationId":"do1xmtyukl3dcxo"}
{"type":"log","timestamp":1705348758781,"level":"debug","message":"Converting with chrome HeadlessChrome/117.0.5938.149 using chrome-pool strategy","meta":{"rootId":"g9epkr4qdljfezh","id":"g9epkr4qdljfezh"},"id":"8g7iq2rr90wz3kp","previousOperationId":"do1xmtyukl3dcxo"}
{"type":"log","timestamp":1705348758841,"level":"debug","message":"Page request: GET (document) file:///var/folders/tp/6hccbwhd41s4hkmxw_2wkz640000gn/T/jsreport/autocleanup/25ae9617-2a48-4ed9-836e-7aa8f9ba582b-chrome-pdf.html","meta":{"rootId":"g9epkr4qdljfezh","id":"g9epkr4qdljfezh"},"id":"15wgv2780cv6no8","previousOperationId":"do1xmtyukl3dcxo"}
{"type":"log","timestamp":1705348758846,"level":"debug","message":"Page request finished: GET (document) 200 file:///var/folders/tp/6hccbwhd41s4hkmxw_2wkz640000gn/T/jsreport/autocleanup/25ae9617-2a48-4ed9-836e-7aa8f9ba582b-chrome-pdf.html","meta":{"rootId":"g9epkr4qdljfezh","id":"g9epkr4qdljfezh"},"id":"u5d1fwwakvfmxs3","previousOperationId":"do1xmtyukl3dcxo"}
{"type":"log","timestamp":1705348758857,"level":"debug","message":"Running chrome with params {\"printBackground\":true,\"timeout\":59981,\"margin\":{}}","meta":{"rootId":"g9epkr4qdljfezh","id":"g9epkr4qdljfezh"},"id":"6d3kakjie575d5q","previousOperationId":"do1xmtyukl3dcxo"}
{"type":"operationEnd","operationId":"do1xmtyukl3dcxo","timestamp":1705348758862,"id":"6m7npz7iyp7wm4t","previousEventId":"fhmc4w1hxu9w1l8","previousOperationId":"do1xmtyukl3dcxo"}
{"type":"log","timestamp":1705348758862,"level":"debug","message":"Skipping storing report.","meta":{"rootId":"g9epkr4qdljfezh","id":"g9epkr4qdljfezh"},"id":"3kah68aemtfmmrr","previousOperationId":"do1xmtyukl3dcxo"}
{"type":"log","timestamp":1705348758862,"level":"info","message":"Rendering request 27 finished in 101 ms","meta":{"rootId":"g9epkr4qdljfezh","id":"g9epkr4qdljfezh"},"id":"q5vmvfqxds2pr5h","previousOperationId":"do1xmtyukl3dcxo"}
{"type":"operationEnd","subtype":"render","operationId":"x8f099omom427ek","timestamp":1705348758862,"id":"rmgtbk4spj2ksg0","previousEventId":"6m7npz7iyp7wm4t","previousOperationId":"do1xmtyukl3dcxo"}
{"type":"operationEnd","doDiffs":false,"previousEventId":"40cf2sllxp2m1j0","previousOperationId":"0y3psos6vgnkpnd","operationId":"0y3psos6vgnkpnd","timestamp":1705348758863,"id":"g6sbd1zi5dtz66b"}
