{"type":"operationStart","subtype":"profile","data":{"_id":"gdSf0x01xTbqEShl","timestamp":"2024-01-15T19:38:59.697Z","state":"queued","mode":"standard","creationDate":"2024-01-15T19:38:59.698Z","modificationDate":"2024-01-15T19:38:59.698Z","shortid":"uizuDGj","$entitySet":"profiles"},"doDiffs":false,"timestamp":1705347539698,"id":"42pueanyqvja88h","previousOperationId":null,"operationId":"6ngg06g75d87pyn"}
{"type":"log","level":"info","message":"Render request 5 queued for execution and waiting for available worker","previousOperationId":"6ngg06g75d87pyn","timestamp":1705347539698,"id":"348hy4lb7p9pz1e"}
{"type":"operationStart","subtype":"render","name":"mitca","previousOperationId":"6ngg06g75d87pyn","timestamp":1705347539704,"id":"pqlo17q1mj44d2d","previousEventId":"42pueanyqvja88h","operationId":"qiu0m31b1o489wl"}
{"type":"log","timestamp":1705347539704,"level":"info","message":"Starting rendering request 5","meta":{"rootId":"gxjw8fqweditl8m","id":"gxjw8fqweditl8m"},"id":"jyas2ah10u5kjwv","previousOperationId":"qiu0m31b1o489wl"}
{"type":"log","timestamp":1705347539704,"level":"info","message":"Rendering template { name: mitca, recipe: chrome-pdf, engine: handlebars, preview: true }","meta":{"rootId":"gxjw8fqweditl8m","id":"gxjw8fqweditl8m"},"id":"xknccb87izx5ml6","previousOperationId":"qiu0m31b1o489wl"}
{"type":"log","timestamp":1705347539705,"level":"debug","message":"Data item not defined for this template.","meta":{"rootId":"gxjw8fqweditl8m","id":"gxjw8fqweditl8m"},"id":"8pnribq6r72t61d","previousOperationId":"qiu0m31b1o489wl"}
{"type":"log","timestamp":1705347539706,"level":"debug","message":"Base url not specified, skipping its injection.","meta":{"rootId":"gxjw8fqweditl8m","id":"gxjw8fqweditl8m"},"id":"fmyxp2jbr212b9g","previousOperationId":"qiu0m31b1o489wl"}
{"type":"operationStart","subtype":"engine","name":"handlebars","timestamp":1705347539706,"id":"4f2hdf9ivx6en85","previousEventId":"pqlo17q1mj44d2d","operationId":"z5o67yfxo6kmglm","previousOperationId":"qiu0m31b1o489wl"}
{"type":"log","timestamp":1705347539706,"level":"debug","message":"Rendering engine handlebars","meta":{"rootId":"gxjw8fqweditl8m","id":"gxjw8fqweditl8m"},"id":"98dltm560xwrrr3","previousOperationId":"z5o67yfxo6kmglm"}
{"type":"operationEnd","operationId":"z5o67yfxo6kmglm","timestamp":1705347539722,"id":"mitgk6cducvy2hb","previousEventId":"4f2hdf9ivx6en85","previousOperationId":"z5o67yfxo6kmglm"}
{"type":"operationStart","subtype":"recipe","name":"chrome-pdf","timestamp":1705347539722,"id":"3jfj056uy0yuurd","previousEventId":"mitgk6cducvy2hb","operationId":"f0s3bnfye0owq0t","previousOperationId":"z5o67yfxo6kmglm"}
{"type":"log","timestamp":1705347539722,"level":"debug","message":"Executing recipe chrome-pdf","meta":{"rootId":"gxjw8fqweditl8m","id":"gxjw8fqweditl8m"},"id":"qnucczrlp3wrhb2","previousOperationId":"f0s3bnfye0owq0t"}
{"type":"log","timestamp":1705347539724,"level":"debug","message":"Converting with chrome HeadlessChrome/117.0.5938.149 using chrome-pool strategy","meta":{"rootId":"gxjw8fqweditl8m","id":"gxjw8fqweditl8m"},"id":"mbj8qlbn5jn6lmg","previousOperationId":"f0s3bnfye0owq0t"}
{"type":"log","timestamp":1705347539780,"level":"debug","message":"Page request: GET (document) file:///var/folders/tp/6hccbwhd41s4hkmxw_2wkz640000gn/T/jsreport/autocleanup/fd87f2ab-0267-4459-b4a5-42fe1d859880-chrome-pdf.html","meta":{"rootId":"gxjw8fqweditl8m","id":"gxjw8fqweditl8m"},"id":"4e9zs6oqmb7dobv","previousOperationId":"f0s3bnfye0owq0t"}
{"type":"log","timestamp":1705347539785,"level":"debug","message":"Page request: GET (stylesheet) https://cdnjs.cloudflare.com/ajax/libs/metro/4.1.5/css/metro.min.css","meta":{"rootId":"gxjw8fqweditl8m","id":"gxjw8fqweditl8m"},"id":"cm7g53uxmjpu8ha","previousOperationId":"f0s3bnfye0owq0t"}
{"type":"log","timestamp":1705347539786,"level":"debug","message":"Page request: GET (script) https://cdnjs.cloudflare.com/ajax/libs/Chart.js/2.7.2/Chart.min.js","meta":{"rootId":"gxjw8fqweditl8m","id":"gxjw8fqweditl8m"},"id":"872hi33if9fohil","previousOperationId":"f0s3bnfye0owq0t"}
{"type":"log","timestamp":1705347539786,"level":"debug","message":"Page request finished: GET (document) 200 file:///var/folders/tp/6hccbwhd41s4hkmxw_2wkz640000gn/T/jsreport/autocleanup/fd87f2ab-0267-4459-b4a5-42fe1d859880-chrome-pdf.html","meta":{"rootId":"gxjw8fqweditl8m","id":"gxjw8fqweditl8m"},"id":"wvqdyxh8s8dark4","previousOperationId":"f0s3bnfye0owq0t"}
{"type":"log","timestamp":1705347539794,"level":"debug","message":"Page request finished: GET (stylesheet) 200 https://cdnjs.cloudflare.com/ajax/libs/metro/4.1.5/css/metro.min.css","meta":{"rootId":"gxjw8fqweditl8m","id":"gxjw8fqweditl8m"},"id":"w74ogr32vv7i1nq","previousOperationId":"f0s3bnfye0owq0t"}
{"type":"log","timestamp":1705347539794,"level":"debug","message":"Page request finished: GET (script) 200 https://cdnjs.cloudflare.com/ajax/libs/Chart.js/2.7.2/Chart.min.js","meta":{"rootId":"gxjw8fqweditl8m","id":"gxjw8fqweditl8m"},"id":"jbkqnhism639jv3","previousOperationId":"f0s3bnfye0owq0t"}
{"type":"log","timestamp":1705347539798,"level":"debug","message":"Running chrome with params {\"printBackground\":true,\"timeout\":59973,\"margin\":{}}","meta":{"rootId":"gxjw8fqweditl8m","id":"gxjw8fqweditl8m"},"id":"bo1u5g6u8y95oy8","previousOperationId":"f0s3bnfye0owq0t"}
{"type":"operationEnd","operationId":"f0s3bnfye0owq0t","timestamp":1705347539807,"id":"b75v56njcicyfq7","previousEventId":"3jfj056uy0yuurd","previousOperationId":"f0s3bnfye0owq0t"}
{"type":"log","timestamp":1705347539807,"level":"debug","message":"Skipping storing report.","meta":{"rootId":"gxjw8fqweditl8m","id":"gxjw8fqweditl8m"},"id":"1og9ltyrsu0d0cj","previousOperationId":"f0s3bnfye0owq0t"}
{"type":"log","timestamp":1705347539807,"level":"info","message":"Rendering request 5 finished in 110 ms","meta":{"rootId":"gxjw8fqweditl8m","id":"gxjw8fqweditl8m"},"id":"4bc6b5dc9v550y6","previousOperationId":"f0s3bnfye0owq0t"}
{"type":"operationEnd","subtype":"render","operationId":"qiu0m31b1o489wl","timestamp":1705347539807,"id":"a4fp551koogfjsi","previousEventId":"b75v56njcicyfq7","previousOperationId":"f0s3bnfye0owq0t"}
{"type":"operationEnd","doDiffs":false,"previousEventId":"42pueanyqvja88h","previousOperationId":"6ngg06g75d87pyn","operationId":"6ngg06g75d87pyn","timestamp":1705347539809,"id":"ulxa7bjdh8h5t4i"}
