{"type":"operationStart","subtype":"profile","data":{"_id":"IigmKrsRaV5bWZmF","timestamp":"2024-01-15T20:01:49.711Z","state":"queued","mode":"standard","creationDate":"2024-01-15T20:01:49.713Z","modificationDate":"2024-01-15T20:01:49.713Z","shortid":"CDXF1mz","$entitySet":"profiles"},"doDiffs":false,"timestamp":1705348909712,"id":"eshyry5cto347t3","previousOperationId":null,"operationId":"xtyirx90vuw8xdt"}
{"type":"log","level":"info","message":"Render request 1 queued for execution and waiting for available worker","previousOperationId":"xtyirx90vuw8xdt","timestamp":1705348909712,"id":"asva51qk5rsgoo4"}
{"type":"operationStart","subtype":"render","name":"mitca","previousOperationId":"xtyirx90vuw8xdt","timestamp":1705348909728,"id":"7ikdmhclze51046","previousEventId":"eshyry5cto347t3","operationId":"acc6e8ec9xc8k6x"}
{"type":"log","timestamp":1705348909729,"level":"info","message":"Starting rendering request 1","meta":{"rootId":"i25au4l44lc72zr","id":"i25au4l44lc72zr"},"id":"pr54pfs2lq8dmzi","previousOperationId":"acc6e8ec9xc8k6x"}
{"type":"log","timestamp":1705348909729,"level":"info","message":"Rendering template { name: mitca, recipe: chrome-pdf, engine: handlebars, preview: true }","meta":{"rootId":"i25au4l44lc72zr","id":"i25au4l44lc72zr"},"id":"l8ag951gwqzj05p","previousOperationId":"acc6e8ec9xc8k6x"}
{"type":"log","timestamp":1705348909731,"level":"debug","message":"Data item not defined for this template.","meta":{"rootId":"i25au4l44lc72zr","id":"i25au4l44lc72zr"},"id":"2hpii7b9xqz36ue","previousOperationId":"acc6e8ec9xc8k6x"}
{"type":"log","timestamp":1705348909732,"level":"debug","message":"Base url not specified, skipping its injection.","meta":{"rootId":"i25au4l44lc72zr","id":"i25au4l44lc72zr"},"id":"vxbcwuhm11iriha","previousOperationId":"acc6e8ec9xc8k6x"}
{"type":"operationStart","subtype":"engine","name":"handlebars","timestamp":1705348909733,"id":"swhab88t231o131","previousEventId":"7ikdmhclze51046","operationId":"k48nsud4e79uvvv","previousOperationId":"acc6e8ec9xc8k6x"}
{"type":"log","timestamp":1705348909733,"level":"debug","message":"Rendering engine handlebars","meta":{"rootId":"i25au4l44lc72zr","id":"i25au4l44lc72zr"},"id":"tus8fmpze4dtztb","previousOperationId":"k48nsud4e79uvvv"}
{"type":"operationEnd","operationId":"k48nsud4e79uvvv","timestamp":1705348909957,"id":"k9b08wwk2tyrjvs","previousEventId":"swhab88t231o131","previousOperationId":"k48nsud4e79uvvv"}
{"type":"operationStart","subtype":"recipe","name":"chrome-pdf","timestamp":1705348909957,"id":"y08vm2jp8epc2ch","previousEventId":"k9b08wwk2tyrjvs","operationId":"6bivumohup6fs76","previousOperationId":"k48nsud4e79uvvv"}
{"type":"log","timestamp":1705348909957,"level":"debug","message":"Executing recipe chrome-pdf","meta":{"rootId":"i25au4l44lc72zr","id":"i25au4l44lc72zr"},"id":"0ibx5o09d6gt0v3","previousOperationId":"6bivumohup6fs76"}
{"type":"log","timestamp":1705348910522,"level":"debug","message":"Converting with chrome HeadlessChrome/117.0.5938.149 using chrome-pool strategy","meta":{"rootId":"i25au4l44lc72zr","id":"i25au4l44lc72zr"},"id":"k96rs27svwqckrq","previousOperationId":"6bivumohup6fs76"}
{"type":"log","timestamp":1705348910570,"level":"debug","message":"Page request: GET (document) file:///var/folders/tp/6hccbwhd41s4hkmxw_2wkz640000gn/T/jsreport/autocleanup/5ba4f3ed-0517-446f-afbd-96b03f6e4e87-chrome-pdf.html","meta":{"rootId":"i25au4l44lc72zr","id":"i25au4l44lc72zr"},"id":"layx8bzf0s3tupy","previousOperationId":"6bivumohup6fs76"}
{"type":"log","timestamp":1705348910576,"level":"debug","message":"Page request: GET (stylesheet) https://cdnjs.cloudflare.com/ajax/libs/metro/4.1.5/css/metro.min.css","meta":{"rootId":"i25au4l44lc72zr","id":"i25au4l44lc72zr"},"id":"glkw8k63t26ge56","previousOperationId":"6bivumohup6fs76"}
{"type":"log","timestamp":1705348910576,"level":"debug","message":"Page request: GET (script) https://cdnjs.cloudflare.com/ajax/libs/Chart.js/2.7.2/Chart.min.js","meta":{"rootId":"i25au4l44lc72zr","id":"i25au4l44lc72zr"},"id":"vyd87ljneuq3myo","previousOperationId":"6bivumohup6fs76"}
{"type":"log","timestamp":1705348910576,"level":"debug","message":"Page request finished: GET (document) 200 file:///var/folders/tp/6hccbwhd41s4hkmxw_2wkz640000gn/T/jsreport/autocleanup/5ba4f3ed-0517-446f-afbd-96b03f6e4e87-chrome-pdf.html","meta":{"rootId":"i25au4l44lc72zr","id":"i25au4l44lc72zr"},"id":"fyn8ods3k4tiirc","previousOperationId":"6bivumohup6fs76"}
{"type":"log","timestamp":1705348910983,"level":"debug","message":"Page request finished: GET (stylesheet) 200 https://cdnjs.cloudflare.com/ajax/libs/metro/4.1.5/css/metro.min.css","meta":{"rootId":"i25au4l44lc72zr","id":"i25au4l44lc72zr"},"id":"gl4n41hhvi5s2x3","previousOperationId":"6bivumohup6fs76"}
{"type":"log","timestamp":1705348910990,"level":"debug","message":"Page request finished: GET (script) 200 https://cdnjs.cloudflare.com/ajax/libs/Chart.js/2.7.2/Chart.min.js","meta":{"rootId":"i25au4l44lc72zr","id":"i25au4l44lc72zr"},"id":"020bpwqr3eazouz","previousOperationId":"6bivumohup6fs76"}
{"type":"log","timestamp":1705348911002,"level":"debug","message":"Running chrome with params {\"printBackground\":true,\"timeout\":59602,\"margin\":{}}","meta":{"rootId":"i25au4l44lc72zr","id":"i25au4l44lc72zr"},"id":"idihfagfrrufbr9","previousOperationId":"6bivumohup6fs76"}
{"type":"operationEnd","operationId":"6bivumohup6fs76","timestamp":1705348911015,"id":"4qfwcu9wr6jt7s6","previousEventId":"y08vm2jp8epc2ch","previousOperationId":"6bivumohup6fs76"}
{"type":"log","timestamp":1705348911015,"level":"debug","message":"Skipping storing report.","meta":{"rootId":"i25au4l44lc72zr","id":"i25au4l44lc72zr"},"id":"diy3pl7ejwq3xno","previousOperationId":"6bivumohup6fs76"}
{"type":"log","timestamp":1705348911015,"level":"info","message":"Rendering request 1 finished in 1305 ms","meta":{"rootId":"i25au4l44lc72zr","id":"i25au4l44lc72zr"},"id":"600ghg2ckfnbivy","previousOperationId":"6bivumohup6fs76"}
{"type":"operationEnd","subtype":"render","operationId":"acc6e8ec9xc8k6x","timestamp":1705348911015,"id":"s9vlpqjdpn2asgt","previousEventId":"4qfwcu9wr6jt7s6","previousOperationId":"6bivumohup6fs76"}
{"type":"operationEnd","doDiffs":false,"previousEventId":"eshyry5cto347t3","previousOperationId":"xtyirx90vuw8xdt","operationId":"xtyirx90vuw8xdt","timestamp":1705348911019,"id":"wr5tcz589cez21r"}
