{"type":"operationStart","subtype":"profile","data":{"_id":"mHvpzzvvRaIN5fK3","timestamp":"2024-01-15T19:58:23.603Z","state":"queued","mode":"standard","creationDate":"2024-01-15T19:58:23.604Z","modificationDate":"2024-01-15T19:58:23.604Z","shortid":"j4scsnN","$entitySet":"profiles"},"doDiffs":false,"timestamp":1705348703604,"id":"0rj0pw4l6u6xknc","previousOperationId":null,"operationId":"jasud1e1imva898"}
{"type":"log","level":"info","message":"Render request 26 queued for execution and waiting for available worker","previousOperationId":"jasud1e1imva898","timestamp":1705348703604,"id":"qq95sgfozd51fi5"}
{"type":"operationStart","subtype":"render","name":"mitca","previousOperationId":"jasud1e1imva898","timestamp":1705348703610,"id":"j0fedlav2eh5zoi","previousEventId":"0rj0pw4l6u6xknc","operationId":"ocy1mchemhkeop5"}
{"type":"log","timestamp":1705348703610,"level":"info","message":"Starting rendering request 26","meta":{"rootId":"kuh03ids0vtb7gn","id":"kuh03ids0vtb7gn"},"id":"nbasjp2lpnn7cq0","previousOperationId":"ocy1mchemhkeop5"}
{"type":"log","timestamp":1705348703611,"level":"info","message":"Rendering template { name: mitca, recipe: chrome-pdf, engine: handlebars, preview: true }","meta":{"rootId":"kuh03ids0vtb7gn","id":"kuh03ids0vtb7gn"},"id":"lutf8zrrer2a1tl","previousOperationId":"ocy1mchemhkeop5"}
{"type":"log","timestamp":1705348703612,"level":"debug","message":"Data item not defined for this template.","meta":{"rootId":"kuh03ids0vtb7gn","id":"kuh03ids0vtb7gn"},"id":"pl00ie9hdvj19y2","previousOperationId":"ocy1mchemhkeop5"}
{"type":"log","timestamp":1705348703613,"level":"debug","message":"Base url not specified, skipping its injection.","meta":{"rootId":"kuh03ids0vtb7gn","id":"kuh03ids0vtb7gn"},"id":"9mp6ccrdgx8nj3g","previousOperationId":"ocy1mchemhkeop5"}
{"type":"operationStart","subtype":"engine","name":"handlebars","timestamp":1705348703613,"id":"igyqpe4ul3e86ce","previousEventId":"j0fedlav2eh5zoi","operationId":"1mx3vfg63fesqjk","previousOperationId":"ocy1mchemhkeop5"}
{"type":"log","timestamp":1705348703613,"level":"debug","message":"Rendering engine handlebars","meta":{"rootId":"kuh03ids0vtb7gn","id":"kuh03ids0vtb7gn"},"id":"89x58a3cszepbvf","previousOperationId":"1mx3vfg63fesqjk"}
{"type":"operationEnd","operationId":"1mx3vfg63fesqjk","timestamp":1705348703621,"id":"aw6pqs3pzruvf9t","previousEventId":"igyqpe4ul3e86ce","previousOperationId":"1mx3vfg63fesqjk"}
{"type":"operationStart","subtype":"recipe","name":"chrome-pdf","timestamp":1705348703621,"id":"6r16qyniwc02sfh","previousEventId":"aw6pqs3pzruvf9t","operationId":"sei3llf7rmf7ncv","previousOperationId":"1mx3vfg63fesqjk"}
{"type":"log","timestamp":1705348703621,"level":"debug","message":"Executing recipe chrome-pdf","meta":{"rootId":"kuh03ids0vtb7gn","id":"kuh03ids0vtb7gn"},"id":"1wd1meu2jz384z0","previousOperationId":"sei3llf7rmf7ncv"}
{"type":"log","timestamp":1705348703625,"level":"debug","message":"Converting with chrome HeadlessChrome/117.0.5938.149 using chrome-pool strategy","meta":{"rootId":"kuh03ids0vtb7gn","id":"kuh03ids0vtb7gn"},"id":"8yobylf3geo7yov","previousOperationId":"sei3llf7rmf7ncv"}
{"type":"log","timestamp":1705348703687,"level":"debug","message":"Page request: GET (document) file:///var/folders/tp/6hccbwhd41s4hkmxw_2wkz640000gn/T/jsreport/autocleanup/e322d5b7-a819-4060-a76a-b2dddc63aef6-chrome-pdf.html","meta":{"rootId":"kuh03ids0vtb7gn","id":"kuh03ids0vtb7gn"},"id":"ej2t492i7ujrz0j","previousOperationId":"sei3llf7rmf7ncv"}
{"type":"log","timestamp":1705348703694,"level":"debug","message":"Page request finished: GET (document) 200 file:///var/folders/tp/6hccbwhd41s4hkmxw_2wkz640000gn/T/jsreport/autocleanup/e322d5b7-a819-4060-a76a-b2dddc63aef6-chrome-pdf.html","meta":{"rootId":"kuh03ids0vtb7gn","id":"kuh03ids0vtb7gn"},"id":"gy6dvwm90q7lazg","previousOperationId":"sei3llf7rmf7ncv"}
{"type":"log","timestamp":1705348703702,"level":"debug","message":"Running chrome with params {\"printBackground\":true,\"timeout\":59980,\"margin\":{}}","meta":{"rootId":"kuh03ids0vtb7gn","id":"kuh03ids0vtb7gn"},"id":"0svpkla76klwmau","previousOperationId":"sei3llf7rmf7ncv"}
{"type":"operationEnd","operationId":"sei3llf7rmf7ncv","timestamp":1705348703709,"id":"ba805rg4wq46e37","previousEventId":"6r16qyniwc02sfh","previousOperationId":"sei3llf7rmf7ncv"}
{"type":"log","timestamp":1705348703709,"level":"debug","message":"Skipping storing report.","meta":{"rootId":"kuh03ids0vtb7gn","id":"kuh03ids0vtb7gn"},"id":"yg7up6dwfl0yhh5","previousOperationId":"sei3llf7rmf7ncv"}
{"type":"log","timestamp":1705348703709,"level":"info","message":"Rendering request 26 finished in 106 ms","meta":{"rootId":"kuh03ids0vtb7gn","id":"kuh03ids0vtb7gn"},"id":"vp464xyqxryf794","previousOperationId":"sei3llf7rmf7ncv"}
{"type":"operationEnd","subtype":"render","operationId":"ocy1mchemhkeop5","timestamp":1705348703709,"id":"2e8s0jp51o89a9m","previousEventId":"ba805rg4wq46e37","previousOperationId":"sei3llf7rmf7ncv"}
{"type":"operationEnd","doDiffs":false,"previousEventId":"0rj0pw4l6u6xknc","previousOperationId":"jasud1e1imva898","operationId":"jasud1e1imva898","timestamp":1705348703710,"id":"472jewv92wfo0oa"}
