{"type":"operationStart","subtype":"profile","data":{"_id":"ImOqnjxFYdw9a9RW","timestamp":"2024-01-15T19:47:23.120Z","state":"queued","mode":"standard","creationDate":"2024-01-15T19:47:23.122Z","modificationDate":"2024-01-15T19:47:23.122Z","shortid":"0qR_U4R","$entitySet":"profiles"},"doDiffs":false,"timestamp":1705348043121,"id":"yqvujtjixlayl3j","previousOperationId":null,"operationId":"55eg4viaav2niqe"}
{"type":"log","level":"info","message":"Render request 14 queued for execution and waiting for available worker","previousOperationId":"55eg4viaav2niqe","timestamp":1705348043121,"id":"glv42n1wp82goxl"}
{"type":"operationStart","subtype":"render","name":"mitca","previousOperationId":"55eg4viaav2niqe","timestamp":1705348043140,"id":"zmrw8o7biotgcso","previousEventId":"yqvujtjixlayl3j","operationId":"0cvewy178n0d67l"}
{"type":"log","timestamp":1705348043143,"level":"info","message":"Starting rendering request 14","meta":{"rootId":"le6kiaygcgrlawu","id":"le6kiaygcgrlawu"},"id":"hra47fvwlldty2w","previousOperationId":"0cvewy178n0d67l"}
{"type":"log","timestamp":1705348043144,"level":"info","message":"Rendering template { name: mitca, recipe: chrome-pdf, engine: handlebars, preview: true }","meta":{"rootId":"le6kiaygcgrlawu","id":"le6kiaygcgrlawu"},"id":"vg5491swwlirkn7","previousOperationId":"0cvewy178n0d67l"}
{"type":"log","timestamp":1705348043145,"level":"debug","message":"Data item not defined for this template.","meta":{"rootId":"le6kiaygcgrlawu","id":"le6kiaygcgrlawu"},"id":"6ntyjp9h5vq2vxb","previousOperationId":"0cvewy178n0d67l"}
{"type":"log","timestamp":1705348043146,"level":"debug","message":"Base url not specified, skipping its injection.","meta":{"rootId":"le6kiaygcgrlawu","id":"le6kiaygcgrlawu"},"id":"risk9i3rume1vbc","previousOperationId":"0cvewy178n0d67l"}
{"type":"operationStart","subtype":"engine","name":"handlebars","timestamp":1705348043146,"id":"7i7qcv31ryl2u2m","previousEventId":"zmrw8o7biotgcso","operationId":"gxza5v447vpvh8v","previousOperationId":"0cvewy178n0d67l"}
{"type":"log","timestamp":1705348043146,"level":"debug","message":"Rendering engine handlebars","meta":{"rootId":"le6kiaygcgrlawu","id":"le6kiaygcgrlawu"},"id":"5ytyraxuogljfft","previousOperationId":"gxza5v447vpvh8v"}
{"type":"operationEnd","operationId":"gxza5v447vpvh8v","timestamp":1705348043152,"id":"7tf5o8lk4isn40x","previousEventId":"7i7qcv31ryl2u2m","previousOperationId":"gxza5v447vpvh8v"}
{"type":"operationStart","subtype":"recipe","name":"chrome-pdf","timestamp":1705348043152,"id":"tvx5u4fdz9i872n","previousEventId":"7tf5o8lk4isn40x","operationId":"e41rdd6jvhca6vi","previousOperationId":"gxza5v447vpvh8v"}
{"type":"log","timestamp":1705348043152,"level":"debug","message":"Executing recipe chrome-pdf","meta":{"rootId":"le6kiaygcgrlawu","id":"le6kiaygcgrlawu"},"id":"d3e6eunc4ua6h2s","previousOperationId":"e41rdd6jvhca6vi"}
{"type":"log","timestamp":1705348043154,"level":"debug","message":"Converting with chrome HeadlessChrome/117.0.5938.149 using chrome-pool strategy","meta":{"rootId":"le6kiaygcgrlawu","id":"le6kiaygcgrlawu"},"id":"fizf36um97zjep5","previousOperationId":"e41rdd6jvhca6vi"}
{"type":"log","timestamp":1705348043203,"level":"debug","message":"Page request: GET (document) file:///var/folders/tp/6hccbwhd41s4hkmxw_2wkz640000gn/T/jsreport/autocleanup/4eb2fe27-6355-4c3d-b754-7cee50925cfc-chrome-pdf.html","meta":{"rootId":"le6kiaygcgrlawu","id":"le6kiaygcgrlawu"},"id":"rq5fj5vv9fall57","previousOperationId":"e41rdd6jvhca6vi"}
{"type":"log","timestamp":1705348043210,"level":"debug","message":"Page request: GET (stylesheet) https://cdnjs.cloudflare.com/ajax/libs/metro/4.1.5/css/metro.min.css","meta":{"rootId":"le6kiaygcgrlawu","id":"le6kiaygcgrlawu"},"id":"229pch4h2rl3cnr","previousOperationId":"e41rdd6jvhca6vi"}
{"type":"log","timestamp":1705348043211,"level":"debug","message":"Page request: GET (script) https://cdnjs.cloudflare.com/ajax/libs/Chart.js/2.7.2/Chart.min.js","meta":{"rootId":"le6kiaygcgrlawu","id":"le6kiaygcgrlawu"},"id":"66020de2omsyltm","previousOperationId":"e41rdd6jvhca6vi"}
{"type":"log","timestamp":1705348043211,"level":"debug","message":"Page request finished: GET (document) 200 file:///var/folders/tp/6hccbwhd41s4hkmxw_2wkz640000gn/T/jsreport/autocleanup/4eb2fe27-6355-4c3d-b754-7cee50925cfc-chrome-pdf.html","meta":{"rootId":"le6kiaygcgrlawu","id":"le6kiaygcgrlawu"},"id":"7hiutzw04hq2s7c","previousOperationId":"e41rdd6jvhca6vi"}
{"type":"log","timestamp":1705348043219,"level":"debug","message":"Page request finished: GET (stylesheet) 200 https://cdnjs.cloudflare.com/ajax/libs/metro/4.1.5/css/metro.min.css","meta":{"rootId":"le6kiaygcgrlawu","id":"le6kiaygcgrlawu"},"id":"5j977a68yaalloz","previousOperationId":"e41rdd6jvhca6vi"}
{"type":"log","timestamp":1705348043220,"level":"debug","message":"Page request finished: GET (script) 200 https://cdnjs.cloudflare.com/ajax/libs/Chart.js/2.7.2/Chart.min.js","meta":{"rootId":"le6kiaygcgrlawu","id":"le6kiaygcgrlawu"},"id":"2ppyugi6o3p9oor","previousOperationId":"e41rdd6jvhca6vi"}
{"type":"log","timestamp":1705348043225,"level":"debug","message":"Running chrome with params {\"printBackground\":true,\"timeout\":59967,\"margin\":{}}","meta":{"rootId":"le6kiaygcgrlawu","id":"le6kiaygcgrlawu"},"id":"pe8ttnmvoadv4l9","previousOperationId":"e41rdd6jvhca6vi"}
{"type":"operationEnd","operationId":"e41rdd6jvhca6vi","timestamp":1705348043234,"id":"b2m4a0vj5slpozi","previousEventId":"tvx5u4fdz9i872n","previousOperationId":"e41rdd6jvhca6vi"}
{"type":"log","timestamp":1705348043234,"level":"debug","message":"Skipping storing report.","meta":{"rootId":"le6kiaygcgrlawu","id":"le6kiaygcgrlawu"},"id":"3dzud21zsy358dl","previousOperationId":"e41rdd6jvhca6vi"}
{"type":"log","timestamp":1705348043234,"level":"info","message":"Rendering request 14 finished in 114 ms","meta":{"rootId":"le6kiaygcgrlawu","id":"le6kiaygcgrlawu"},"id":"54ivqmpovfpafif","previousOperationId":"e41rdd6jvhca6vi"}
{"type":"operationEnd","subtype":"render","operationId":"0cvewy178n0d67l","timestamp":1705348043234,"id":"aedxhyqq68iakpc","previousEventId":"b2m4a0vj5slpozi","previousOperationId":"e41rdd6jvhca6vi"}
{"type":"operationEnd","doDiffs":false,"previousEventId":"yqvujtjixlayl3j","previousOperationId":"55eg4viaav2niqe","operationId":"55eg4viaav2niqe","timestamp":1705348043236,"id":"sfod8ku755nlj3w"}
