{"type":"operationStart","subtype":"profile","data":{"_id":"x3WUhQk0QSULdWsU","timestamp":"2024-01-15T19:49:47.863Z","state":"queued","mode":"standard","creationDate":"2024-01-15T19:49:47.865Z","modificationDate":"2024-01-15T19:49:47.865Z","shortid":"avflPh-","$entitySet":"profiles"},"doDiffs":false,"timestamp":1705348187863,"id":"zwosqp2jusyd1x5","previousOperationId":null,"operationId":"2baids8o0qp9hca"}
{"type":"log","level":"info","message":"Render request 17 queued for execution and waiting for available worker","previousOperationId":"2baids8o0qp9hca","timestamp":1705348187864,"id":"0p0x96mbkorlnpd"}
{"type":"operationStart","subtype":"render","name":"mitca","previousOperationId":"2baids8o0qp9hca","timestamp":1705348187872,"id":"i87ybyyc0h92a6n","previousEventId":"zwosqp2jusyd1x5","operationId":"vlefuieu3lm0h66"}
{"type":"log","timestamp":1705348187873,"level":"info","message":"Starting rendering request 17","meta":{"rootId":"mevcoqopc7zify5","id":"mevcoqopc7zify5"},"id":"5d49qn3ltmfc9nc","previousOperationId":"vlefuieu3lm0h66"}
{"type":"log","timestamp":1705348187873,"level":"info","message":"Rendering template { name: mitca, recipe: chrome-pdf, engine: handlebars, preview: true }","meta":{"rootId":"mevcoqopc7zify5","id":"mevcoqopc7zify5"},"id":"ohx7hwxseak03a6","previousOperationId":"vlefuieu3lm0h66"}
{"type":"log","timestamp":1705348187874,"level":"debug","message":"Data item not defined for this template.","meta":{"rootId":"mevcoqopc7zify5","id":"mevcoqopc7zify5"},"id":"nw18lh5zthyq6cd","previousOperationId":"vlefuieu3lm0h66"}
{"type":"log","timestamp":1705348187876,"level":"debug","message":"Base url not specified, skipping its injection.","meta":{"rootId":"mevcoqopc7zify5","id":"mevcoqopc7zify5"},"id":"k3es5ww06r5dpp3","previousOperationId":"vlefuieu3lm0h66"}
{"type":"operationStart","subtype":"engine","name":"handlebars","timestamp":1705348187877,"id":"iz10i6trrywxuqa","previousEventId":"i87ybyyc0h92a6n","operationId":"fkjky37yq028kis","previousOperationId":"vlefuieu3lm0h66"}
{"type":"log","timestamp":1705348187877,"level":"debug","message":"Rendering engine handlebars","meta":{"rootId":"mevcoqopc7zify5","id":"mevcoqopc7zify5"},"id":"cate9fnjbordsq6","previousOperationId":"fkjky37yq028kis"}
{"type":"operationEnd","operationId":"fkjky37yq028kis","timestamp":1705348187892,"id":"gmnlxyesa5i8g3e","previousEventId":"iz10i6trrywxuqa","previousOperationId":"fkjky37yq028kis"}
{"type":"operationStart","subtype":"recipe","name":"chrome-pdf","timestamp":1705348187892,"id":"482cchazuur3d99","previousEventId":"gmnlxyesa5i8g3e","operationId":"qn1kdeh868jveqd","previousOperationId":"fkjky37yq028kis"}
{"type":"log","timestamp":1705348187892,"level":"debug","message":"Executing recipe chrome-pdf","meta":{"rootId":"mevcoqopc7zify5","id":"mevcoqopc7zify5"},"id":"r8tmp9u92q58crz","previousOperationId":"qn1kdeh868jveqd"}
{"type":"log","timestamp":1705348187894,"level":"debug","message":"Converting with chrome HeadlessChrome/117.0.5938.149 using chrome-pool strategy","meta":{"rootId":"mevcoqopc7zify5","id":"mevcoqopc7zify5"},"id":"g4amwq39xghs6tx","previousOperationId":"qn1kdeh868jveqd"}
{"type":"log","timestamp":1705348187960,"level":"debug","message":"Page request: GET (document) file:///var/folders/tp/6hccbwhd41s4hkmxw_2wkz640000gn/T/jsreport/autocleanup/1a3f6ba8-a8e8-405d-b9be-4f5030743063-chrome-pdf.html","meta":{"rootId":"mevcoqopc7zify5","id":"mevcoqopc7zify5"},"id":"pgdvh7p8fhjay6e","previousOperationId":"qn1kdeh868jveqd"}
{"type":"log","timestamp":1705348187965,"level":"debug","message":"Page request: GET (stylesheet) https://cdnjs.cloudflare.com/ajax/libs/metro/4.1.5/css/metro.min.css","meta":{"rootId":"mevcoqopc7zify5","id":"mevcoqopc7zify5"},"id":"3clo3tg18evhuh6","previousOperationId":"qn1kdeh868jveqd"}
{"type":"log","timestamp":1705348187965,"level":"debug","message":"Page request: GET (script) https://cdnjs.cloudflare.com/ajax/libs/Chart.js/2.7.2/Chart.min.js","meta":{"rootId":"mevcoqopc7zify5","id":"mevcoqopc7zify5"},"id":"vfuwqldlxigz3ar","previousOperationId":"qn1kdeh868jveqd"}
{"type":"log","timestamp":1705348187965,"level":"debug","message":"Page request finished: GET (document) 200 file:///var/folders/tp/6hccbwhd41s4hkmxw_2wkz640000gn/T/jsreport/autocleanup/1a3f6ba8-a8e8-405d-b9be-4f5030743063-chrome-pdf.html","meta":{"rootId":"mevcoqopc7zify5","id":"mevcoqopc7zify5"},"id":"7zdmvycntf4gz5n","previousOperationId":"qn1kdeh868jveqd"}
{"type":"log","timestamp":1705348187968,"level":"debug","message":"Page request finished: GET (script) 200 https://cdnjs.cloudflare.com/ajax/libs/Chart.js/2.7.2/Chart.min.js","meta":{"rootId":"mevcoqopc7zify5","id":"mevcoqopc7zify5"},"id":"731m6whsqa83yxj","previousOperationId":"qn1kdeh868jveqd"}
{"type":"log","timestamp":1705348187973,"level":"debug","message":"Page request finished: GET (stylesheet) 200 https://cdnjs.cloudflare.com/ajax/libs/metro/4.1.5/css/metro.min.css","meta":{"rootId":"mevcoqopc7zify5","id":"mevcoqopc7zify5"},"id":"keedakn6opwa8eg","previousOperationId":"qn1kdeh868jveqd"}
{"type":"log","timestamp":1705348187977,"level":"debug","message":"Running chrome with params {\"printBackground\":true,\"timeout\":59970,\"margin\":{}}","meta":{"rootId":"mevcoqopc7zify5","id":"mevcoqopc7zify5"},"id":"aiwybodh9f6tc29","previousOperationId":"qn1kdeh868jveqd"}
{"type":"operationEnd","operationId":"qn1kdeh868jveqd","timestamp":1705348187986,"id":"dr86rpbq2of84ex","previousEventId":"482cchazuur3d99","previousOperationId":"qn1kdeh868jveqd"}
{"type":"log","timestamp":1705348187986,"level":"debug","message":"Skipping storing report.","meta":{"rootId":"mevcoqopc7zify5","id":"mevcoqopc7zify5"},"id":"hpe3kjso1x6qahm","previousOperationId":"qn1kdeh868jveqd"}
{"type":"log","timestamp":1705348187986,"level":"info","message":"Rendering request 17 finished in 123 ms","meta":{"rootId":"mevcoqopc7zify5","id":"mevcoqopc7zify5"},"id":"0bt2r7dt92ckgnf","previousOperationId":"qn1kdeh868jveqd"}
{"type":"operationEnd","subtype":"render","operationId":"vlefuieu3lm0h66","timestamp":1705348187986,"id":"4xkczmpe18z14v5","previousEventId":"dr86rpbq2of84ex","previousOperationId":"qn1kdeh868jveqd"}
{"type":"operationEnd","doDiffs":false,"previousEventId":"zwosqp2jusyd1x5","previousOperationId":"2baids8o0qp9hca","operationId":"2baids8o0qp9hca","timestamp":1705348187988,"id":"ruwkykh473qjem0"}
