{"type":"operationStart","subtype":"profile","data":{"_id":"hPH7wIbQyrQFdCQS","timestamp":"2024-01-15T19:57:08.488Z","state":"queued","mode":"standard","creationDate":"2024-01-15T19:57:08.489Z","modificationDate":"2024-01-15T19:57:08.489Z","shortid":"GDyb_Wg","$entitySet":"profiles"},"doDiffs":false,"timestamp":1705348628488,"id":"umtsjxtele667nw","previousOperationId":null,"operationId":"c8408fsyfj5keb1"}
{"type":"log","level":"info","message":"Render request 23 queued for execution and waiting for available worker","previousOperationId":"c8408fsyfj5keb1","timestamp":1705348628488,"id":"31pcw09799lzu7n"}
{"type":"operationStart","subtype":"render","name":"mitca","previousOperationId":"c8408fsyfj5keb1","timestamp":1705348628496,"id":"y817qn2ad8hlgfx","previousEventId":"umtsjxtele667nw","operationId":"xuy66hell4zx517"}
{"type":"log","timestamp":1705348628496,"level":"info","message":"Starting rendering request 23","meta":{"rootId":"ooc7fvcy84yzqbi","id":"ooc7fvcy84yzqbi"},"id":"zs4bkkhitu4k39t","previousOperationId":"xuy66hell4zx517"}
{"type":"log","timestamp":1705348628496,"level":"info","message":"Rendering template { name: mitca, recipe: chrome-pdf, engine: handlebars, preview: true }","meta":{"rootId":"ooc7fvcy84yzqbi","id":"ooc7fvcy84yzqbi"},"id":"afjuffjfwpfee9d","previousOperationId":"xuy66hell4zx517"}
{"type":"log","timestamp":1705348628497,"level":"debug","message":"Data item not defined for this template.","meta":{"rootId":"ooc7fvcy84yzqbi","id":"ooc7fvcy84yzqbi"},"id":"8m1w8ffexkqkru9","previousOperationId":"xuy66hell4zx517"}
{"type":"log","timestamp":1705348628498,"level":"debug","message":"Base url not specified, skipping its injection.","meta":{"rootId":"ooc7fvcy84yzqbi","id":"ooc7fvcy84yzqbi"},"id":"1h8s3ene46r8c99","previousOperationId":"xuy66hell4zx517"}
{"type":"operationStart","subtype":"engine","name":"handlebars","timestamp":1705348628498,"id":"peuq16r1wwo2yob","previousEventId":"y817qn2ad8hlgfx","operationId":"bdru3d2rbde3qxk","previousOperationId":"xuy66hell4zx517"}
{"type":"log","timestamp":1705348628498,"level":"debug","message":"Rendering engine handlebars","meta":{"rootId":"ooc7fvcy84yzqbi","id":"ooc7fvcy84yzqbi"},"id":"nho8p4ecfpjd3g8","previousOperationId":"bdru3d2rbde3qxk"}
{"type":"operationEnd","operationId":"bdru3d2rbde3qxk","timestamp":1705348628507,"id":"ujbs5z6fr9gpegz","previousEventId":"peuq16r1wwo2yob","previousOperationId":"bdru3d2rbde3qxk"}
{"type":"operationStart","subtype":"recipe","name":"chrome-pdf","timestamp":1705348628508,"id":"uv7p8xn39vlkdcp","previousEventId":"ujbs5z6fr9gpegz","operationId":"7s5459jjdr9mw3i","previousOperationId":"bdru3d2rbde3qxk"}
{"type":"log","timestamp":1705348628508,"level":"debug","message":"Executing recipe chrome-pdf","meta":{"rootId":"ooc7fvcy84yzqbi","id":"ooc7fvcy84yzqbi"},"id":"13qq1m6uzbnbz5g","previousOperationId":"7s5459jjdr9mw3i"}
{"type":"log","timestamp":1705348628510,"level":"debug","message":"Converting with chrome HeadlessChrome/117.0.5938.149 using chrome-pool strategy","meta":{"rootId":"ooc7fvcy84yzqbi","id":"ooc7fvcy84yzqbi"},"id":"x18zhlc8cnostb4","previousOperationId":"7s5459jjdr9mw3i"}
{"type":"log","timestamp":1705348628571,"level":"debug","message":"Page request: GET (document) file:///var/folders/tp/6hccbwhd41s4hkmxw_2wkz640000gn/T/jsreport/autocleanup/de7d1540-3da4-431e-b74c-a845ffe69b7e-chrome-pdf.html","meta":{"rootId":"ooc7fvcy84yzqbi","id":"ooc7fvcy84yzqbi"},"id":"ars84qvo1x95bja","previousOperationId":"7s5459jjdr9mw3i"}
{"type":"log","timestamp":1705348628576,"level":"debug","message":"Page request finished: GET (document) 200 file:///var/folders/tp/6hccbwhd41s4hkmxw_2wkz640000gn/T/jsreport/autocleanup/de7d1540-3da4-431e-b74c-a845ffe69b7e-chrome-pdf.html","meta":{"rootId":"ooc7fvcy84yzqbi","id":"ooc7fvcy84yzqbi"},"id":"4fj6g54k8676m01","previousOperationId":"7s5459jjdr9mw3i"}
{"type":"log","timestamp":1705348628584,"level":"debug","message":"Running chrome with params {\"printBackground\":true,\"timeout\":59980,\"margin\":{}}","meta":{"rootId":"ooc7fvcy84yzqbi","id":"ooc7fvcy84yzqbi"},"id":"lzjr64lprczwyat","previousOperationId":"7s5459jjdr9mw3i"}
{"type":"operationEnd","operationId":"7s5459jjdr9mw3i","timestamp":1705348628589,"id":"1yldqch4ox6v2v4","previousEventId":"uv7p8xn39vlkdcp","previousOperationId":"7s5459jjdr9mw3i"}
{"type":"log","timestamp":1705348628589,"level":"debug","message":"Skipping storing report.","meta":{"rootId":"ooc7fvcy84yzqbi","id":"ooc7fvcy84yzqbi"},"id":"ickkgp0fvmaa0xa","previousOperationId":"7s5459jjdr9mw3i"}
{"type":"log","timestamp":1705348628589,"level":"info","message":"Rendering request 23 finished in 101 ms","meta":{"rootId":"ooc7fvcy84yzqbi","id":"ooc7fvcy84yzqbi"},"id":"xhmpiyux834q5wg","previousOperationId":"7s5459jjdr9mw3i"}
{"type":"operationEnd","subtype":"render","operationId":"xuy66hell4zx517","timestamp":1705348628589,"id":"ot1d4e00wbvdrpo","previousEventId":"1yldqch4ox6v2v4","previousOperationId":"7s5459jjdr9mw3i"}
{"type":"operationEnd","doDiffs":false,"previousEventId":"umtsjxtele667nw","previousOperationId":"c8408fsyfj5keb1","operationId":"c8408fsyfj5keb1","timestamp":1705348628590,"id":"fcovd3ir2zxw1tp"}
