{"type":"operationStart","subtype":"profile","data":{"_id":"JDUny9EMthe6iIjJ","timestamp":"2024-01-15T19:50:28.029Z","state":"queued","mode":"standard","creationDate":"2024-01-15T19:50:28.030Z","modificationDate":"2024-01-15T19:50:28.030Z","shortid":"yBEiI76","$entitySet":"profiles"},"doDiffs":false,"timestamp":1705348228029,"id":"q6evh8kx6k1uvct","previousOperationId":null,"operationId":"356ionib3yy968u"}
{"type":"log","level":"info","message":"Render request 18 queued for execution and waiting for available worker","previousOperationId":"356ionib3yy968u","timestamp":1705348228030,"id":"700kbajld2ceht9"}
{"type":"operationStart","subtype":"render","name":"mitca","previousOperationId":"356ionib3yy968u","timestamp":1705348228038,"id":"7ciegkynczezazd","previousEventId":"q6evh8kx6k1uvct","operationId":"bcbkshngkh54hkd"}
{"type":"log","timestamp":1705348228038,"level":"info","message":"Starting rendering request 18","meta":{"rootId":"q1m9r7bh1tdx0dv","id":"q1m9r7bh1tdx0dv"},"id":"dkkcrbahfc8cewi","previousOperationId":"bcbkshngkh54hkd"}
{"type":"log","timestamp":1705348228039,"level":"info","message":"Rendering template { name: mitca, recipe: chrome-pdf, engine: handlebars, preview: true }","meta":{"rootId":"q1m9r7bh1tdx0dv","id":"q1m9r7bh1tdx0dv"},"id":"vo9dehg2sx0wzvk","previousOperationId":"bcbkshngkh54hkd"}
{"type":"log","timestamp":1705348228039,"level":"debug","message":"Data item not defined for this template.","meta":{"rootId":"q1m9r7bh1tdx0dv","id":"q1m9r7bh1tdx0dv"},"id":"pehswxlz7agqg3l","previousOperationId":"bcbkshngkh54hkd"}
{"type":"log","timestamp":1705348228042,"level":"debug","message":"Base url not specified, skipping its injection.","meta":{"rootId":"q1m9r7bh1tdx0dv","id":"q1m9r7bh1tdx0dv"},"id":"68gh103t51c1rxz","previousOperationId":"bcbkshngkh54hkd"}
{"type":"operationStart","subtype":"engine","name":"handlebars","timestamp":1705348228043,"id":"dfxcljqlkkw7rrr","previousEventId":"7ciegkynczezazd","operationId":"vmuabjmt87lfwf3","previousOperationId":"bcbkshngkh54hkd"}
{"type":"log","timestamp":1705348228043,"level":"debug","message":"Rendering engine handlebars","meta":{"rootId":"q1m9r7bh1tdx0dv","id":"q1m9r7bh1tdx0dv"},"id":"n46heppstplvs1e","previousOperationId":"vmuabjmt87lfwf3"}
{"type":"operationEnd","operationId":"vmuabjmt87lfwf3","timestamp":1705348228059,"id":"hr64ud6mjam9z06","previousEventId":"dfxcljqlkkw7rrr","previousOperationId":"vmuabjmt87lfwf3"}
{"type":"operationStart","subtype":"recipe","name":"chrome-pdf","timestamp":1705348228059,"id":"vuv1roxjq6jaqm8","previousEventId":"hr64ud6mjam9z06","operationId":"tb7hvrhgu44yhj9","previousOperationId":"vmuabjmt87lfwf3"}
{"type":"log","timestamp":1705348228059,"level":"debug","message":"Executing recipe chrome-pdf","meta":{"rootId":"q1m9r7bh1tdx0dv","id":"q1m9r7bh1tdx0dv"},"id":"ppeaql5dvac6riq","previousOperationId":"tb7hvrhgu44yhj9"}
{"type":"log","timestamp":1705348228061,"level":"debug","message":"Converting with chrome HeadlessChrome/117.0.5938.149 using chrome-pool strategy","meta":{"rootId":"q1m9r7bh1tdx0dv","id":"q1m9r7bh1tdx0dv"},"id":"kq7cx6grc7mm4sa","previousOperationId":"tb7hvrhgu44yhj9"}
{"type":"log","timestamp":1705348228114,"level":"debug","message":"Page request: GET (document) file:///var/folders/tp/6hccbwhd41s4hkmxw_2wkz640000gn/T/jsreport/autocleanup/40716987-8371-4c32-b99a-59bcfe44355a-chrome-pdf.html","meta":{"rootId":"q1m9r7bh1tdx0dv","id":"q1m9r7bh1tdx0dv"},"id":"shd6wmuj8wp8hl4","previousOperationId":"tb7hvrhgu44yhj9"}
{"type":"log","timestamp":1705348228120,"level":"debug","message":"Page request: GET (stylesheet) https://cdnjs.cloudflare.com/ajax/libs/metro/4.1.5/css/metro.min.css","meta":{"rootId":"q1m9r7bh1tdx0dv","id":"q1m9r7bh1tdx0dv"},"id":"4z91js84pyqtbxd","previousOperationId":"tb7hvrhgu44yhj9"}
{"type":"log","timestamp":1705348228120,"level":"debug","message":"Page request: GET (script) https://cdnjs.cloudflare.com/ajax/libs/Chart.js/2.7.2/Chart.min.js","meta":{"rootId":"q1m9r7bh1tdx0dv","id":"q1m9r7bh1tdx0dv"},"id":"mv5bb2abhdwon2e","previousOperationId":"tb7hvrhgu44yhj9"}
{"type":"log","timestamp":1705348228120,"level":"debug","message":"Page request finished: GET (document) 200 file:///var/folders/tp/6hccbwhd41s4hkmxw_2wkz640000gn/T/jsreport/autocleanup/40716987-8371-4c32-b99a-59bcfe44355a-chrome-pdf.html","meta":{"rootId":"q1m9r7bh1tdx0dv","id":"q1m9r7bh1tdx0dv"},"id":"lfs4wv4u9cssbuk","previousOperationId":"tb7hvrhgu44yhj9"}
{"type":"log","timestamp":1705348228123,"level":"debug","message":"Page request finished: GET (script) 200 https://cdnjs.cloudflare.com/ajax/libs/Chart.js/2.7.2/Chart.min.js","meta":{"rootId":"q1m9r7bh1tdx0dv","id":"q1m9r7bh1tdx0dv"},"id":"9i69p73ncif9syg","previousOperationId":"tb7hvrhgu44yhj9"}
{"type":"log","timestamp":1705348228129,"level":"debug","message":"Page request finished: GET (stylesheet) 200 https://cdnjs.cloudflare.com/ajax/libs/metro/4.1.5/css/metro.min.css","meta":{"rootId":"q1m9r7bh1tdx0dv","id":"q1m9r7bh1tdx0dv"},"id":"odsfvs3z870mfm6","previousOperationId":"tb7hvrhgu44yhj9"}
{"type":"log","timestamp":1705348228133,"level":"debug","message":"Running chrome with params {\"printBackground\":true,\"timeout\":59969,\"margin\":{}}","meta":{"rootId":"q1m9r7bh1tdx0dv","id":"q1m9r7bh1tdx0dv"},"id":"ea2m1xt0k9dtxmg","previousOperationId":"tb7hvrhgu44yhj9"}
{"type":"operationEnd","operationId":"tb7hvrhgu44yhj9","timestamp":1705348228142,"id":"4t5hoqw881pgvbq","previousEventId":"vuv1roxjq6jaqm8","previousOperationId":"tb7hvrhgu44yhj9"}
{"type":"log","timestamp":1705348228142,"level":"debug","message":"Skipping storing report.","meta":{"rootId":"q1m9r7bh1tdx0dv","id":"q1m9r7bh1tdx0dv"},"id":"3nbnzrj35h4nglh","previousOperationId":"tb7hvrhgu44yhj9"}
{"type":"log","timestamp":1705348228142,"level":"info","message":"Rendering request 18 finished in 113 ms","meta":{"rootId":"q1m9r7bh1tdx0dv","id":"q1m9r7bh1tdx0dv"},"id":"nara6ghkab3z43y","previousOperationId":"tb7hvrhgu44yhj9"}
{"type":"operationEnd","subtype":"render","operationId":"bcbkshngkh54hkd","timestamp":1705348228142,"id":"vs993gjjm4ypv5u","previousEventId":"4t5hoqw881pgvbq","previousOperationId":"tb7hvrhgu44yhj9"}
{"type":"operationEnd","doDiffs":false,"previousEventId":"q6evh8kx6k1uvct","previousOperationId":"356ionib3yy968u","operationId":"356ionib3yy968u","timestamp":1705348228144,"id":"itpgxz1hv3w1b89"}
