{"type":"operationStart","subtype":"profile","data":{"_id":"UOk7wbX2n5EHgK6J","timestamp":"2024-01-15T19:42:26.916Z","state":"queued","mode":"standard","creationDate":"2024-01-15T19:42:26.917Z","modificationDate":"2024-01-15T19:42:26.917Z","shortid":"YLbsz7g","$entitySet":"profiles"},"doDiffs":false,"timestamp":1705347746917,"id":"0ie27evc7107dji","previousOperationId":null,"operationId":"scv5nfnaq29u17d"}
{"type":"log","level":"info","message":"Render request 10 queued for execution and waiting for available worker","previousOperationId":"scv5nfnaq29u17d","timestamp":1705347746917,"id":"ay5szespntjxflr"}
{"type":"operationStart","subtype":"render","name":"mitca","previousOperationId":"scv5nfnaq29u17d","timestamp":1705347746925,"id":"rj3md6dbtuamqb0","previousEventId":"0ie27evc7107dji","operationId":"wit88rr4vwhc5br"}
{"type":"log","timestamp":1705347746925,"level":"info","message":"Starting rendering request 10","meta":{"rootId":"si3le1m33tddose","id":"si3le1m33tddose"},"id":"my232cnuj7h6qoa","previousOperationId":"wit88rr4vwhc5br"}
{"type":"log","timestamp":1705347746926,"level":"info","message":"Rendering template { name: mitca, recipe: chrome-pdf, engine: handlebars, preview: true }","meta":{"rootId":"si3le1m33tddose","id":"si3le1m33tddose"},"id":"aql768jysrqsybp","previousOperationId":"wit88rr4vwhc5br"}
{"type":"log","timestamp":1705347746926,"level":"debug","message":"Data item not defined for this template.","meta":{"rootId":"si3le1m33tddose","id":"si3le1m33tddose"},"id":"2godvrqnopst1l7","previousOperationId":"wit88rr4vwhc5br"}
{"type":"log","timestamp":1705347746929,"level":"debug","message":"Base url not specified, skipping its injection.","meta":{"rootId":"si3le1m33tddose","id":"si3le1m33tddose"},"id":"f32ik3da4w7ey0q","previousOperationId":"wit88rr4vwhc5br"}
{"type":"operationStart","subtype":"engine","name":"handlebars","timestamp":1705347746930,"id":"2lslqtc36kl97ak","previousEventId":"rj3md6dbtuamqb0","operationId":"ax4906ywc4kc2yr","previousOperationId":"wit88rr4vwhc5br"}
{"type":"log","timestamp":1705347746930,"level":"debug","message":"Rendering engine handlebars","meta":{"rootId":"si3le1m33tddose","id":"si3le1m33tddose"},"id":"q1kh1aiizporadu","previousOperationId":"ax4906ywc4kc2yr"}
{"type":"operationEnd","operationId":"ax4906ywc4kc2yr","timestamp":1705347746948,"id":"ln4s65g8t5scgh0","previousEventId":"2lslqtc36kl97ak","previousOperationId":"ax4906ywc4kc2yr"}
{"type":"operationStart","subtype":"recipe","name":"chrome-pdf","timestamp":1705347746948,"id":"hy3b58whhz7oo1q","previousEventId":"ln4s65g8t5scgh0","operationId":"3t445km9re1r36k","previousOperationId":"ax4906ywc4kc2yr"}
{"type":"log","timestamp":1705347746948,"level":"debug","message":"Executing recipe chrome-pdf","meta":{"rootId":"si3le1m33tddose","id":"si3le1m33tddose"},"id":"j2enzbyl928oom4","previousOperationId":"3t445km9re1r36k"}
{"type":"log","timestamp":1705347746952,"level":"debug","message":"Converting with chrome HeadlessChrome/117.0.5938.149 using chrome-pool strategy","meta":{"rootId":"si3le1m33tddose","id":"si3le1m33tddose"},"id":"nssii13bob2daf0","previousOperationId":"3t445km9re1r36k"}
{"type":"log","timestamp":1705347747011,"level":"debug","message":"Page request: GET (document) file:///var/folders/tp/6hccbwhd41s4hkmxw_2wkz640000gn/T/jsreport/autocleanup/cede2290-3caf-4f4d-8b2f-831b41087c04-chrome-pdf.html","meta":{"rootId":"si3le1m33tddose","id":"si3le1m33tddose"},"id":"lwzsnyd2ewwc8jj","previousOperationId":"3t445km9re1r36k"}
{"type":"log","timestamp":1705347747015,"level":"debug","message":"Page request: GET (stylesheet) https://cdnjs.cloudflare.com/ajax/libs/metro/4.1.5/css/metro.min.css","meta":{"rootId":"si3le1m33tddose","id":"si3le1m33tddose"},"id":"jeolnlkloxn4s3t","previousOperationId":"3t445km9re1r36k"}
{"type":"log","timestamp":1705347747016,"level":"debug","message":"Page request: GET (script) https://cdnjs.cloudflare.com/ajax/libs/Chart.js/2.7.2/Chart.min.js","meta":{"rootId":"si3le1m33tddose","id":"si3le1m33tddose"},"id":"ir8t81zzm6opd2m","previousOperationId":"3t445km9re1r36k"}
{"type":"log","timestamp":1705347747016,"level":"debug","message":"Page request finished: GET (document) 200 file:///var/folders/tp/6hccbwhd41s4hkmxw_2wkz640000gn/T/jsreport/autocleanup/cede2290-3caf-4f4d-8b2f-831b41087c04-chrome-pdf.html","meta":{"rootId":"si3le1m33tddose","id":"si3le1m33tddose"},"id":"wuawpmmvujtc3zw","previousOperationId":"3t445km9re1r36k"}
{"type":"log","timestamp":1705347747018,"level":"debug","message":"Page request finished: GET (script) 200 https://cdnjs.cloudflare.com/ajax/libs/Chart.js/2.7.2/Chart.min.js","meta":{"rootId":"si3le1m33tddose","id":"si3le1m33tddose"},"id":"sui75fozzpdpv3n","previousOperationId":"3t445km9re1r36k"}
{"type":"log","timestamp":1705347747023,"level":"debug","message":"Page request finished: GET (stylesheet) 200 https://cdnjs.cloudflare.com/ajax/libs/metro/4.1.5/css/metro.min.css","meta":{"rootId":"si3le1m33tddose","id":"si3le1m33tddose"},"id":"mrqd4i8xkyus9kd","previousOperationId":"3t445km9re1r36k"}
{"type":"log","timestamp":1705347747028,"level":"debug","message":"Running chrome with params {\"printBackground\":true,\"timeout\":59966,\"margin\":{}}","meta":{"rootId":"si3le1m33tddose","id":"si3le1m33tddose"},"id":"vonk6gn1xn8ac9u","previousOperationId":"3t445km9re1r36k"}
{"type":"operationEnd","operationId":"3t445km9re1r36k","timestamp":1705347747037,"id":"l3p4qimo89sav6g","previousEventId":"hy3b58whhz7oo1q","previousOperationId":"3t445km9re1r36k"}
{"type":"log","timestamp":1705347747037,"level":"debug","message":"Skipping storing report.","meta":{"rootId":"si3le1m33tddose","id":"si3le1m33tddose"},"id":"ye2u0kc70zp2s7a","previousOperationId":"3t445km9re1r36k"}
{"type":"log","timestamp":1705347747037,"level":"info","message":"Rendering request 10 finished in 121 ms","meta":{"rootId":"si3le1m33tddose","id":"si3le1m33tddose"},"id":"88ekep066v8mwn8","previousOperationId":"3t445km9re1r36k"}
{"type":"operationEnd","subtype":"render","operationId":"wit88rr4vwhc5br","timestamp":1705347747037,"id":"9al68lsimq6oole","previousEventId":"l3p4qimo89sav6g","previousOperationId":"3t445km9re1r36k"}
{"type":"operationEnd","doDiffs":false,"previousEventId":"0ie27evc7107dji","previousOperationId":"scv5nfnaq29u17d","operationId":"scv5nfnaq29u17d","timestamp":1705347747040,"id":"ssp0pp0rzynkqdo"}
