{"type":"operationStart","subtype":"profile","data":{"_id":"jk6FR16JHsFpsTeE","timestamp":"2024-01-15T19:41:51.861Z","state":"queued","mode":"standard","creationDate":"2024-01-15T19:41:51.862Z","modificationDate":"2024-01-15T19:41:51.862Z","shortid":"rX0-PMB","$entitySet":"profiles"},"doDiffs":false,"timestamp":1705347711862,"id":"1xxjc5y6s8sd3h4","previousOperationId":null,"operationId":"gptag9ypglexxj2"}
{"type":"log","level":"info","message":"Render request 9 queued for execution and waiting for available worker","previousOperationId":"gptag9ypglexxj2","timestamp":1705347711862,"id":"ni5eyryzlq5a028"}
{"type":"operationStart","subtype":"render","name":"mitca","previousOperationId":"gptag9ypglexxj2","timestamp":1705347711873,"id":"y5inuiqd6grgo07","previousEventId":"1xxjc5y6s8sd3h4","operationId":"7qxq3w1qp79mlfe"}
{"type":"log","timestamp":1705347711873,"level":"info","message":"Starting rendering request 9","meta":{"rootId":"snmaug142p4p05r","id":"snmaug142p4p05r"},"id":"t3bq1d6dnf9g5cg","previousOperationId":"7qxq3w1qp79mlfe"}
{"type":"log","timestamp":1705347711873,"level":"info","message":"Rendering template { name: mitca, recipe: chrome-pdf, engine: handlebars, preview: true }","meta":{"rootId":"snmaug142p4p05r","id":"snmaug142p4p05r"},"id":"902sbm2v2yzx2cx","previousOperationId":"7qxq3w1qp79mlfe"}
{"type":"log","timestamp":1705347711874,"level":"debug","message":"Data item not defined for this template.","meta":{"rootId":"snmaug142p4p05r","id":"snmaug142p4p05r"},"id":"3n1yoha6iw3x2vp","previousOperationId":"7qxq3w1qp79mlfe"}
{"type":"log","timestamp":1705347711875,"level":"debug","message":"Base url not specified, skipping its injection.","meta":{"rootId":"snmaug142p4p05r","id":"snmaug142p4p05r"},"id":"3yi4588n4ujvhcc","previousOperationId":"7qxq3w1qp79mlfe"}
{"type":"operationStart","subtype":"engine","name":"handlebars","timestamp":1705347711876,"id":"4x8uc5h258l66jw","previousEventId":"y5inuiqd6grgo07","operationId":"hniozkcjuow6sj2","previousOperationId":"7qxq3w1qp79mlfe"}
{"type":"log","timestamp":1705347711876,"level":"debug","message":"Rendering engine handlebars","meta":{"rootId":"snmaug142p4p05r","id":"snmaug142p4p05r"},"id":"p6tekc2p58ode2w","previousOperationId":"hniozkcjuow6sj2"}
{"type":"operationEnd","operationId":"hniozkcjuow6sj2","timestamp":1705347711884,"id":"jjmcz497j9jcq7u","previousEventId":"4x8uc5h258l66jw","previousOperationId":"hniozkcjuow6sj2"}
{"type":"operationStart","subtype":"recipe","name":"chrome-pdf","timestamp":1705347711885,"id":"ymz898cvrez254a","previousEventId":"jjmcz497j9jcq7u","operationId":"vc8d5h0w5ddw0o4","previousOperationId":"hniozkcjuow6sj2"}
{"type":"log","timestamp":1705347711885,"level":"debug","message":"Executing recipe chrome-pdf","meta":{"rootId":"snmaug142p4p05r","id":"snmaug142p4p05r"},"id":"2vv08ex78ghlcql","previousOperationId":"vc8d5h0w5ddw0o4"}
{"type":"log","timestamp":1705347711887,"level":"debug","message":"Converting with chrome HeadlessChrome/117.0.5938.149 using chrome-pool strategy","meta":{"rootId":"snmaug142p4p05r","id":"snmaug142p4p05r"},"id":"vhzcxtv5zgw63iy","previousOperationId":"vc8d5h0w5ddw0o4"}
{"type":"log","timestamp":1705347711946,"level":"debug","message":"Page request: GET (document) file:///var/folders/tp/6hccbwhd41s4hkmxw_2wkz640000gn/T/jsreport/autocleanup/69adbdf0-256f-4244-a993-1cbc676e06da-chrome-pdf.html","meta":{"rootId":"snmaug142p4p05r","id":"snmaug142p4p05r"},"id":"o9qif49cemp2fx5","previousOperationId":"vc8d5h0w5ddw0o4"}
{"type":"log","timestamp":1705347711950,"level":"debug","message":"Page request: GET (stylesheet) https://cdnjs.cloudflare.com/ajax/libs/metro/4.1.5/css/metro.min.css","meta":{"rootId":"snmaug142p4p05r","id":"snmaug142p4p05r"},"id":"tliifv55n95vq6a","previousOperationId":"vc8d5h0w5ddw0o4"}
{"type":"log","timestamp":1705347711951,"level":"debug","message":"Page request: GET (script) https://cdnjs.cloudflare.com/ajax/libs/Chart.js/2.7.2/Chart.min.js","meta":{"rootId":"snmaug142p4p05r","id":"snmaug142p4p05r"},"id":"1lese25ggvap8ep","previousOperationId":"vc8d5h0w5ddw0o4"}
{"type":"log","timestamp":1705347711951,"level":"debug","message":"Page request finished: GET (document) 200 file:///var/folders/tp/6hccbwhd41s4hkmxw_2wkz640000gn/T/jsreport/autocleanup/69adbdf0-256f-4244-a993-1cbc676e06da-chrome-pdf.html","meta":{"rootId":"snmaug142p4p05r","id":"snmaug142p4p05r"},"id":"kjmvr3q6pbb3uqz","previousOperationId":"vc8d5h0w5ddw0o4"}
{"type":"log","timestamp":1705347711954,"level":"debug","message":"Page request finished: GET (script) 200 https://cdnjs.cloudflare.com/ajax/libs/Chart.js/2.7.2/Chart.min.js","meta":{"rootId":"snmaug142p4p05r","id":"snmaug142p4p05r"},"id":"gwdzf9hqtlix76y","previousOperationId":"vc8d5h0w5ddw0o4"}
{"type":"log","timestamp":1705347711959,"level":"debug","message":"Page request finished: GET (stylesheet) 200 https://cdnjs.cloudflare.com/ajax/libs/metro/4.1.5/css/metro.min.css","meta":{"rootId":"snmaug142p4p05r","id":"snmaug142p4p05r"},"id":"85pj4gi589mda0b","previousOperationId":"vc8d5h0w5ddw0o4"}
{"type":"log","timestamp":1705347711963,"level":"debug","message":"Running chrome with params {\"printBackground\":true,\"timeout\":59975,\"margin\":{}}","meta":{"rootId":"snmaug142p4p05r","id":"snmaug142p4p05r"},"id":"89fzydpn4ptshd4","previousOperationId":"vc8d5h0w5ddw0o4"}
{"type":"operationEnd","operationId":"vc8d5h0w5ddw0o4","timestamp":1705347711971,"id":"zal11q576eyai7y","previousEventId":"ymz898cvrez254a","previousOperationId":"vc8d5h0w5ddw0o4"}
{"type":"log","timestamp":1705347711971,"level":"debug","message":"Skipping storing report.","meta":{"rootId":"snmaug142p4p05r","id":"snmaug142p4p05r"},"id":"rd87t4jihzvrkny","previousOperationId":"vc8d5h0w5ddw0o4"}
{"type":"log","timestamp":1705347711971,"level":"info","message":"Rendering request 9 finished in 110 ms","meta":{"rootId":"snmaug142p4p05r","id":"snmaug142p4p05r"},"id":"3g4ll2zcljblqp2","previousOperationId":"vc8d5h0w5ddw0o4"}
{"type":"operationEnd","subtype":"render","operationId":"7qxq3w1qp79mlfe","timestamp":1705347711971,"id":"naiwzqrtzlwr41i","previousEventId":"zal11q576eyai7y","previousOperationId":"vc8d5h0w5ddw0o4"}
{"type":"operationEnd","doDiffs":false,"previousEventId":"1xxjc5y6s8sd3h4","previousOperationId":"gptag9ypglexxj2","operationId":"gptag9ypglexxj2","timestamp":1705347711973,"id":"ob79uns831ulafl"}
