{"type":"operationStart","subtype":"profile","data":{"_id":"bLDG4z4zMgWpHtWp","timestamp":"2024-01-15T19:56:36.692Z","state":"queued","mode":"standard","creationDate":"2024-01-15T19:56:36.693Z","modificationDate":"2024-01-15T19:56:36.693Z","shortid":"Dyoe2VJ","$entitySet":"profiles"},"doDiffs":false,"timestamp":1705348596693,"id":"fm9rrsddait7iw8","previousOperationId":null,"operationId":"4d5j35q0gb7i857"}
{"type":"log","level":"info","message":"Render request 22 queued for execution and waiting for available worker","previousOperationId":"4d5j35q0gb7i857","timestamp":1705348596693,"id":"21o2kjmencnrk4r"}
{"type":"operationStart","subtype":"render","name":"mitca","previousOperationId":"4d5j35q0gb7i857","timestamp":1705348596699,"id":"83dsvmor3242s6m","previousEventId":"fm9rrsddait7iw8","operationId":"ze63v36hsfxw9ti"}
{"type":"log","timestamp":1705348596699,"level":"info","message":"Starting rendering request 22","meta":{"rootId":"ssief5mh58d0bzb","id":"ssief5mh58d0bzb"},"id":"oztj72h9b8ju8zq","previousOperationId":"ze63v36hsfxw9ti"}
{"type":"log","timestamp":1705348596700,"level":"info","message":"Rendering template { name: mitca, recipe: chrome-pdf, engine: handlebars, preview: true }","meta":{"rootId":"ssief5mh58d0bzb","id":"ssief5mh58d0bzb"},"id":"9tvwuxm83sgus9o","previousOperationId":"ze63v36hsfxw9ti"}
{"type":"log","timestamp":1705348596701,"level":"debug","message":"Data item not defined for this template.","meta":{"rootId":"ssief5mh58d0bzb","id":"ssief5mh58d0bzb"},"id":"kzsy3f41783ym8a","previousOperationId":"ze63v36hsfxw9ti"}
{"type":"log","timestamp":1705348596703,"level":"debug","message":"Base url not specified, skipping its injection.","meta":{"rootId":"ssief5mh58d0bzb","id":"ssief5mh58d0bzb"},"id":"xqrftuuzuumed3x","previousOperationId":"ze63v36hsfxw9ti"}
{"type":"operationStart","subtype":"engine","name":"handlebars","timestamp":1705348596703,"id":"ph98wvgwixgzy04","previousEventId":"83dsvmor3242s6m","operationId":"7amx626f2j20p3p","previousOperationId":"ze63v36hsfxw9ti"}
{"type":"log","timestamp":1705348596703,"level":"debug","message":"Rendering engine handlebars","meta":{"rootId":"ssief5mh58d0bzb","id":"ssief5mh58d0bzb"},"id":"ssk7233pp7t31ej","previousOperationId":"7amx626f2j20p3p"}
{"type":"operationEnd","operationId":"7amx626f2j20p3p","timestamp":1705348596717,"id":"7nyiq240a648iot","previousEventId":"ph98wvgwixgzy04","previousOperationId":"7amx626f2j20p3p"}
{"type":"operationStart","subtype":"recipe","name":"chrome-pdf","timestamp":1705348596718,"id":"dc6eedi6sas9ahx","previousEventId":"7nyiq240a648iot","operationId":"3ii0kk19zxpfwfd","previousOperationId":"7amx626f2j20p3p"}
{"type":"log","timestamp":1705348596718,"level":"debug","message":"Executing recipe chrome-pdf","meta":{"rootId":"ssief5mh58d0bzb","id":"ssief5mh58d0bzb"},"id":"n8u0ilno4rvq6ed","previousOperationId":"3ii0kk19zxpfwfd"}
{"type":"log","timestamp":1705348596719,"level":"debug","message":"Converting with chrome HeadlessChrome/117.0.5938.149 using chrome-pool strategy","meta":{"rootId":"ssief5mh58d0bzb","id":"ssief5mh58d0bzb"},"id":"nv6t7ow5t8u7ewp","previousOperationId":"3ii0kk19zxpfwfd"}
{"type":"log","timestamp":1705348596783,"level":"debug","message":"Page request: GET (document) file:///var/folders/tp/6hccbwhd41s4hkmxw_2wkz640000gn/T/jsreport/autocleanup/57c67435-74f2-4f6a-b250-38159c809d44-chrome-pdf.html","meta":{"rootId":"ssief5mh58d0bzb","id":"ssief5mh58d0bzb"},"id":"q5qhdtx23inao5p","previousOperationId":"3ii0kk19zxpfwfd"}
{"type":"log","timestamp":1705348596791,"level":"debug","message":"Page request finished: GET (document) 200 file:///var/folders/tp/6hccbwhd41s4hkmxw_2wkz640000gn/T/jsreport/autocleanup/57c67435-74f2-4f6a-b250-38159c809d44-chrome-pdf.html","meta":{"rootId":"ssief5mh58d0bzb","id":"ssief5mh58d0bzb"},"id":"6tsqkdy659895tn","previousOperationId":"3ii0kk19zxpfwfd"}
{"type":"log","timestamp":1705348596831,"level":"debug","message":"Running chrome with params {\"printBackground\":true,\"timeout\":59973,\"margin\":{}}","meta":{"rootId":"ssief5mh58d0bzb","id":"ssief5mh58d0bzb"},"id":"wwevc5jzlvnts9q","previousOperationId":"3ii0kk19zxpfwfd"}
{"type":"operationEnd","operationId":"3ii0kk19zxpfwfd","timestamp":1705348596842,"id":"k1vqvuje8dnlyma","previousEventId":"dc6eedi6sas9ahx","previousOperationId":"3ii0kk19zxpfwfd"}
{"type":"log","timestamp":1705348596842,"level":"debug","message":"Skipping storing report.","meta":{"rootId":"ssief5mh58d0bzb","id":"ssief5mh58d0bzb"},"id":"sxtd9hvx10e32v2","previousOperationId":"3ii0kk19zxpfwfd"}
{"type":"log","timestamp":1705348596842,"level":"info","message":"Rendering request 22 finished in 150 ms","meta":{"rootId":"ssief5mh58d0bzb","id":"ssief5mh58d0bzb"},"id":"cxe04okxgxohaqn","previousOperationId":"3ii0kk19zxpfwfd"}
{"type":"operationEnd","subtype":"render","operationId":"ze63v36hsfxw9ti","timestamp":1705348596842,"id":"98694jt1wktmto7","previousEventId":"k1vqvuje8dnlyma","previousOperationId":"3ii0kk19zxpfwfd"}
{"type":"operationEnd","doDiffs":false,"previousEventId":"fm9rrsddait7iw8","previousOperationId":"4d5j35q0gb7i857","operationId":"4d5j35q0gb7i857","timestamp":1705348596844,"id":"606n1wa3jr577ed"}
