{"type":"operationStart","subtype":"profile","data":{"_id":"Z4VCp6Vk01NCKbsI","timestamp":"2024-01-15T19:55:22.944Z","state":"queued","mode":"standard","creationDate":"2024-01-15T19:55:22.945Z","modificationDate":"2024-01-15T19:55:22.945Z","shortid":"yJh_P6i","$entitySet":"profiles"},"doDiffs":false,"timestamp":1705348522945,"id":"2mzetoz87tluid9","previousOperationId":null,"operationId":"pq2iamm64e8zvaq"}
{"type":"log","level":"info","message":"Render request 21 queued for execution and waiting for available worker","previousOperationId":"pq2iamm64e8zvaq","timestamp":1705348522945,"id":"xeb492l0csto4l9"}
{"type":"operationStart","subtype":"render","name":"mitca","previousOperationId":"pq2iamm64e8zvaq","timestamp":1705348522953,"id":"o18mgfaa040jl1n","previousEventId":"2mzetoz87tluid9","operationId":"xmplfvi15hwpjfk"}
{"type":"log","timestamp":1705348522953,"level":"info","message":"Starting rendering request 21","meta":{"rootId":"t5x46hizbdfyuj9","id":"t5x46hizbdfyuj9"},"id":"c1pdv788g8muycp","previousOperationId":"xmplfvi15hwpjfk"}
{"type":"log","timestamp":1705348522954,"level":"info","message":"Rendering template { name: mitca, recipe: chrome-pdf, engine: handlebars, preview: true }","meta":{"rootId":"t5x46hizbdfyuj9","id":"t5x46hizbdfyuj9"},"id":"43vmi7mp8u7co5c","previousOperationId":"xmplfvi15hwpjfk"}
{"type":"log","timestamp":1705348522954,"level":"debug","message":"Data item not defined for this template.","meta":{"rootId":"t5x46hizbdfyuj9","id":"t5x46hizbdfyuj9"},"id":"sgpp265jturd92d","previousOperationId":"xmplfvi15hwpjfk"}
{"type":"log","timestamp":1705348522956,"level":"debug","message":"Base url not specified, skipping its injection.","meta":{"rootId":"t5x46hizbdfyuj9","id":"t5x46hizbdfyuj9"},"id":"fhl9bfifh3q1zr6","previousOperationId":"xmplfvi15hwpjfk"}
{"type":"operationStart","subtype":"engine","name":"handlebars","timestamp":1705348522957,"id":"v7057e29lrgw00c","previousEventId":"o18mgfaa040jl1n","operationId":"dl0zifmztawnz1q","previousOperationId":"xmplfvi15hwpjfk"}
{"type":"log","timestamp":1705348522957,"level":"debug","message":"Rendering engine handlebars","meta":{"rootId":"t5x46hizbdfyuj9","id":"t5x46hizbdfyuj9"},"id":"fw904gokhdq2s2k","previousOperationId":"dl0zifmztawnz1q"}
{"type":"operationEnd","operationId":"dl0zifmztawnz1q","timestamp":1705348522964,"id":"10le0bp7u6stadr","previousEventId":"v7057e29lrgw00c","previousOperationId":"dl0zifmztawnz1q"}
{"type":"operationStart","subtype":"recipe","name":"chrome-pdf","timestamp":1705348522964,"id":"s7th8rnvvkdyf41","previousEventId":"10le0bp7u6stadr","operationId":"am0q1bc5nd9h8ev","previousOperationId":"dl0zifmztawnz1q"}
{"type":"log","timestamp":1705348522964,"level":"debug","message":"Executing recipe chrome-pdf","meta":{"rootId":"t5x46hizbdfyuj9","id":"t5x46hizbdfyuj9"},"id":"3jwcez17pj10gu9","previousOperationId":"am0q1bc5nd9h8ev"}
{"type":"log","timestamp":1705348522966,"level":"debug","message":"Converting with chrome HeadlessChrome/117.0.5938.149 using chrome-pool strategy","meta":{"rootId":"t5x46hizbdfyuj9","id":"t5x46hizbdfyuj9"},"id":"6iqlpecw383lueu","previousOperationId":"am0q1bc5nd9h8ev"}
{"type":"log","timestamp":1705348523014,"level":"debug","message":"Page request: GET (document) file:///var/folders/tp/6hccbwhd41s4hkmxw_2wkz640000gn/T/jsreport/autocleanup/cd346151-bfa5-4b47-895f-97de9c7f63ee-chrome-pdf.html","meta":{"rootId":"t5x46hizbdfyuj9","id":"t5x46hizbdfyuj9"},"id":"gx3knj9y6bacq9g","previousOperationId":"am0q1bc5nd9h8ev"}
{"type":"log","timestamp":1705348523020,"level":"debug","message":"Page request: GET (stylesheet) https://cdnjs.cloudflare.com/ajax/libs/metro/4.1.5/css/metro.min.css","meta":{"rootId":"t5x46hizbdfyuj9","id":"t5x46hizbdfyuj9"},"id":"mpf9fgydkms2w8t","previousOperationId":"am0q1bc5nd9h8ev"}
{"type":"log","timestamp":1705348523020,"level":"debug","message":"Page request: GET (script) https://cdnjs.cloudflare.com/ajax/libs/Chart.js/2.7.2/Chart.min.js","meta":{"rootId":"t5x46hizbdfyuj9","id":"t5x46hizbdfyuj9"},"id":"fp0se9aqhrxu1pr","previousOperationId":"am0q1bc5nd9h8ev"}
{"type":"log","timestamp":1705348523020,"level":"debug","message":"Page request finished: GET (document) 200 file:///var/folders/tp/6hccbwhd41s4hkmxw_2wkz640000gn/T/jsreport/autocleanup/cd346151-bfa5-4b47-895f-97de9c7f63ee-chrome-pdf.html","meta":{"rootId":"t5x46hizbdfyuj9","id":"t5x46hizbdfyuj9"},"id":"012fksq3fb6esox","previousOperationId":"am0q1bc5nd9h8ev"}
{"type":"log","timestamp":1705348523029,"level":"debug","message":"Page request finished: GET (stylesheet) 200 https://cdnjs.cloudflare.com/ajax/libs/metro/4.1.5/css/metro.min.css","meta":{"rootId":"t5x46hizbdfyuj9","id":"t5x46hizbdfyuj9"},"id":"lnvsureqhr428x3","previousOperationId":"am0q1bc5nd9h8ev"}
{"type":"log","timestamp":1705348523029,"level":"debug","message":"Page request finished: GET (script) 200 https://cdnjs.cloudflare.com/ajax/libs/Chart.js/2.7.2/Chart.min.js","meta":{"rootId":"t5x46hizbdfyuj9","id":"t5x46hizbdfyuj9"},"id":"v98v95irzng8te2","previousOperationId":"am0q1bc5nd9h8ev"}
{"type":"log","timestamp":1705348523033,"level":"debug","message":"Running chrome with params {\"printBackground\":true,\"timeout\":59979,\"margin\":{}}","meta":{"rootId":"t5x46hizbdfyuj9","id":"t5x46hizbdfyuj9"},"id":"nxfiou0i1k81wr9","previousOperationId":"am0q1bc5nd9h8ev"}
{"type":"operationEnd","operationId":"am0q1bc5nd9h8ev","timestamp":1705348523042,"id":"dc5bfodbpm737ny","previousEventId":"s7th8rnvvkdyf41","previousOperationId":"am0q1bc5nd9h8ev"}
{"type":"log","timestamp":1705348523042,"level":"debug","message":"Skipping storing report.","meta":{"rootId":"t5x46hizbdfyuj9","id":"t5x46hizbdfyuj9"},"id":"1796dyeza5lvs0o","previousOperationId":"am0q1bc5nd9h8ev"}
{"type":"log","timestamp":1705348523042,"level":"info","message":"Rendering request 21 finished in 98 ms","meta":{"rootId":"t5x46hizbdfyuj9","id":"t5x46hizbdfyuj9"},"id":"87gia11k6l5hk6x","previousOperationId":"am0q1bc5nd9h8ev"}
{"type":"operationEnd","subtype":"render","operationId":"xmplfvi15hwpjfk","timestamp":1705348523042,"id":"0w2ol95n0uq5wxu","previousEventId":"dc5bfodbpm737ny","previousOperationId":"am0q1bc5nd9h8ev"}
{"type":"operationEnd","doDiffs":false,"previousEventId":"2mzetoz87tluid9","previousOperationId":"pq2iamm64e8zvaq","operationId":"pq2iamm64e8zvaq","timestamp":1705348523044,"id":"y21il9znjiyakck"}
