{"type":"operationStart","subtype":"profile","data":{"_id":"F5WtnOSuR3MQ2cPM","timestamp":"2024-01-15T20:02:17.043Z","state":"queued","mode":"standard","creationDate":"2024-01-15T20:02:17.044Z","modificationDate":"2024-01-15T20:02:17.044Z","shortid":"Ke5svy5","$entitySet":"profiles"},"doDiffs":false,"timestamp":1705348937044,"id":"dmvomxynprd97za","previousOperationId":null,"operationId":"xzj1bb9ojmlz47t"}
{"type":"log","level":"info","message":"Render request 2 queued for execution and waiting for available worker","previousOperationId":"xzj1bb9ojmlz47t","timestamp":1705348937044,"id":"0u80nlbqpibcro0"}
{"type":"operationStart","subtype":"render","name":"mitca","previousOperationId":"xzj1bb9ojmlz47t","timestamp":1705348937052,"id":"3qedbw512fzz53j","previousEventId":"dmvomxynprd97za","operationId":"36muymq3q5x4842"}
{"type":"log","timestamp":1705348937052,"level":"info","message":"Starting rendering request 2","meta":{"rootId":"uija51svij3rgzz","id":"uija51svij3rgzz"},"id":"qovsehghn0tz5qx","previousOperationId":"36muymq3q5x4842"}
{"type":"log","timestamp":1705348937053,"level":"info","message":"Rendering template { name: mitca, recipe: chrome-pdf, engine: handlebars, preview: true }","meta":{"rootId":"uija51svij3rgzz","id":"uija51svij3rgzz"},"id":"n7w404uatmwkrep","previousOperationId":"36muymq3q5x4842"}
{"type":"log","timestamp":1705348937055,"level":"debug","message":"Data item not defined for this template.","meta":{"rootId":"uija51svij3rgzz","id":"uija51svij3rgzz"},"id":"epbr0ir4noszvch","previousOperationId":"36muymq3q5x4842"}
{"type":"log","timestamp":1705348937056,"level":"debug","message":"Base url not specified, skipping its injection.","meta":{"rootId":"uija51svij3rgzz","id":"uija51svij3rgzz"},"id":"jrh3b1sotavmrz1","previousOperationId":"36muymq3q5x4842"}
{"type":"operationStart","subtype":"engine","name":"handlebars","timestamp":1705348937057,"id":"mdf2ubizhg34pbx","previousEventId":"3qedbw512fzz53j","operationId":"l2yeghajnse5r14","previousOperationId":"36muymq3q5x4842"}
{"type":"log","timestamp":1705348937057,"level":"debug","message":"Rendering engine handlebars","meta":{"rootId":"uija51svij3rgzz","id":"uija51svij3rgzz"},"id":"xducl3gzsb0zfh5","previousOperationId":"l2yeghajnse5r14"}
{"type":"operationEnd","operationId":"l2yeghajnse5r14","timestamp":1705348937283,"id":"fig8lnu0pqj8t16","previousEventId":"mdf2ubizhg34pbx","previousOperationId":"l2yeghajnse5r14"}
{"type":"operationStart","subtype":"recipe","name":"chrome-pdf","timestamp":1705348937283,"id":"wj1ybou86ggucc6","previousEventId":"fig8lnu0pqj8t16","operationId":"53l2ve89eg3xguy","previousOperationId":"l2yeghajnse5r14"}
{"type":"log","timestamp":1705348937283,"level":"debug","message":"Executing recipe chrome-pdf","meta":{"rootId":"uija51svij3rgzz","id":"uija51svij3rgzz"},"id":"1n9tjq1u5r7ihtu","previousOperationId":"53l2ve89eg3xguy"}
{"type":"log","timestamp":1705348937671,"level":"debug","message":"Converting with chrome HeadlessChrome/117.0.5938.149 using chrome-pool strategy","meta":{"rootId":"uija51svij3rgzz","id":"uija51svij3rgzz"},"id":"6yzb9j447lcd4r8","previousOperationId":"53l2ve89eg3xguy"}
{"type":"log","timestamp":1705348937718,"level":"debug","message":"Page request: GET (document) file:///var/folders/tp/6hccbwhd41s4hkmxw_2wkz640000gn/T/jsreport/autocleanup/891733c7-4426-4dd6-a416-6b2baa4a5f66-chrome-pdf.html","meta":{"rootId":"uija51svij3rgzz","id":"uija51svij3rgzz"},"id":"btakwaskzyf9btu","previousOperationId":"53l2ve89eg3xguy"}
{"type":"log","timestamp":1705348937725,"level":"debug","message":"Page request: GET (stylesheet) https://cdnjs.cloudflare.com/ajax/libs/metro/4.1.5/css/metro.min.css","meta":{"rootId":"uija51svij3rgzz","id":"uija51svij3rgzz"},"id":"2ugy8jwarobl9fw","previousOperationId":"53l2ve89eg3xguy"}
{"type":"log","timestamp":1705348937725,"level":"debug","message":"Page request: GET (script) https://cdnjs.cloudflare.com/ajax/libs/Chart.js/2.7.2/Chart.min.js","meta":{"rootId":"uija51svij3rgzz","id":"uija51svij3rgzz"},"id":"8eds5mofolg429q","previousOperationId":"53l2ve89eg3xguy"}
{"type":"log","timestamp":1705348937725,"level":"debug","message":"Page request finished: GET (document) 200 file:///var/folders/tp/6hccbwhd41s4hkmxw_2wkz640000gn/T/jsreport/autocleanup/891733c7-4426-4dd6-a416-6b2baa4a5f66-chrome-pdf.html","meta":{"rootId":"uija51svij3rgzz","id":"uija51svij3rgzz"},"id":"axehbjpfvvmmtlz","previousOperationId":"53l2ve89eg3xguy"}
{"type":"log","timestamp":1705348938005,"level":"debug","message":"Page request finished: GET (stylesheet) 200 https://cdnjs.cloudflare.com/ajax/libs/metro/4.1.5/css/metro.min.css","meta":{"rootId":"uija51svij3rgzz","id":"uija51svij3rgzz"},"id":"xn5v065txvmppri","previousOperationId":"53l2ve89eg3xguy"}
{"type":"log","timestamp":1705348938010,"level":"debug","message":"Page request finished: GET (script) 200 https://cdnjs.cloudflare.com/ajax/libs/Chart.js/2.7.2/Chart.min.js","meta":{"rootId":"uija51svij3rgzz","id":"uija51svij3rgzz"},"id":"2o7rjmhu87ujlhl","previousOperationId":"53l2ve89eg3xguy"}
{"type":"log","timestamp":1705348938021,"level":"debug","message":"Running chrome with params {\"printBackground\":true,\"timeout\":59608,\"margin\":{}}","meta":{"rootId":"uija51svij3rgzz","id":"uija51svij3rgzz"},"id":"z2ec39hz3acu6ry","previousOperationId":"53l2ve89eg3xguy"}
{"type":"operationEnd","operationId":"53l2ve89eg3xguy","timestamp":1705348938036,"id":"r4qbb8jnj5atrj0","previousEventId":"wj1ybou86ggucc6","previousOperationId":"53l2ve89eg3xguy"}
{"type":"log","timestamp":1705348938036,"level":"debug","message":"Skipping storing report.","meta":{"rootId":"uija51svij3rgzz","id":"uija51svij3rgzz"},"id":"r84js43bcpfime5","previousOperationId":"53l2ve89eg3xguy"}
{"type":"log","timestamp":1705348938036,"level":"info","message":"Rendering request 2 finished in 993 ms","meta":{"rootId":"uija51svij3rgzz","id":"uija51svij3rgzz"},"id":"kkqb1rdv3b1kkkl","previousOperationId":"53l2ve89eg3xguy"}
{"type":"operationEnd","subtype":"render","operationId":"36muymq3q5x4842","timestamp":1705348938037,"id":"zmq4pdnvvx89vgw","previousEventId":"r4qbb8jnj5atrj0","previousOperationId":"53l2ve89eg3xguy"}
{"type":"operationEnd","doDiffs":false,"previousEventId":"dmvomxynprd97za","previousOperationId":"xzj1bb9ojmlz47t","operationId":"xzj1bb9ojmlz47t","timestamp":1705348938040,"id":"6ob9g70zic38h5n"}
