{"type":"operationStart","subtype":"profile","data":{"_id":"YWtB8WZO0DpG8Dxt","timestamp":"2024-01-15T19:39:58.424Z","state":"queued","mode":"standard","creationDate":"2024-01-15T19:39:58.426Z","modificationDate":"2024-01-15T19:39:58.426Z","shortid":"zbpIfYR","$entitySet":"profiles"},"doDiffs":false,"timestamp":1705347598425,"id":"azc6da8vnorvknz","previousOperationId":null,"operationId":"6s6sa8q3uk1dqoa"}
{"type":"log","level":"info","message":"Render request 7 queued for execution and waiting for available worker","previousOperationId":"6s6sa8q3uk1dqoa","timestamp":1705347598425,"id":"duyw6vt9obyv1p6"}
{"type":"operationStart","subtype":"render","name":"mitca","previousOperationId":"6s6sa8q3uk1dqoa","timestamp":1705347598431,"id":"l2pikdnodbng18y","previousEventId":"azc6da8vnorvknz","operationId":"wx4fc43moiz9ex6"}
{"type":"log","timestamp":1705347598431,"level":"info","message":"Starting rendering request 7","meta":{"rootId":"v776kgd47w40fxv","id":"v776kgd47w40fxv"},"id":"0a2x2ce784tlyid","previousOperationId":"wx4fc43moiz9ex6"}
{"type":"log","timestamp":1705347598432,"level":"info","message":"Rendering template { name: mitca, recipe: chrome-pdf, engine: handlebars, preview: true }","meta":{"rootId":"v776kgd47w40fxv","id":"v776kgd47w40fxv"},"id":"jcaecrxlhy3cttq","previousOperationId":"wx4fc43moiz9ex6"}
{"type":"log","timestamp":1705347598433,"level":"debug","message":"Data item not defined for this template.","meta":{"rootId":"v776kgd47w40fxv","id":"v776kgd47w40fxv"},"id":"86u5sav1pfj46bn","previousOperationId":"wx4fc43moiz9ex6"}
{"type":"log","timestamp":1705347598434,"level":"debug","message":"Base url not specified, skipping its injection.","meta":{"rootId":"v776kgd47w40fxv","id":"v776kgd47w40fxv"},"id":"8tcu8n9fnumfajq","previousOperationId":"wx4fc43moiz9ex6"}
{"type":"operationStart","subtype":"engine","name":"handlebars","timestamp":1705347598434,"id":"qwu93i9uthtmioy","previousEventId":"l2pikdnodbng18y","operationId":"sef6sewbkbg86v1","previousOperationId":"wx4fc43moiz9ex6"}
{"type":"log","timestamp":1705347598434,"level":"debug","message":"Rendering engine handlebars","meta":{"rootId":"v776kgd47w40fxv","id":"v776kgd47w40fxv"},"id":"iwc4b8bvpdytyu5","previousOperationId":"sef6sewbkbg86v1"}
{"type":"operationEnd","operationId":"sef6sewbkbg86v1","timestamp":1705347598448,"id":"zvnol93z2p5l7ir","previousEventId":"qwu93i9uthtmioy","previousOperationId":"sef6sewbkbg86v1"}
{"type":"operationStart","subtype":"recipe","name":"chrome-pdf","timestamp":1705347598448,"id":"vc5lpv3149451t2","previousEventId":"zvnol93z2p5l7ir","operationId":"sp7yeh9tu2i5rzb","previousOperationId":"sef6sewbkbg86v1"}
{"type":"log","timestamp":1705347598448,"level":"debug","message":"Executing recipe chrome-pdf","meta":{"rootId":"v776kgd47w40fxv","id":"v776kgd47w40fxv"},"id":"rjkmm1u4fxfp7cd","previousOperationId":"sp7yeh9tu2i5rzb"}
{"type":"log","timestamp":1705347598450,"level":"debug","message":"Converting with chrome HeadlessChrome/117.0.5938.149 using chrome-pool strategy","meta":{"rootId":"v776kgd47w40fxv","id":"v776kgd47w40fxv"},"id":"69hammyefnw14bk","previousOperationId":"sp7yeh9tu2i5rzb"}
{"type":"log","timestamp":1705347598510,"level":"debug","message":"Page request: GET (document) file:///var/folders/tp/6hccbwhd41s4hkmxw_2wkz640000gn/T/jsreport/autocleanup/d1e5a8e2-7372-4462-a230-6087f31cb8cb-chrome-pdf.html","meta":{"rootId":"v776kgd47w40fxv","id":"v776kgd47w40fxv"},"id":"hmz1jthui3u1axn","previousOperationId":"sp7yeh9tu2i5rzb"}
{"type":"log","timestamp":1705347598516,"level":"debug","message":"Page request: GET (stylesheet) https://cdnjs.cloudflare.com/ajax/libs/metro/4.1.5/css/metro.min.css","meta":{"rootId":"v776kgd47w40fxv","id":"v776kgd47w40fxv"},"id":"ojoyi964zcml7g1","previousOperationId":"sp7yeh9tu2i5rzb"}
{"type":"log","timestamp":1705347598516,"level":"debug","message":"Page request: GET (script) https://cdnjs.cloudflare.com/ajax/libs/Chart.js/2.7.2/Chart.min.js","meta":{"rootId":"v776kgd47w40fxv","id":"v776kgd47w40fxv"},"id":"1gp4art3f7xyjq2","previousOperationId":"sp7yeh9tu2i5rzb"}
{"type":"log","timestamp":1705347598516,"level":"debug","message":"Page request finished: GET (document) 200 file:///var/folders/tp/6hccbwhd41s4hkmxw_2wkz640000gn/T/jsreport/autocleanup/d1e5a8e2-7372-4462-a230-6087f31cb8cb-chrome-pdf.html","meta":{"rootId":"v776kgd47w40fxv","id":"v776kgd47w40fxv"},"id":"4oxfmjr9ab07g7g","previousOperationId":"sp7yeh9tu2i5rzb"}
{"type":"log","timestamp":1705347598518,"level":"debug","message":"Page request finished: GET (script) 200 https://cdnjs.cloudflare.com/ajax/libs/Chart.js/2.7.2/Chart.min.js","meta":{"rootId":"v776kgd47w40fxv","id":"v776kgd47w40fxv"},"id":"dqlcrs24691wjki","previousOperationId":"sp7yeh9tu2i5rzb"}
{"type":"log","timestamp":1705347598524,"level":"debug","message":"Page request finished: GET (stylesheet) 200 https://cdnjs.cloudflare.com/ajax/libs/metro/4.1.5/css/metro.min.css","meta":{"rootId":"v776kgd47w40fxv","id":"v776kgd47w40fxv"},"id":"5o42nbueej0cueq","previousOperationId":"sp7yeh9tu2i5rzb"}
{"type":"log","timestamp":1705347598528,"level":"debug","message":"Running chrome with params {\"printBackground\":true,\"timeout\":59974,\"margin\":{}}","meta":{"rootId":"v776kgd47w40fxv","id":"v776kgd47w40fxv"},"id":"fbsqydjp1n9fnqz","previousOperationId":"sp7yeh9tu2i5rzb"}
{"type":"operationEnd","operationId":"sp7yeh9tu2i5rzb","timestamp":1705347598536,"id":"qwecp6kfya8rnt9","previousEventId":"vc5lpv3149451t2","previousOperationId":"sp7yeh9tu2i5rzb"}
{"type":"log","timestamp":1705347598536,"level":"debug","message":"Skipping storing report.","meta":{"rootId":"v776kgd47w40fxv","id":"v776kgd47w40fxv"},"id":"0z0e5tc7fzej56u","previousOperationId":"sp7yeh9tu2i5rzb"}
{"type":"log","timestamp":1705347598536,"level":"info","message":"Rendering request 7 finished in 112 ms","meta":{"rootId":"v776kgd47w40fxv","id":"v776kgd47w40fxv"},"id":"0o21ecw9lmu6dtx","previousOperationId":"sp7yeh9tu2i5rzb"}
{"type":"operationEnd","subtype":"render","operationId":"wx4fc43moiz9ex6","timestamp":1705347598536,"id":"5obdjkk67116ggy","previousEventId":"qwecp6kfya8rnt9","previousOperationId":"sp7yeh9tu2i5rzb"}
{"type":"operationEnd","doDiffs":false,"previousEventId":"azc6da8vnorvknz","previousOperationId":"6s6sa8q3uk1dqoa","operationId":"6s6sa8q3uk1dqoa","timestamp":1705347598538,"id":"s8669l6dsspwayj"}
