{"type":"operationStart","subtype":"profile","data":{"_id":"LEETw1Jqwd2bGi8F","timestamp":"2024-01-15T19:54:03.591Z","state":"queued","mode":"standard","creationDate":"2024-01-15T19:54:03.592Z","modificationDate":"2024-01-15T19:54:03.592Z","shortid":"PH_-NIp","$entitySet":"profiles"},"doDiffs":false,"timestamp":1705348443592,"id":"8x76q1tu7dnleuh","previousOperationId":null,"operationId":"cpdn4swx1pg8kx6"}
{"type":"log","level":"info","message":"Render request 20 queued for execution and waiting for available worker","previousOperationId":"cpdn4swx1pg8kx6","timestamp":1705348443592,"id":"f4vqflk6li63g3l"}
{"type":"operationStart","subtype":"render","name":"mitca","previousOperationId":"cpdn4swx1pg8kx6","timestamp":1705348443598,"id":"vngv5idsow0q5iv","previousEventId":"8x76q1tu7dnleuh","operationId":"z0xko4csq4urdyn"}
{"type":"log","timestamp":1705348443599,"level":"info","message":"Starting rendering request 20","meta":{"rootId":"vi11nqh4gkg8ben","id":"vi11nqh4gkg8ben"},"id":"c1gmwbnssf8qu7l","previousOperationId":"z0xko4csq4urdyn"}
{"type":"log","timestamp":1705348443599,"level":"info","message":"Rendering template { name: mitca, recipe: chrome-pdf, engine: handlebars, preview: true }","meta":{"rootId":"vi11nqh4gkg8ben","id":"vi11nqh4gkg8ben"},"id":"mr1ad35og1rtimh","previousOperationId":"z0xko4csq4urdyn"}
{"type":"log","timestamp":1705348443600,"level":"debug","message":"Data item not defined for this template.","meta":{"rootId":"vi11nqh4gkg8ben","id":"vi11nqh4gkg8ben"},"id":"tqqam6r7a7mi2wh","previousOperationId":"z0xko4csq4urdyn"}
{"type":"log","timestamp":1705348443601,"level":"debug","message":"Base url not specified, skipping its injection.","meta":{"rootId":"vi11nqh4gkg8ben","id":"vi11nqh4gkg8ben"},"id":"a2u51vbgmew3emq","previousOperationId":"z0xko4csq4urdyn"}
{"type":"operationStart","subtype":"engine","name":"handlebars","timestamp":1705348443602,"id":"8mz31hp4g7pltqi","previousEventId":"vngv5idsow0q5iv","operationId":"3vpo29nspyfqtf1","previousOperationId":"z0xko4csq4urdyn"}
{"type":"log","timestamp":1705348443602,"level":"debug","message":"Rendering engine handlebars","meta":{"rootId":"vi11nqh4gkg8ben","id":"vi11nqh4gkg8ben"},"id":"z2cvdmyfn05rtqg","previousOperationId":"3vpo29nspyfqtf1"}
{"type":"operationEnd","operationId":"3vpo29nspyfqtf1","timestamp":1705348443620,"id":"qjq7pl6oy2jx6ph","previousEventId":"8mz31hp4g7pltqi","previousOperationId":"3vpo29nspyfqtf1"}
{"type":"operationStart","subtype":"recipe","name":"chrome-pdf","timestamp":1705348443621,"id":"auhhemnzt1jak4z","previousEventId":"qjq7pl6oy2jx6ph","operationId":"8rh6iuorerkh9ad","previousOperationId":"3vpo29nspyfqtf1"}
{"type":"log","timestamp":1705348443621,"level":"debug","message":"Executing recipe chrome-pdf","meta":{"rootId":"vi11nqh4gkg8ben","id":"vi11nqh4gkg8ben"},"id":"m5ldahdk72j7in2","previousOperationId":"8rh6iuorerkh9ad"}
{"type":"log","timestamp":1705348443623,"level":"debug","message":"Converting with chrome HeadlessChrome/117.0.5938.149 using chrome-pool strategy","meta":{"rootId":"vi11nqh4gkg8ben","id":"vi11nqh4gkg8ben"},"id":"2yoqaxvh98daua5","previousOperationId":"8rh6iuorerkh9ad"}
{"type":"log","timestamp":1705348443677,"level":"debug","message":"Page request: GET (document) file:///var/folders/tp/6hccbwhd41s4hkmxw_2wkz640000gn/T/jsreport/autocleanup/7fb467d5-111f-40b4-af6c-5995c643eecf-chrome-pdf.html","meta":{"rootId":"vi11nqh4gkg8ben","id":"vi11nqh4gkg8ben"},"id":"48lk6pywaug20v9","previousOperationId":"8rh6iuorerkh9ad"}
{"type":"log","timestamp":1705348443683,"level":"debug","message":"Page request: GET (stylesheet) https://cdnjs.cloudflare.com/ajax/libs/metro/4.1.5/css/metro.min.css","meta":{"rootId":"vi11nqh4gkg8ben","id":"vi11nqh4gkg8ben"},"id":"gb62o18cpytwgzw","previousOperationId":"8rh6iuorerkh9ad"}
{"type":"log","timestamp":1705348443683,"level":"debug","message":"Page request: GET (script) https://cdnjs.cloudflare.com/ajax/libs/Chart.js/2.7.2/Chart.min.js","meta":{"rootId":"vi11nqh4gkg8ben","id":"vi11nqh4gkg8ben"},"id":"zititi9z9vg26ll","previousOperationId":"8rh6iuorerkh9ad"}
{"type":"log","timestamp":1705348443683,"level":"debug","message":"Page request finished: GET (document) 200 file:///var/folders/tp/6hccbwhd41s4hkmxw_2wkz640000gn/T/jsreport/autocleanup/7fb467d5-111f-40b4-af6c-5995c643eecf-chrome-pdf.html","meta":{"rootId":"vi11nqh4gkg8ben","id":"vi11nqh4gkg8ben"},"id":"shopavfh48spw8p","previousOperationId":"8rh6iuorerkh9ad"}
{"type":"log","timestamp":1705348443687,"level":"debug","message":"Page request finished: GET (script) 200 https://cdnjs.cloudflare.com/ajax/libs/Chart.js/2.7.2/Chart.min.js","meta":{"rootId":"vi11nqh4gkg8ben","id":"vi11nqh4gkg8ben"},"id":"sx1cxarje0q2xh0","previousOperationId":"8rh6iuorerkh9ad"}
{"type":"log","timestamp":1705348443691,"level":"debug","message":"Page request finished: GET (stylesheet) 200 https://cdnjs.cloudflare.com/ajax/libs/metro/4.1.5/css/metro.min.css","meta":{"rootId":"vi11nqh4gkg8ben","id":"vi11nqh4gkg8ben"},"id":"8orpsqkr3qify81","previousOperationId":"8rh6iuorerkh9ad"}
{"type":"log","timestamp":1705348443695,"level":"debug","message":"Running chrome with params {\"printBackground\":true,\"timeout\":59969,\"margin\":{}}","meta":{"rootId":"vi11nqh4gkg8ben","id":"vi11nqh4gkg8ben"},"id":"os0sijqrkk1ryic","previousOperationId":"8rh6iuorerkh9ad"}
{"type":"operationEnd","operationId":"8rh6iuorerkh9ad","timestamp":1705348443704,"id":"2wcim62gxpq16es","previousEventId":"auhhemnzt1jak4z","previousOperationId":"8rh6iuorerkh9ad"}
{"type":"log","timestamp":1705348443704,"level":"debug","message":"Skipping storing report.","meta":{"rootId":"vi11nqh4gkg8ben","id":"vi11nqh4gkg8ben"},"id":"6kfs4jk683flix4","previousOperationId":"8rh6iuorerkh9ad"}
{"type":"log","timestamp":1705348443704,"level":"info","message":"Rendering request 20 finished in 113 ms","meta":{"rootId":"vi11nqh4gkg8ben","id":"vi11nqh4gkg8ben"},"id":"b0bsq7gl0nz490v","previousOperationId":"8rh6iuorerkh9ad"}
{"type":"operationEnd","subtype":"render","operationId":"z0xko4csq4urdyn","timestamp":1705348443704,"id":"4rb5sl7yjf2vel3","previousEventId":"2wcim62gxpq16es","previousOperationId":"8rh6iuorerkh9ad"}
{"type":"operationEnd","doDiffs":false,"previousEventId":"8x76q1tu7dnleuh","previousOperationId":"cpdn4swx1pg8kx6","operationId":"cpdn4swx1pg8kx6","timestamp":1705348443706,"id":"qo6q263613qsakb"}
