{"type":"operationStart","subtype":"profile","data":{"_id":"5vu9jpVRDdmtLwFQ","timestamp":"2024-01-15T19:47:13.130Z","state":"queued","mode":"standard","creationDate":"2024-01-15T19:47:13.131Z","modificationDate":"2024-01-15T19:47:13.131Z","shortid":"q77Pvfi","$entitySet":"profiles"},"doDiffs":false,"timestamp":1705348033130,"id":"gkxrkbdnqtmzcsf","previousOperationId":null,"operationId":"6tm7izp282nqmry"}
{"type":"log","level":"info","message":"Render request 13 queued for execution and waiting for available worker","previousOperationId":"6tm7izp282nqmry","timestamp":1705348033130,"id":"9p6dk6vch3dbcta"}
{"type":"operationStart","subtype":"render","name":"mitca","previousOperationId":"6tm7izp282nqmry","timestamp":1705348033138,"id":"iotxyxydm0zl6h8","previousEventId":"gkxrkbdnqtmzcsf","operationId":"xb041x9tnrmwjl9"}
{"type":"log","timestamp":1705348033138,"level":"info","message":"Starting rendering request 13","meta":{"rootId":"vs7nhdtap82wn5y","id":"vs7nhdtap82wn5y"},"id":"w2wgtisv364ngpy","previousOperationId":"xb041x9tnrmwjl9"}
{"type":"log","timestamp":1705348033138,"level":"info","message":"Rendering template { name: mitca, recipe: chrome-pdf, engine: handlebars, preview: true }","meta":{"rootId":"vs7nhdtap82wn5y","id":"vs7nhdtap82wn5y"},"id":"tpkxmm7kp7tltdq","previousOperationId":"xb041x9tnrmwjl9"}
{"type":"log","timestamp":1705348033139,"level":"debug","message":"Data item not defined for this template.","meta":{"rootId":"vs7nhdtap82wn5y","id":"vs7nhdtap82wn5y"},"id":"ksfd8m9twmjn6mq","previousOperationId":"xb041x9tnrmwjl9"}
{"type":"log","timestamp":1705348033141,"level":"debug","message":"Base url not specified, skipping its injection.","meta":{"rootId":"vs7nhdtap82wn5y","id":"vs7nhdtap82wn5y"},"id":"8pdbyh9n17t3pbc","previousOperationId":"xb041x9tnrmwjl9"}
{"type":"operationStart","subtype":"engine","name":"handlebars","timestamp":1705348033142,"id":"dq1l6kxjiek3yt3","previousEventId":"iotxyxydm0zl6h8","operationId":"6ijeihkhnzngqr6","previousOperationId":"xb041x9tnrmwjl9"}
{"type":"log","timestamp":1705348033142,"level":"debug","message":"Rendering engine handlebars","meta":{"rootId":"vs7nhdtap82wn5y","id":"vs7nhdtap82wn5y"},"id":"rpdfi7oczwlihyf","previousOperationId":"6ijeihkhnzngqr6"}
{"type":"operationEnd","operationId":"6ijeihkhnzngqr6","timestamp":1705348033150,"id":"cnvm0z2no1voft4","previousEventId":"dq1l6kxjiek3yt3","previousOperationId":"6ijeihkhnzngqr6"}
{"type":"operationStart","subtype":"recipe","name":"chrome-pdf","timestamp":1705348033150,"id":"x9mezewxz968qh4","previousEventId":"cnvm0z2no1voft4","operationId":"mnjc88z9ptbyn9c","previousOperationId":"6ijeihkhnzngqr6"}
{"type":"log","timestamp":1705348033150,"level":"debug","message":"Executing recipe chrome-pdf","meta":{"rootId":"vs7nhdtap82wn5y","id":"vs7nhdtap82wn5y"},"id":"77xmb25ohi55611","previousOperationId":"mnjc88z9ptbyn9c"}
{"type":"log","timestamp":1705348033152,"level":"debug","message":"Converting with chrome HeadlessChrome/117.0.5938.149 using chrome-pool strategy","meta":{"rootId":"vs7nhdtap82wn5y","id":"vs7nhdtap82wn5y"},"id":"fsu9u83c84lz9mi","previousOperationId":"mnjc88z9ptbyn9c"}
{"type":"log","timestamp":1705348033214,"level":"debug","message":"Page request: GET (document) file:///var/folders/tp/6hccbwhd41s4hkmxw_2wkz640000gn/T/jsreport/autocleanup/b4a44918-2daa-45cf-bd6c-bb307f72b7e0-chrome-pdf.html","meta":{"rootId":"vs7nhdtap82wn5y","id":"vs7nhdtap82wn5y"},"id":"77i772yuyy1u62g","previousOperationId":"mnjc88z9ptbyn9c"}
{"type":"log","timestamp":1705348033221,"level":"debug","message":"Page request: GET (stylesheet) https://cdnjs.cloudflare.com/ajax/libs/metro/4.1.5/css/metro.min.css","meta":{"rootId":"vs7nhdtap82wn5y","id":"vs7nhdtap82wn5y"},"id":"k8y1pqdcub8ziwf","previousOperationId":"mnjc88z9ptbyn9c"}
{"type":"log","timestamp":1705348033221,"level":"debug","message":"Page request: GET (script) https://cdnjs.cloudflare.com/ajax/libs/Chart.js/2.7.2/Chart.min.js","meta":{"rootId":"vs7nhdtap82wn5y","id":"vs7nhdtap82wn5y"},"id":"tvvld6ff0bp9shs","previousOperationId":"mnjc88z9ptbyn9c"}
{"type":"log","timestamp":1705348033221,"level":"debug","message":"Page request finished: GET (document) 200 file:///var/folders/tp/6hccbwhd41s4hkmxw_2wkz640000gn/T/jsreport/autocleanup/b4a44918-2daa-45cf-bd6c-bb307f72b7e0-chrome-pdf.html","meta":{"rootId":"vs7nhdtap82wn5y","id":"vs7nhdtap82wn5y"},"id":"7oqu00ncjarp35w","previousOperationId":"mnjc88z9ptbyn9c"}
{"type":"log","timestamp":1705348033230,"level":"debug","message":"Page request finished: GET (stylesheet) 200 https://cdnjs.cloudflare.com/ajax/libs/metro/4.1.5/css/metro.min.css","meta":{"rootId":"vs7nhdtap82wn5y","id":"vs7nhdtap82wn5y"},"id":"gilsnppdw1hajut","previousOperationId":"mnjc88z9ptbyn9c"}
{"type":"log","timestamp":1705348033230,"level":"debug","message":"Page request finished: GET (script) 200 https://cdnjs.cloudflare.com/ajax/libs/Chart.js/2.7.2/Chart.min.js","meta":{"rootId":"vs7nhdtap82wn5y","id":"vs7nhdtap82wn5y"},"id":"meeyj1sc4arp4ao","previousOperationId":"mnjc88z9ptbyn9c"}
{"type":"log","timestamp":1705348033235,"level":"debug","message":"Running chrome with params {\"printBackground\":true,\"timeout\":59978,\"margin\":{}}","meta":{"rootId":"vs7nhdtap82wn5y","id":"vs7nhdtap82wn5y"},"id":"1mcvmn6iz0zuq9y","previousOperationId":"mnjc88z9ptbyn9c"}
{"type":"operationEnd","operationId":"mnjc88z9ptbyn9c","timestamp":1705348033246,"id":"jtw1qbwetcvlo9y","previousEventId":"x9mezewxz968qh4","previousOperationId":"mnjc88z9ptbyn9c"}
{"type":"log","timestamp":1705348033246,"level":"debug","message":"Skipping storing report.","meta":{"rootId":"vs7nhdtap82wn5y","id":"vs7nhdtap82wn5y"},"id":"vcmmwnyng4cjnh5","previousOperationId":"mnjc88z9ptbyn9c"}
{"type":"log","timestamp":1705348033246,"level":"info","message":"Rendering request 13 finished in 117 ms","meta":{"rootId":"vs7nhdtap82wn5y","id":"vs7nhdtap82wn5y"},"id":"8ieqjf23mi6znvg","previousOperationId":"mnjc88z9ptbyn9c"}
{"type":"operationEnd","subtype":"render","operationId":"xb041x9tnrmwjl9","timestamp":1705348033246,"id":"79la0ca9llutarb","previousEventId":"jtw1qbwetcvlo9y","previousOperationId":"mnjc88z9ptbyn9c"}
{"type":"operationEnd","doDiffs":false,"previousEventId":"gkxrkbdnqtmzcsf","previousOperationId":"6tm7izp282nqmry","operationId":"6tm7izp282nqmry","timestamp":1705348033249,"id":"2z2drqikzumz5v9"}
