{"type":"operationStart","subtype":"profile","data":{"_id":"iwFUQKzFYWkh2lQ9","timestamp":"2024-01-15T20:00:42.729Z","state":"queued","mode":"standard","creationDate":"2024-01-15T20:00:42.730Z","modificationDate":"2024-01-15T20:00:42.730Z","shortid":"Lo712vh","$entitySet":"profiles"},"doDiffs":false,"timestamp":1705348842729,"id":"vkt5d5qr2wrcs8b","previousOperationId":null,"operationId":"lvx0938ke9mx3kw"}
{"type":"log","level":"info","message":"Render request 28 queued for execution and waiting for available worker","previousOperationId":"lvx0938ke9mx3kw","timestamp":1705348842729,"id":"q9xzolcqg208sp8"}
{"type":"operationStart","subtype":"render","name":"mitca","previousOperationId":"lvx0938ke9mx3kw","timestamp":1705348842740,"id":"8xf71t3utwtow1b","previousEventId":"vkt5d5qr2wrcs8b","operationId":"lmzpc28u9g11e9m"}
{"type":"log","timestamp":1705348842741,"level":"info","message":"Starting rendering request 28","meta":{"rootId":"x2znb8ibe45gpxi","id":"x2znb8ibe45gpxi"},"id":"onlxy1dnylzukl1","previousOperationId":"lmzpc28u9g11e9m"}
{"type":"log","timestamp":1705348842741,"level":"info","message":"Rendering template { name: mitca, recipe: chrome-pdf, engine: handlebars, preview: true }","meta":{"rootId":"x2znb8ibe45gpxi","id":"x2znb8ibe45gpxi"},"id":"etwifk9cqu9zbx8","previousOperationId":"lmzpc28u9g11e9m"}
{"type":"log","timestamp":1705348842742,"level":"debug","message":"Data item not defined for this template.","meta":{"rootId":"x2znb8ibe45gpxi","id":"x2znb8ibe45gpxi"},"id":"5uirpgmoczxhb9x","previousOperationId":"lmzpc28u9g11e9m"}
{"type":"log","timestamp":1705348842743,"level":"debug","message":"Base url not specified, skipping its injection.","meta":{"rootId":"x2znb8ibe45gpxi","id":"x2znb8ibe45gpxi"},"id":"sbm7pdxmlv0n4pe","previousOperationId":"lmzpc28u9g11e9m"}
{"type":"operationStart","subtype":"engine","name":"handlebars","timestamp":1705348842743,"id":"k44ajza50nk29g0","previousEventId":"8xf71t3utwtow1b","operationId":"gccijlwbf546386","previousOperationId":"lmzpc28u9g11e9m"}
{"type":"log","timestamp":1705348842743,"level":"debug","message":"Rendering engine handlebars","meta":{"rootId":"x2znb8ibe45gpxi","id":"x2znb8ibe45gpxi"},"id":"yrab0me9cujg4iz","previousOperationId":"gccijlwbf546386"}
{"type":"operationEnd","operationId":"gccijlwbf546386","timestamp":1705348842752,"id":"8ko443ryhtgj2uk","previousEventId":"k44ajza50nk29g0","previousOperationId":"gccijlwbf546386"}
{"type":"operationStart","subtype":"recipe","name":"chrome-pdf","timestamp":1705348842752,"id":"7985nmecocg1mce","previousEventId":"8ko443ryhtgj2uk","operationId":"cx7t8af5we6plfq","previousOperationId":"gccijlwbf546386"}
{"type":"log","timestamp":1705348842752,"level":"debug","message":"Executing recipe chrome-pdf","meta":{"rootId":"x2znb8ibe45gpxi","id":"x2znb8ibe45gpxi"},"id":"cu9et522of9to6n","previousOperationId":"cx7t8af5we6plfq"}
{"type":"log","timestamp":1705348842754,"level":"debug","message":"Converting with chrome HeadlessChrome/117.0.5938.149 using chrome-pool strategy","meta":{"rootId":"x2znb8ibe45gpxi","id":"x2znb8ibe45gpxi"},"id":"x51zkj5ypxvmazf","previousOperationId":"cx7t8af5we6plfq"}
{"type":"log","timestamp":1705348842825,"level":"debug","message":"Page request: GET (document) file:///var/folders/tp/6hccbwhd41s4hkmxw_2wkz640000gn/T/jsreport/autocleanup/4e1403c6-d06e-44b9-abe9-0c3e756723eb-chrome-pdf.html","meta":{"rootId":"x2znb8ibe45gpxi","id":"x2znb8ibe45gpxi"},"id":"zzzhxe0ba4e7kde","previousOperationId":"cx7t8af5we6plfq"}
{"type":"log","timestamp":1705348842830,"level":"debug","message":"Page request: GET (stylesheet) https://cdnjs.cloudflare.com/ajax/libs/metro/4.1.5/css/metro.min.css","meta":{"rootId":"x2znb8ibe45gpxi","id":"x2znb8ibe45gpxi"},"id":"lsdpxfqozl7za6i","previousOperationId":"cx7t8af5we6plfq"}
{"type":"log","timestamp":1705348842830,"level":"debug","message":"Page request: GET (script) https://cdnjs.cloudflare.com/ajax/libs/Chart.js/2.7.2/Chart.min.js","meta":{"rootId":"x2znb8ibe45gpxi","id":"x2znb8ibe45gpxi"},"id":"18qxrndz9jvqzww","previousOperationId":"cx7t8af5we6plfq"}
{"type":"log","timestamp":1705348842830,"level":"debug","message":"Page request finished: GET (document) 200 file:///var/folders/tp/6hccbwhd41s4hkmxw_2wkz640000gn/T/jsreport/autocleanup/4e1403c6-d06e-44b9-abe9-0c3e756723eb-chrome-pdf.html","meta":{"rootId":"x2znb8ibe45gpxi","id":"x2znb8ibe45gpxi"},"id":"bkd3an9hsorxw2w","previousOperationId":"cx7t8af5we6plfq"}
{"type":"log","timestamp":1705348842838,"level":"debug","message":"Page request finished: GET (stylesheet) 200 https://cdnjs.cloudflare.com/ajax/libs/metro/4.1.5/css/metro.min.css","meta":{"rootId":"x2znb8ibe45gpxi","id":"x2znb8ibe45gpxi"},"id":"dj0q0lvk5nmm3c0","previousOperationId":"cx7t8af5we6plfq"}
{"type":"log","timestamp":1705348842838,"level":"debug","message":"Page request finished: GET (script) 200 https://cdnjs.cloudflare.com/ajax/libs/Chart.js/2.7.2/Chart.min.js","meta":{"rootId":"x2znb8ibe45gpxi","id":"x2znb8ibe45gpxi"},"id":"zfogtk7hu4ryw22","previousOperationId":"cx7t8af5we6plfq"}
{"type":"log","timestamp":1705348842842,"level":"debug","message":"Running chrome with params {\"printBackground\":true,\"timeout\":59975,\"margin\":{}}","meta":{"rootId":"x2znb8ibe45gpxi","id":"x2znb8ibe45gpxi"},"id":"s3o99bsml9lymdk","previousOperationId":"cx7t8af5we6plfq"}
{"type":"operationEnd","operationId":"cx7t8af5we6plfq","timestamp":1705348842850,"id":"o8kq9ntafx4cbro","previousEventId":"7985nmecocg1mce","previousOperationId":"cx7t8af5we6plfq"}
{"type":"log","timestamp":1705348842850,"level":"debug","message":"Skipping storing report.","meta":{"rootId":"x2znb8ibe45gpxi","id":"x2znb8ibe45gpxi"},"id":"nhdcd8ml8ezdu7c","previousOperationId":"cx7t8af5we6plfq"}
{"type":"log","timestamp":1705348842850,"level":"info","message":"Rendering request 28 finished in 122 ms","meta":{"rootId":"x2znb8ibe45gpxi","id":"x2znb8ibe45gpxi"},"id":"hckuh1el0q8i4vb","previousOperationId":"cx7t8af5we6plfq"}
{"type":"operationEnd","subtype":"render","operationId":"lmzpc28u9g11e9m","timestamp":1705348842850,"id":"11nomf8vxgh741d","previousEventId":"o8kq9ntafx4cbro","previousOperationId":"cx7t8af5we6plfq"}
{"type":"operationEnd","doDiffs":false,"previousEventId":"vkt5d5qr2wrcs8b","previousOperationId":"lvx0938ke9mx3kw","operationId":"lvx0938ke9mx3kw","timestamp":1705348842851,"id":"qu65ycogmen8mww"}
