{"type":"operationStart","subtype":"profile","data":{"_id":"MoRzGb7px6d9BGLP","timestamp":"2024-01-15T19:48:39.265Z","state":"queued","mode":"standard","creationDate":"2024-01-15T19:48:39.266Z","modificationDate":"2024-01-15T19:48:39.266Z","shortid":"XeVWV4F","$entitySet":"profiles"},"doDiffs":false,"timestamp":1705348119265,"id":"wzuknkgubf1bai2","previousOperationId":null,"operationId":"ehk54kbmd3j74rf"}
{"type":"log","level":"info","message":"Render request 16 queued for execution and waiting for available worker","previousOperationId":"ehk54kbmd3j74rf","timestamp":1705348119265,"id":"0mwlvwi055uu1sf"}
{"type":"operationStart","subtype":"render","name":"mitca","previousOperationId":"ehk54kbmd3j74rf","timestamp":1705348119273,"id":"lm3qdhvn5swjejd","previousEventId":"wzuknkgubf1bai2","operationId":"w5g97d6cvxp3xz1"}
{"type":"log","timestamp":1705348119273,"level":"info","message":"Starting rendering request 16","meta":{"rootId":"yn15qtq5dw3lbje","id":"yn15qtq5dw3lbje"},"id":"t8k3ixc0la0a82k","previousOperationId":"w5g97d6cvxp3xz1"}
{"type":"log","timestamp":1705348119273,"level":"info","message":"Rendering template { name: mitca, recipe: chrome-pdf, engine: handlebars, preview: true }","meta":{"rootId":"yn15qtq5dw3lbje","id":"yn15qtq5dw3lbje"},"id":"e196p2xjhnwvhh3","previousOperationId":"w5g97d6cvxp3xz1"}
{"type":"log","timestamp":1705348119274,"level":"debug","message":"Data item not defined for this template.","meta":{"rootId":"yn15qtq5dw3lbje","id":"yn15qtq5dw3lbje"},"id":"kga34vdebjonaol","previousOperationId":"w5g97d6cvxp3xz1"}
{"type":"log","timestamp":1705348119276,"level":"debug","message":"Base url not specified, skipping its injection.","meta":{"rootId":"yn15qtq5dw3lbje","id":"yn15qtq5dw3lbje"},"id":"qdxyzsrbrv0t9oo","previousOperationId":"w5g97d6cvxp3xz1"}
{"type":"operationStart","subtype":"engine","name":"handlebars","timestamp":1705348119277,"id":"f9w2tj9av4ujk2c","previousEventId":"lm3qdhvn5swjejd","operationId":"celyt0fbht25sg6","previousOperationId":"w5g97d6cvxp3xz1"}
{"type":"log","timestamp":1705348119277,"level":"debug","message":"Rendering engine handlebars","meta":{"rootId":"yn15qtq5dw3lbje","id":"yn15qtq5dw3lbje"},"id":"8i0g31savxojc3b","previousOperationId":"celyt0fbht25sg6"}
{"type":"operationEnd","operationId":"celyt0fbht25sg6","timestamp":1705348119293,"id":"0m7xu9v0aqmpfmx","previousEventId":"f9w2tj9av4ujk2c","previousOperationId":"celyt0fbht25sg6"}
{"type":"operationStart","subtype":"recipe","name":"chrome-pdf","timestamp":1705348119293,"id":"903jue2xh7uvrts","previousEventId":"0m7xu9v0aqmpfmx","operationId":"zgtow9f15umazd9","previousOperationId":"celyt0fbht25sg6"}
{"type":"log","timestamp":1705348119293,"level":"debug","message":"Executing recipe chrome-pdf","meta":{"rootId":"yn15qtq5dw3lbje","id":"yn15qtq5dw3lbje"},"id":"2zuasse6kjriu8z","previousOperationId":"zgtow9f15umazd9"}
{"type":"log","timestamp":1705348119294,"level":"debug","message":"Converting with chrome HeadlessChrome/117.0.5938.149 using chrome-pool strategy","meta":{"rootId":"yn15qtq5dw3lbje","id":"yn15qtq5dw3lbje"},"id":"b6ntjq4enyu1pnz","previousOperationId":"zgtow9f15umazd9"}
{"type":"log","timestamp":1705348119343,"level":"debug","message":"Page request: GET (document) file:///var/folders/tp/6hccbwhd41s4hkmxw_2wkz640000gn/T/jsreport/autocleanup/799ea9e0-c948-4474-8395-81e74b7d07bb-chrome-pdf.html","meta":{"rootId":"yn15qtq5dw3lbje","id":"yn15qtq5dw3lbje"},"id":"sfoha4mvag8d9ot","previousOperationId":"zgtow9f15umazd9"}
{"type":"log","timestamp":1705348119348,"level":"debug","message":"Page request: GET (stylesheet) https://cdnjs.cloudflare.com/ajax/libs/metro/4.1.5/css/metro.min.css","meta":{"rootId":"yn15qtq5dw3lbje","id":"yn15qtq5dw3lbje"},"id":"0xi2npw016jdlvl","previousOperationId":"zgtow9f15umazd9"}
{"type":"log","timestamp":1705348119349,"level":"debug","message":"Page request: GET (script) https://cdnjs.cloudflare.com/ajax/libs/Chart.js/2.7.2/Chart.min.js","meta":{"rootId":"yn15qtq5dw3lbje","id":"yn15qtq5dw3lbje"},"id":"nkgmj7veebqhwjt","previousOperationId":"zgtow9f15umazd9"}
{"type":"log","timestamp":1705348119349,"level":"debug","message":"Page request finished: GET (document) 200 file:///var/folders/tp/6hccbwhd41s4hkmxw_2wkz640000gn/T/jsreport/autocleanup/799ea9e0-c948-4474-8395-81e74b7d07bb-chrome-pdf.html","meta":{"rootId":"yn15qtq5dw3lbje","id":"yn15qtq5dw3lbje"},"id":"vriv7jub9378ng5","previousOperationId":"zgtow9f15umazd9"}
{"type":"log","timestamp":1705348119357,"level":"debug","message":"Page request finished: GET (stylesheet) 200 https://cdnjs.cloudflare.com/ajax/libs/metro/4.1.5/css/metro.min.css","meta":{"rootId":"yn15qtq5dw3lbje","id":"yn15qtq5dw3lbje"},"id":"udgnpzwno23ssmn","previousOperationId":"zgtow9f15umazd9"}
{"type":"log","timestamp":1705348119357,"level":"debug","message":"Page request finished: GET (script) 200 https://cdnjs.cloudflare.com/ajax/libs/Chart.js/2.7.2/Chart.min.js","meta":{"rootId":"yn15qtq5dw3lbje","id":"yn15qtq5dw3lbje"},"id":"8re91qpulh1ds8w","previousOperationId":"zgtow9f15umazd9"}
{"type":"log","timestamp":1705348119361,"level":"debug","message":"Running chrome with params {\"printBackground\":true,\"timeout\":59971,\"margin\":{}}","meta":{"rootId":"yn15qtq5dw3lbje","id":"yn15qtq5dw3lbje"},"id":"g2kea287hk6dl6l","previousOperationId":"zgtow9f15umazd9"}
{"type":"operationEnd","operationId":"zgtow9f15umazd9","timestamp":1705348119371,"id":"d8gmz7wevr8rbh3","previousEventId":"903jue2xh7uvrts","previousOperationId":"zgtow9f15umazd9"}
{"type":"log","timestamp":1705348119371,"level":"debug","message":"Skipping storing report.","meta":{"rootId":"yn15qtq5dw3lbje","id":"yn15qtq5dw3lbje"},"id":"ljg4i1m4elgitbw","previousOperationId":"zgtow9f15umazd9"}
{"type":"log","timestamp":1705348119372,"level":"info","message":"Rendering request 16 finished in 107 ms","meta":{"rootId":"yn15qtq5dw3lbje","id":"yn15qtq5dw3lbje"},"id":"wxqgc63xs4tvsot","previousOperationId":"zgtow9f15umazd9"}
{"type":"operationEnd","subtype":"render","operationId":"w5g97d6cvxp3xz1","timestamp":1705348119372,"id":"gm6esv06887kntl","previousEventId":"d8gmz7wevr8rbh3","previousOperationId":"zgtow9f15umazd9"}
{"type":"operationEnd","doDiffs":false,"previousEventId":"wzuknkgubf1bai2","previousOperationId":"ehk54kbmd3j74rf","operationId":"ehk54kbmd3j74rf","timestamp":1705348119375,"id":"5a0291497po8jjr"}
