{"type":"operationStart","subtype":"profile","data":{"_id":"yQzANmhIfKLIIthq","timestamp":"2024-01-15T19:36:16.447Z","state":"queued","mode":"standard","creationDate":"2024-01-15T19:36:16.449Z","modificationDate":"2024-01-15T19:36:16.449Z","shortid":"szfAPK0","$entitySet":"profiles"},"doDiffs":false,"timestamp":1705347376448,"id":"yb8jl63zhvxdtd5","previousOperationId":null,"operationId":"tqumaizheldnfa8"}
{"type":"log","level":"info","message":"Render request 3 queued for execution and waiting for available worker","previousOperationId":"tqumaizheldnfa8","timestamp":1705347376448,"id":"p5ys42vk0ojrnj6"}
{"type":"operationStart","subtype":"render","name":"mitca","previousOperationId":"tqumaizheldnfa8","timestamp":1705347376457,"id":"oajq5oedq7o062r","previousEventId":"yb8jl63zhvxdtd5","operationId":"lw8arywvv60abjl"}
{"type":"log","timestamp":1705347376457,"level":"info","message":"Starting rendering request 3","meta":{"rootId":"yzo7db47rlkw2i4","id":"yzo7db47rlkw2i4"},"id":"1k5ks5ivygixnse","previousOperationId":"lw8arywvv60abjl"}
{"type":"log","timestamp":1705347376458,"level":"info","message":"Rendering template { name: mitca, recipe: chrome-pdf, engine: handlebars, preview: true }","meta":{"rootId":"yzo7db47rlkw2i4","id":"yzo7db47rlkw2i4"},"id":"ver86q3zez4b117","previousOperationId":"lw8arywvv60abjl"}
{"type":"log","timestamp":1705347376459,"level":"debug","message":"Data item not defined for this template.","meta":{"rootId":"yzo7db47rlkw2i4","id":"yzo7db47rlkw2i4"},"id":"yuq5ttztvgd9hla","previousOperationId":"lw8arywvv60abjl"}
{"type":"log","timestamp":1705347376461,"level":"debug","message":"Base url not specified, skipping its injection.","meta":{"rootId":"yzo7db47rlkw2i4","id":"yzo7db47rlkw2i4"},"id":"hfp1v417dw78nbt","previousOperationId":"lw8arywvv60abjl"}
{"type":"operationStart","subtype":"engine","name":"handlebars","timestamp":1705347376462,"id":"byuwlz0m7p8jgtv","previousEventId":"oajq5oedq7o062r","operationId":"a6arduvaqs2c0q0","previousOperationId":"lw8arywvv60abjl"}
{"type":"log","timestamp":1705347376462,"level":"debug","message":"Rendering engine handlebars","meta":{"rootId":"yzo7db47rlkw2i4","id":"yzo7db47rlkw2i4"},"id":"qpzjnco66nl1fbo","previousOperationId":"a6arduvaqs2c0q0"}
{"type":"operationEnd","operationId":"a6arduvaqs2c0q0","timestamp":1705347376472,"id":"lnv8gkx42m690xq","previousEventId":"byuwlz0m7p8jgtv","previousOperationId":"a6arduvaqs2c0q0"}
{"type":"operationStart","subtype":"recipe","name":"chrome-pdf","timestamp":1705347376473,"id":"2lvr6c5sj81s9ap","previousEventId":"lnv8gkx42m690xq","operationId":"9l4s7kdw2rre916","previousOperationId":"a6arduvaqs2c0q0"}
{"type":"log","timestamp":1705347376473,"level":"debug","message":"Executing recipe chrome-pdf","meta":{"rootId":"yzo7db47rlkw2i4","id":"yzo7db47rlkw2i4"},"id":"uvd76fngxq6mhll","previousOperationId":"9l4s7kdw2rre916"}
{"type":"log","timestamp":1705347376476,"level":"debug","message":"Converting with chrome HeadlessChrome/117.0.5938.149 using chrome-pool strategy","meta":{"rootId":"yzo7db47rlkw2i4","id":"yzo7db47rlkw2i4"},"id":"3v8mum8yyzxmwww","previousOperationId":"9l4s7kdw2rre916"}
{"type":"log","timestamp":1705347376539,"level":"debug","message":"Page request: GET (document) file:///var/folders/tp/6hccbwhd41s4hkmxw_2wkz640000gn/T/jsreport/autocleanup/57ceac49-2fd0-498b-af18-528414d0b9b7-chrome-pdf.html","meta":{"rootId":"yzo7db47rlkw2i4","id":"yzo7db47rlkw2i4"},"id":"gqghekxslqywjhe","previousOperationId":"9l4s7kdw2rre916"}
{"type":"log","timestamp":1705347376545,"level":"debug","message":"Page request: GET (stylesheet) https://cdnjs.cloudflare.com/ajax/libs/metro/4.1.5/css/metro.min.css","meta":{"rootId":"yzo7db47rlkw2i4","id":"yzo7db47rlkw2i4"},"id":"269a58ivxafjdqu","previousOperationId":"9l4s7kdw2rre916"}
{"type":"log","timestamp":1705347376545,"level":"debug","message":"Page request: GET (script) https://cdnjs.cloudflare.com/ajax/libs/Chart.js/2.7.2/Chart.min.js","meta":{"rootId":"yzo7db47rlkw2i4","id":"yzo7db47rlkw2i4"},"id":"zq0zkgbbshp4wcp","previousOperationId":"9l4s7kdw2rre916"}
{"type":"log","timestamp":1705347376545,"level":"debug","message":"Page request finished: GET (document) 200 file:///var/folders/tp/6hccbwhd41s4hkmxw_2wkz640000gn/T/jsreport/autocleanup/57ceac49-2fd0-498b-af18-528414d0b9b7-chrome-pdf.html","meta":{"rootId":"yzo7db47rlkw2i4","id":"yzo7db47rlkw2i4"},"id":"yuidz951yw3cw9y","previousOperationId":"9l4s7kdw2rre916"}
{"type":"log","timestamp":1705347376553,"level":"debug","message":"Page request finished: GET (stylesheet) 200 https://cdnjs.cloudflare.com/ajax/libs/metro/4.1.5/css/metro.min.css","meta":{"rootId":"yzo7db47rlkw2i4","id":"yzo7db47rlkw2i4"},"id":"v92209n02ax4quo","previousOperationId":"9l4s7kdw2rre916"}
{"type":"log","timestamp":1705347376553,"level":"debug","message":"Page request finished: GET (script) 200 https://cdnjs.cloudflare.com/ajax/libs/Chart.js/2.7.2/Chart.min.js","meta":{"rootId":"yzo7db47rlkw2i4","id":"yzo7db47rlkw2i4"},"id":"zty5r2ddn3847tr","previousOperationId":"9l4s7kdw2rre916"}
{"type":"log","timestamp":1705347376561,"level":"debug","message":"Running chrome with params {\"printBackground\":true,\"timeout\":59973,\"margin\":{}}","meta":{"rootId":"yzo7db47rlkw2i4","id":"yzo7db47rlkw2i4"},"id":"vfs0rt7kuhxki1q","previousOperationId":"9l4s7kdw2rre916"}
{"type":"operationEnd","operationId":"9l4s7kdw2rre916","timestamp":1705347376569,"id":"ilamd869ozakupz","previousEventId":"2lvr6c5sj81s9ap","previousOperationId":"9l4s7kdw2rre916"}
{"type":"log","timestamp":1705347376569,"level":"debug","message":"Skipping storing report.","meta":{"rootId":"yzo7db47rlkw2i4","id":"yzo7db47rlkw2i4"},"id":"hymns2yfn9dvrwc","previousOperationId":"9l4s7kdw2rre916"}
{"type":"log","timestamp":1705347376569,"level":"info","message":"Rendering request 3 finished in 122 ms","meta":{"rootId":"yzo7db47rlkw2i4","id":"yzo7db47rlkw2i4"},"id":"dueeo0h0uvfxymx","previousOperationId":"9l4s7kdw2rre916"}
{"type":"operationEnd","subtype":"render","operationId":"lw8arywvv60abjl","timestamp":1705347376569,"id":"bh490hidai4mszj","previousEventId":"ilamd869ozakupz","previousOperationId":"9l4s7kdw2rre916"}
{"type":"operationEnd","doDiffs":false,"previousEventId":"yb8jl63zhvxdtd5","previousOperationId":"tqumaizheldnfa8","operationId":"tqumaizheldnfa8","timestamp":1705347376571,"id":"lk7afwi1enztcrk"}
