{"type":"operationStart","subtype":"profile","data":{"_id":"uUKcpvdWCPZmgRQP","timestamp":"2024-01-15T19:48:09.180Z","state":"queued","mode":"standard","creationDate":"2024-01-15T19:48:09.182Z","modificationDate":"2024-01-15T19:48:09.182Z","shortid":"upX0zZ_","$entitySet":"profiles"},"doDiffs":false,"timestamp":1705348089181,"id":"ein1odswa0ixd5y","previousOperationId":null,"operationId":"etby44lhci3wepz"}
{"type":"log","level":"info","message":"Render request 15 queued for execution and waiting for available worker","previousOperationId":"etby44lhci3wepz","timestamp":1705348089181,"id":"9ai3bksbfv5v7gh"}
{"type":"operationStart","subtype":"render","name":"mitca","previousOperationId":"etby44lhci3wepz","timestamp":1705348089193,"id":"4dr38kfd9gbnpu5","previousEventId":"ein1odswa0ixd5y","operationId":"sqk2yhg49c3u2o2"}
{"type":"log","timestamp":1705348089194,"level":"info","message":"Starting rendering request 15","meta":{"rootId":"zu8pz2mu7ej1knh","id":"zu8pz2mu7ej1knh"},"id":"99xf3hmnnjgkcwx","previousOperationId":"sqk2yhg49c3u2o2"}
{"type":"log","timestamp":1705348089194,"level":"info","message":"Rendering template { name: mitca, recipe: chrome-pdf, engine: handlebars, preview: true }","meta":{"rootId":"zu8pz2mu7ej1knh","id":"zu8pz2mu7ej1knh"},"id":"7z4ncg2vb807uyq","previousOperationId":"sqk2yhg49c3u2o2"}
{"type":"log","timestamp":1705348089196,"level":"debug","message":"Data item not defined for this template.","meta":{"rootId":"zu8pz2mu7ej1knh","id":"zu8pz2mu7ej1knh"},"id":"nm3lzwikrry2s80","previousOperationId":"sqk2yhg49c3u2o2"}
{"type":"log","timestamp":1705348089197,"level":"debug","message":"Base url not specified, skipping its injection.","meta":{"rootId":"zu8pz2mu7ej1knh","id":"zu8pz2mu7ej1knh"},"id":"ijr7yjpr7oordqr","previousOperationId":"sqk2yhg49c3u2o2"}
{"type":"operationStart","subtype":"engine","name":"handlebars","timestamp":1705348089198,"id":"768d8oit8elgo48","previousEventId":"4dr38kfd9gbnpu5","operationId":"uam8vjkqhxi1jyy","previousOperationId":"sqk2yhg49c3u2o2"}
{"type":"log","timestamp":1705348089198,"level":"debug","message":"Rendering engine handlebars","meta":{"rootId":"zu8pz2mu7ej1knh","id":"zu8pz2mu7ej1knh"},"id":"zo2y1agpfjkv63i","previousOperationId":"uam8vjkqhxi1jyy"}
{"type":"operationEnd","operationId":"uam8vjkqhxi1jyy","timestamp":1705348089209,"id":"vhnbvd4jul88ltr","previousEventId":"768d8oit8elgo48","previousOperationId":"uam8vjkqhxi1jyy"}
{"type":"operationStart","subtype":"recipe","name":"chrome-pdf","timestamp":1705348089209,"id":"hnfq6e8qitlo3ae","previousEventId":"vhnbvd4jul88ltr","operationId":"ynulpqzkrmupk97","previousOperationId":"uam8vjkqhxi1jyy"}
{"type":"log","timestamp":1705348089209,"level":"debug","message":"Executing recipe chrome-pdf","meta":{"rootId":"zu8pz2mu7ej1knh","id":"zu8pz2mu7ej1knh"},"id":"tx421lppgf366ok","previousOperationId":"ynulpqzkrmupk97"}
{"type":"log","timestamp":1705348089211,"level":"debug","message":"Converting with chrome HeadlessChrome/117.0.5938.149 using chrome-pool strategy","meta":{"rootId":"zu8pz2mu7ej1knh","id":"zu8pz2mu7ej1knh"},"id":"nofrbjtlw0mq8gh","previousOperationId":"ynulpqzkrmupk97"}
{"type":"log","timestamp":1705348089266,"level":"debug","message":"Page request: GET (document) file:///var/folders/tp/6hccbwhd41s4hkmxw_2wkz640000gn/T/jsreport/autocleanup/3d3a8aa7-9ab1-40d6-9aec-f99b2a89050c-chrome-pdf.html","meta":{"rootId":"zu8pz2mu7ej1knh","id":"zu8pz2mu7ej1knh"},"id":"1e6ch39uq1ssjh2","previousOperationId":"ynulpqzkrmupk97"}
{"type":"log","timestamp":1705348089273,"level":"debug","message":"Page request: GET (stylesheet) https://cdnjs.cloudflare.com/ajax/libs/metro/4.1.5/css/metro.min.css","meta":{"rootId":"zu8pz2mu7ej1knh","id":"zu8pz2mu7ej1knh"},"id":"rh17vi5nl765nmf","previousOperationId":"ynulpqzkrmupk97"}
{"type":"log","timestamp":1705348089274,"level":"debug","message":"Page request: GET (script) https://cdnjs.cloudflare.com/ajax/libs/Chart.js/2.7.2/Chart.min.js","meta":{"rootId":"zu8pz2mu7ej1knh","id":"zu8pz2mu7ej1knh"},"id":"8p6woupzs99kmlq","previousOperationId":"ynulpqzkrmupk97"}
{"type":"log","timestamp":1705348089274,"level":"debug","message":"Page request finished: GET (document) 200 file:///var/folders/tp/6hccbwhd41s4hkmxw_2wkz640000gn/T/jsreport/autocleanup/3d3a8aa7-9ab1-40d6-9aec-f99b2a89050c-chrome-pdf.html","meta":{"rootId":"zu8pz2mu7ej1knh","id":"zu8pz2mu7ej1knh"},"id":"t2uftt5sjudk5e3","previousOperationId":"ynulpqzkrmupk97"}
{"type":"log","timestamp":1705348089277,"level":"debug","message":"Page request finished: GET (script) 200 https://cdnjs.cloudflare.com/ajax/libs/Chart.js/2.7.2/Chart.min.js","meta":{"rootId":"zu8pz2mu7ej1knh","id":"zu8pz2mu7ej1knh"},"id":"5nfcehle3i5vcgk","previousOperationId":"ynulpqzkrmupk97"}
{"type":"log","timestamp":1705348089283,"level":"debug","message":"Page request finished: GET (stylesheet) 200 https://cdnjs.cloudflare.com/ajax/libs/metro/4.1.5/css/metro.min.css","meta":{"rootId":"zu8pz2mu7ej1knh","id":"zu8pz2mu7ej1knh"},"id":"zu8c8l9d7g4tyml","previousOperationId":"ynulpqzkrmupk97"}
{"type":"log","timestamp":1705348089290,"level":"debug","message":"Running chrome with params {\"printBackground\":true,\"timeout\":59970,\"margin\":{}}","meta":{"rootId":"zu8pz2mu7ej1knh","id":"zu8pz2mu7ej1knh"},"id":"mdytnjcy4x9pu2z","previousOperationId":"ynulpqzkrmupk97"}
{"type":"operationEnd","operationId":"ynulpqzkrmupk97","timestamp":1705348089304,"id":"ukh1kju1a9einiq","previousEventId":"hnfq6e8qitlo3ae","previousOperationId":"ynulpqzkrmupk97"}
{"type":"log","timestamp":1705348089304,"level":"debug","message":"Skipping storing report.","meta":{"rootId":"zu8pz2mu7ej1knh","id":"zu8pz2mu7ej1knh"},"id":"8nm28tucayxe9i8","previousOperationId":"ynulpqzkrmupk97"}
{"type":"log","timestamp":1705348089304,"level":"info","message":"Rendering request 15 finished in 124 ms","meta":{"rootId":"zu8pz2mu7ej1knh","id":"zu8pz2mu7ej1knh"},"id":"a5de8ddzi6v8gsu","previousOperationId":"ynulpqzkrmupk97"}
{"type":"operationEnd","subtype":"render","operationId":"sqk2yhg49c3u2o2","timestamp":1705348089304,"id":"h2shap0dm9u011x","previousEventId":"ukh1kju1a9einiq","previousOperationId":"ynulpqzkrmupk97"}
{"type":"operationEnd","doDiffs":false,"previousEventId":"ein1odswa0ixd5y","previousOperationId":"etby44lhci3wepz","operationId":"etby44lhci3wepz","timestamp":1705348089306,"id":"eveyv2vusua3pg0"}
